#
# There is insufficient memory for the Java Runtime Environment to continue.
# Native memory allocation (malloc) failed to allocate 32744 bytes for ChunkPool::allocate
# Possible reasons:
#   The system is out of physical RAM or swap space
#   The process is running with CompressedOops enabled, and the Java Heap may be blocking the growth of the native heap
# Possible solutions:
#   Reduce memory load on the system
#   Increase physical memory or swap space
#   Check if swap backing store is full
#   Decrease Java heap size (-Xmx/-Xms)
#   Decrease number of Java threads
#   Decrease Java thread stack sizes (-Xss)
#   Set larger code cache with -XX:ReservedCodeCacheSize=
#   JVM is running with Zero Based Compressed Oops mode in which the Java heap is
#     placed in the first 32GB address space. The Java Heap base address is the
#     maximum limit for the native heap growth. Please use -XX:HeapBaseMinAddress
#     to set the Java Heap base and to place the Java Heap above 32GB virtual address.
# This output file may be truncated or incomplete.
#
#  Out of Memory Error (./open/src/hotspot/share/memory/arena.cpp:79), pid=17708, tid=21924
#
# JRE version: Java(TM) SE Runtime Environment (15.0.1+9) (build 15.0.1+9-18)
# Java VM: Java HotSpot(TM) 64-Bit Server VM (15.0.1+9-18, mixed mode, sharing, tiered, compressed oops, g1 gc, windows-amd64)
# No core dump will be written. Minidumps are not enabled by default on client versions of Windows
#

---------------  S U M M A R Y ------------

Command Line: --module-path=C:\Users\shamm\.m2\repository\org\openjfx\javafx-base\15.0.1\javafx-base-15.0.1-win.jar;C:\Users\shamm\.m2\repository\org\openjfx\javafx-base\15.0.1\javafx-base-15.0.1.jar;C:\Users\shamm\.m2\repository\org\openjfx\javafx-controls\15.0.1\javafx-controls-15.0.1-win.jar;C:\Users\shamm\.m2\repository\org\openjfx\javafx-controls\15.0.1\javafx-controls-15.0.1.jar;C:\Users\shamm\.m2\repository\org\openjfx\javafx-fxml\15.0.1\javafx-fxml-15.0.1-win.jar;C:\Users\shamm\.m2\repository\org\openjfx\javafx-fxml\15.0.1\javafx-fxml-15.0.1.jar;C:\Users\shamm\.m2\repository\org\openjfx\javafx-graphics\15.0.1\javafx-graphics-15.0.1-win.jar;C:\Users\shamm\.m2\repository\org\openjfx\javafx-graphics\15.0.1\javafx-graphics-15.0.1.jar;C:\Users\shamm\.m2\repository\org\openjfx\javafx-media\15.0.1\javafx-media-15.0.1-win.jar;C:\Users\shamm\.m2\repository\org\openjfx\javafx-media\15.0.1\javafx-media-15.0.1.jar;C:\Users\shamm\.m2\repository\org\openjfx\javafx-swing\15.0.1\javafx-swing-15.0.1-win.jar;C:\Users\shamm\.m2\repository\org\openjfx\javafx-swing\15.0.1\javafx-swing-15.0.1.jar --add-modules=javafx.base,javafx.controls,javafx.fxml,javafx.graphics,javafx.media,javafx.swing p4_group_8_repo.main.FroggerApp

Host: Intel(R) Core(TM) i7-8550U CPU @ 1.80GHz, 8 cores, 15G,  Windows 10 , 64 bit Build 19041 (10.0.19041.662)
Time: Tue Dec 15 15:05:52 2020 Malay Peninsula Standard Time elapsed time: 1.706854 seconds (0d 0h 0m 1s)

---------------  T H R E A D  ---------------

Current thread (0x000001eb0ab35550):  JavaThread "C2 CompilerThread0" daemon [_thread_in_native, id=21924, stack(0x000000723c200000,0x000000723c300000)]


Current CompileTask:
C2:   1707 1189   !   4       com.sun.javafx.css.ParsedValueImpl::readBinary (688 bytes)

Stack: [0x000000723c200000,0x000000723c300000]
Native frames: (J=compiled Java code, j=interpreted, Vv=VM code, C=native code)
V  [jvm.dll+0x62ae9a]
V  [jvm.dll+0x781389]
V  [jvm.dll+0x782ae3]
V  [jvm.dll+0x783143]
V  [jvm.dll+0x216265]
V  [jvm.dll+0x9828f]
V  [jvm.dll+0x985dc]
V  [jvm.dll+0x3337b2]
V  [jvm.dll+0x524cf4]
V  [jvm.dll+0x2f78d9]
V  [jvm.dll+0x2f6c6a]
V  [jvm.dll+0x1ea645]
V  [jvm.dll+0x1e98ae]
V  [jvm.dll+0x1784c7]
V  [jvm.dll+0x1f9165]
V  [jvm.dll+0x1f720c]
V  [jvm.dll+0x74485d]
V  [jvm.dll+0x73d65a]
V  [jvm.dll+0x629c56]
C  [ucrtbase.dll+0x214c2]
C  [KERNEL32.DLL+0x17034]
C  [ntdll.dll+0x4d0d1]


---------------  P R O C E S S  ---------------

Threads class SMR info:
_java_thread_list=0x000001eb0b287c00, length=16, elements={
0x000001eb64ba59a0, 0x000001eb0a312f80, 0x000001eb0a313a60, 0x000001eb0ab2e9f0,
0x000001eb0ab30ed0, 0x000001eb0ab337a0, 0x000001eb0ab35550, 0x000001eb0ab3d450,
0x000001eb0ab65d70, 0x000001eb0ac632b0, 0x000001eb0ac7eeb0, 0x000001eb0b240530,
0x000001eb0b2e6480, 0x000001eb0b2e3190, 0x000001eb0b41e130, 0x000001eb0b463df0
}

Java Threads: ( => current thread )
  0x000001eb64ba59a0 JavaThread "main" [_thread_blocked, id=25100, stack(0x000000723b600000,0x000000723b700000)]
  0x000001eb0a312f80 JavaThread "Reference Handler" daemon [_thread_blocked, id=9248, stack(0x000000723bd00000,0x000000723be00000)]
  0x000001eb0a313a60 JavaThread "Finalizer" daemon [_thread_blocked, id=22592, stack(0x000000723be00000,0x000000723bf00000)]
  0x000001eb0ab2e9f0 JavaThread "Signal Dispatcher" daemon [_thread_blocked, id=20108, stack(0x000000723bf00000,0x000000723c000000)]
  0x000001eb0ab30ed0 JavaThread "Attach Listener" daemon [_thread_blocked, id=8556, stack(0x000000723c000000,0x000000723c100000)]
  0x000001eb0ab337a0 JavaThread "Service Thread" daemon [_thread_blocked, id=1556, stack(0x000000723c100000,0x000000723c200000)]
=>0x000001eb0ab35550 JavaThread "C2 CompilerThread0" daemon [_thread_in_native, id=21924, stack(0x000000723c200000,0x000000723c300000)]
  0x000001eb0ab3d450 JavaThread "C1 CompilerThread0" daemon [_thread_in_native, id=8404, stack(0x000000723c300000,0x000000723c400000)]
  0x000001eb0ab65d70 JavaThread "Sweeper thread" daemon [_thread_blocked, id=24432, stack(0x000000723c400000,0x000000723c500000)]
  0x000001eb0ac632b0 JavaThread "Common-Cleaner" daemon [_thread_blocked, id=16608, stack(0x000000723c500000,0x000000723c600000)]
  0x000001eb0ac7eeb0 JavaThread "Notification Thread" daemon [_thread_blocked, id=14664, stack(0x000000723c600000,0x000000723c700000)]
  0x000001eb0b240530 JavaThread "QuantumRenderer-0" daemon [_thread_blocked, id=17296, stack(0x000000723c800000,0x000000723c900000)]
  0x000001eb0b2e6480 JavaThread "InvokeLaterDispatcher" daemon [_thread_blocked, id=1512, stack(0x000000723c900000,0x000000723ca00000)]
  0x000001eb0b2e3190 JavaThread "JavaFX Application Thread" [_thread_in_vm, id=23184, stack(0x000000723ca00000,0x000000723cb00000)]
  0x000001eb0b41e130 JavaThread "JavaFX-Launcher" [_thread_blocked, id=24740, stack(0x000000723cf00000,0x000000723d000000)]
  0x000001eb0b463df0 JavaThread "Thread-2" daemon [_thread_in_native, id=16552, stack(0x000000723ce00000,0x000000723cf00000)]

Other Threads:
  0x000001eb0a30f7e0 VMThread "VM Thread" [stack: 0x000000723bc00000,0x000000723bd00000] [id=4620]
  0x000001eb0ada7510 WatcherThread [stack: 0x000000723c700000,0x000000723c800000] [id=6852]
  0x000001eb64bf56e0 GCTaskThread "GC Thread#0" [stack: 0x000000723b700000,0x000000723b800000] [id=11492]
  0x000001eb0b367a70 GCTaskThread "GC Thread#1" [stack: 0x000000723d000000,0x000000723d100000] [id=25464]
  0x000001eb0b368730 GCTaskThread "GC Thread#2" [stack: 0x000000723d100000,0x000000723d200000] [id=25528]
  0x000001eb0b369d80 GCTaskThread "GC Thread#3" [stack: 0x000000723d200000,0x000000723d300000] [id=10220]
  0x000001eb0b368a60 GCTaskThread "GC Thread#4" [stack: 0x000000723d300000,0x000000723d400000] [id=24688]
  0x000001eb0b36a3e0 GCTaskThread "GC Thread#5" [stack: 0x000000723d400000,0x000000723d500000] [id=24684]
  0x000001eb64c086e0 ConcurrentGCThread "G1 Main Marker" [stack: 0x000000723b800000,0x000000723b900000] [id=24960]
  0x000001eb64c09260 ConcurrentGCThread "G1 Conc#0" [stack: 0x000000723b900000,0x000000723ba00000] [id=9860]
  0x000001eb0a1824c0 ConcurrentGCThread "G1 Refine#0" [stack: 0x000000723ba00000,0x000000723bb00000] [id=22384]
  0x000001eb0a182ed0 ConcurrentGCThread "G1 Young RemSet Sampling" [stack: 0x000000723bb00000,0x000000723bc00000] [id=6556]

Threads with active compile tasks:
C2 CompilerThread0     1743 1189   !   4       com.sun.javafx.css.ParsedValueImpl::readBinary (688 bytes)
C1 CompilerThread0     1743 1326       3       java.lang.invoke.MethodHandles$Lookup::findBoundCallerLookup (27 bytes)

VM state: not at safepoint (normal execution)

VM Mutex/Monitor currently owned by a thread: None

Heap address: 0x0000000702000000, size: 4064 MB, Compressed Oops mode: Zero based, Oop shift amount: 3
CDS archive(s) mapped at: [0x0000000800000000-0x0000000800b50000-0x0000000800b50000), size 11862016, SharedBaseAddress: 0x0000000800000000, ArchiveRelocationMode: 0.
Compressed class space mapped at: 0x0000000800b50000-0x0000000840b50000, size: 1073741824
Narrow klass base: 0x0000000800000000, Narrow klass shift: 3, Narrow klass range: 0x100000000

GC Precious Log:
 CPUs: 8 total, 8 available
 Memory: 16250M
 Large Page Support: Disabled
 NUMA Support: Disabled
 Compressed Oops: Enabled (Zero based)
 Heap Region Size: 2M
 Heap Min Capacity: 8M
 Heap Initial Capacity: 254M
 Heap Max Capacity: 4064M
 Pre-touch: Disabled
 Parallel Workers: 8
 Concurrent Workers: 2
 Concurrent Refinement Workers: 8
 Periodic GC: Disabled

Heap:
 garbage-first heap   total 260096K, used 23380K [0x0000000702000000, 0x0000000800000000)
  region size 2048K, 12 young (24576K), 2 survivors (4096K)
 Metaspace       used 10316K, capacity 11519K, committed 11776K, reserved 1058816K
  class space    used 1410K, capacity 1531K, committed 1536K, reserved 1048576K

Heap Regions: E=young(eden), S=young(survivor), O=old, HS=humongous(starts), HC=humongous(continues), CS=collection set, F=free, OA=open archive, CA=closed archive, TAMS=top-at-mark-start (previous, next)
|   0|0x0000000702000000, 0x0000000702200000, 0x0000000702200000|100%|HS|  |TAMS 0x0000000702000000, 0x0000000702000000| Complete 
|   1|0x0000000702200000, 0x0000000702200000, 0x0000000702400000|  0%| F|  |TAMS 0x0000000702200000, 0x0000000702200000| Untracked 
|   2|0x0000000702400000, 0x0000000702400000, 0x0000000702600000|  0%| F|  |TAMS 0x0000000702400000, 0x0000000702400000| Untracked 
|   3|0x0000000702600000, 0x0000000702600000, 0x0000000702800000|  0%| F|  |TAMS 0x0000000702600000, 0x0000000702600000| Untracked 
|   4|0x0000000702800000, 0x0000000702800000, 0x0000000702a00000|  0%| F|  |TAMS 0x0000000702800000, 0x0000000702800000| Untracked 
|   5|0x0000000702a00000, 0x0000000702a00000, 0x0000000702c00000|  0%| F|  |TAMS 0x0000000702a00000, 0x0000000702a00000| Untracked 
|   6|0x0000000702c00000, 0x0000000702c00000, 0x0000000702e00000|  0%| F|  |TAMS 0x0000000702c00000, 0x0000000702c00000| Untracked 
|   7|0x0000000702e00000, 0x0000000702e00000, 0x0000000703000000|  0%| F|  |TAMS 0x0000000702e00000, 0x0000000702e00000| Untracked 
|   8|0x0000000703000000, 0x0000000703000000, 0x0000000703200000|  0%| F|  |TAMS 0x0000000703000000, 0x0000000703000000| Untracked 
|   9|0x0000000703200000, 0x0000000703200000, 0x0000000703400000|  0%| F|  |TAMS 0x0000000703200000, 0x0000000703200000| Untracked 
|  10|0x0000000703400000, 0x0000000703400000, 0x0000000703600000|  0%| F|  |TAMS 0x0000000703400000, 0x0000000703400000| Untracked 
|  11|0x0000000703600000, 0x0000000703600000, 0x0000000703800000|  0%| F|  |TAMS 0x0000000703600000, 0x0000000703600000| Untracked 
|  12|0x0000000703800000, 0x0000000703800000, 0x0000000703a00000|  0%| F|  |TAMS 0x0000000703800000, 0x0000000703800000| Untracked 
|  13|0x0000000703a00000, 0x0000000703a00000, 0x0000000703c00000|  0%| F|  |TAMS 0x0000000703a00000, 0x0000000703a00000| Untracked 
|  14|0x0000000703c00000, 0x0000000703c00000, 0x0000000703e00000|  0%| F|  |TAMS 0x0000000703c00000, 0x0000000703c00000| Untracked 
|  15|0x0000000703e00000, 0x0000000703e00000, 0x0000000704000000|  0%| F|  |TAMS 0x0000000703e00000, 0x0000000703e00000| Untracked 
|  16|0x0000000704000000, 0x0000000704000000, 0x0000000704200000|  0%| F|  |TAMS 0x0000000704000000, 0x0000000704000000| Untracked 
|  17|0x0000000704200000, 0x0000000704200000, 0x0000000704400000|  0%| F|  |TAMS 0x0000000704200000, 0x0000000704200000| Untracked 
|  18|0x0000000704400000, 0x0000000704400000, 0x0000000704600000|  0%| F|  |TAMS 0x0000000704400000, 0x0000000704400000| Untracked 
|  19|0x0000000704600000, 0x0000000704600000, 0x0000000704800000|  0%| F|  |TAMS 0x0000000704600000, 0x0000000704600000| Untracked 
|  20|0x0000000704800000, 0x0000000704800000, 0x0000000704a00000|  0%| F|  |TAMS 0x0000000704800000, 0x0000000704800000| Untracked 
|  21|0x0000000704a00000, 0x0000000704a00000, 0x0000000704c00000|  0%| F|  |TAMS 0x0000000704a00000, 0x0000000704a00000| Untracked 
|  22|0x0000000704c00000, 0x0000000704c00000, 0x0000000704e00000|  0%| F|  |TAMS 0x0000000704c00000, 0x0000000704c00000| Untracked 
|  23|0x0000000704e00000, 0x0000000704e00000, 0x0000000705000000|  0%| F|  |TAMS 0x0000000704e00000, 0x0000000704e00000| Untracked 
|  24|0x0000000705000000, 0x0000000705000000, 0x0000000705200000|  0%| F|  |TAMS 0x0000000705000000, 0x0000000705000000| Untracked 
|  25|0x0000000705200000, 0x0000000705200000, 0x0000000705400000|  0%| F|  |TAMS 0x0000000705200000, 0x0000000705200000| Untracked 
|  26|0x0000000705400000, 0x0000000705400000, 0x0000000705600000|  0%| F|  |TAMS 0x0000000705400000, 0x0000000705400000| Untracked 
|  27|0x0000000705600000, 0x0000000705600000, 0x0000000705800000|  0%| F|  |TAMS 0x0000000705600000, 0x0000000705600000| Untracked 
|  28|0x0000000705800000, 0x0000000705800000, 0x0000000705a00000|  0%| F|  |TAMS 0x0000000705800000, 0x0000000705800000| Untracked 
|  29|0x0000000705a00000, 0x0000000705a00000, 0x0000000705c00000|  0%| F|  |TAMS 0x0000000705a00000, 0x0000000705a00000| Untracked 
|  30|0x0000000705c00000, 0x0000000705c00000, 0x0000000705e00000|  0%| F|  |TAMS 0x0000000705c00000, 0x0000000705c00000| Untracked 
|  31|0x0000000705e00000, 0x0000000705e00000, 0x0000000706000000|  0%| F|  |TAMS 0x0000000705e00000, 0x0000000705e00000| Untracked 
|  32|0x0000000706000000, 0x0000000706000000, 0x0000000706200000|  0%| F|  |TAMS 0x0000000706000000, 0x0000000706000000| Untracked 
|  33|0x0000000706200000, 0x0000000706200000, 0x0000000706400000|  0%| F|  |TAMS 0x0000000706200000, 0x0000000706200000| Untracked 
|  34|0x0000000706400000, 0x0000000706400000, 0x0000000706600000|  0%| F|  |TAMS 0x0000000706400000, 0x0000000706400000| Untracked 
|  35|0x0000000706600000, 0x0000000706600000, 0x0000000706800000|  0%| F|  |TAMS 0x0000000706600000, 0x0000000706600000| Untracked 
|  36|0x0000000706800000, 0x0000000706800000, 0x0000000706a00000|  0%| F|  |TAMS 0x0000000706800000, 0x0000000706800000| Untracked 
|  37|0x0000000706a00000, 0x0000000706a00000, 0x0000000706c00000|  0%| F|  |TAMS 0x0000000706a00000, 0x0000000706a00000| Untracked 
|  38|0x0000000706c00000, 0x0000000706c00000, 0x0000000706e00000|  0%| F|  |TAMS 0x0000000706c00000, 0x0000000706c00000| Untracked 
|  39|0x0000000706e00000, 0x0000000706e00000, 0x0000000707000000|  0%| F|  |TAMS 0x0000000706e00000, 0x0000000706e00000| Untracked 
|  40|0x0000000707000000, 0x0000000707000000, 0x0000000707200000|  0%| F|  |TAMS 0x0000000707000000, 0x0000000707000000| Untracked 
|  41|0x0000000707200000, 0x0000000707200000, 0x0000000707400000|  0%| F|  |TAMS 0x0000000707200000, 0x0000000707200000| Untracked 
|  42|0x0000000707400000, 0x0000000707400000, 0x0000000707600000|  0%| F|  |TAMS 0x0000000707400000, 0x0000000707400000| Untracked 
|  43|0x0000000707600000, 0x0000000707600000, 0x0000000707800000|  0%| F|  |TAMS 0x0000000707600000, 0x0000000707600000| Untracked 
|  44|0x0000000707800000, 0x0000000707800000, 0x0000000707a00000|  0%| F|  |TAMS 0x0000000707800000, 0x0000000707800000| Untracked 
|  45|0x0000000707a00000, 0x0000000707a00000, 0x0000000707c00000|  0%| F|  |TAMS 0x0000000707a00000, 0x0000000707a00000| Untracked 
|  46|0x0000000707c00000, 0x0000000707c00000, 0x0000000707e00000|  0%| F|  |TAMS 0x0000000707c00000, 0x0000000707c00000| Untracked 
|  47|0x0000000707e00000, 0x0000000707e00000, 0x0000000708000000|  0%| F|  |TAMS 0x0000000707e00000, 0x0000000707e00000| Untracked 
|  48|0x0000000708000000, 0x0000000708000000, 0x0000000708200000|  0%| F|  |TAMS 0x0000000708000000, 0x0000000708000000| Untracked 
|  49|0x0000000708200000, 0x0000000708200000, 0x0000000708400000|  0%| F|  |TAMS 0x0000000708200000, 0x0000000708200000| Untracked 
|  50|0x0000000708400000, 0x0000000708400000, 0x0000000708600000|  0%| F|  |TAMS 0x0000000708400000, 0x0000000708400000| Untracked 
|  51|0x0000000708600000, 0x0000000708600000, 0x0000000708800000|  0%| F|  |TAMS 0x0000000708600000, 0x0000000708600000| Untracked 
|  52|0x0000000708800000, 0x0000000708800000, 0x0000000708a00000|  0%| F|  |TAMS 0x0000000708800000, 0x0000000708800000| Untracked 
|  53|0x0000000708a00000, 0x0000000708a00000, 0x0000000708c00000|  0%| F|  |TAMS 0x0000000708a00000, 0x0000000708a00000| Untracked 
|  54|0x0000000708c00000, 0x0000000708c00000, 0x0000000708e00000|  0%| F|  |TAMS 0x0000000708c00000, 0x0000000708c00000| Untracked 
|  55|0x0000000708e00000, 0x0000000708e00000, 0x0000000709000000|  0%| F|  |TAMS 0x0000000708e00000, 0x0000000708e00000| Untracked 
|  56|0x0000000709000000, 0x0000000709000000, 0x0000000709200000|  0%| F|  |TAMS 0x0000000709000000, 0x0000000709000000| Untracked 
|  57|0x0000000709200000, 0x0000000709200000, 0x0000000709400000|  0%| F|  |TAMS 0x0000000709200000, 0x0000000709200000| Untracked 
|  58|0x0000000709400000, 0x0000000709400000, 0x0000000709600000|  0%| F|  |TAMS 0x0000000709400000, 0x0000000709400000| Untracked 
|  59|0x0000000709600000, 0x0000000709600000, 0x0000000709800000|  0%| F|  |TAMS 0x0000000709600000, 0x0000000709600000| Untracked 
|  60|0x0000000709800000, 0x0000000709800000, 0x0000000709a00000|  0%| F|  |TAMS 0x0000000709800000, 0x0000000709800000| Untracked 
|  61|0x0000000709a00000, 0x0000000709a00000, 0x0000000709c00000|  0%| F|  |TAMS 0x0000000709a00000, 0x0000000709a00000| Untracked 
|  62|0x0000000709c00000, 0x0000000709c00000, 0x0000000709e00000|  0%| F|  |TAMS 0x0000000709c00000, 0x0000000709c00000| Untracked 
|  63|0x0000000709e00000, 0x0000000709e00000, 0x000000070a000000|  0%| F|  |TAMS 0x0000000709e00000, 0x0000000709e00000| Untracked 
|  64|0x000000070a000000, 0x000000070a000000, 0x000000070a200000|  0%| F|  |TAMS 0x000000070a000000, 0x000000070a000000| Untracked 
|  65|0x000000070a200000, 0x000000070a200000, 0x000000070a400000|  0%| F|  |TAMS 0x000000070a200000, 0x000000070a200000| Untracked 
|  66|0x000000070a400000, 0x000000070a400000, 0x000000070a600000|  0%| F|  |TAMS 0x000000070a400000, 0x000000070a400000| Untracked 
|  67|0x000000070a600000, 0x000000070a600000, 0x000000070a800000|  0%| F|  |TAMS 0x000000070a600000, 0x000000070a600000| Untracked 
|  68|0x000000070a800000, 0x000000070a800000, 0x000000070aa00000|  0%| F|  |TAMS 0x000000070a800000, 0x000000070a800000| Untracked 
|  69|0x000000070aa00000, 0x000000070aa00000, 0x000000070ac00000|  0%| F|  |TAMS 0x000000070aa00000, 0x000000070aa00000| Untracked 
|  70|0x000000070ac00000, 0x000000070ac00000, 0x000000070ae00000|  0%| F|  |TAMS 0x000000070ac00000, 0x000000070ac00000| Untracked 
|  71|0x000000070ae00000, 0x000000070ae00000, 0x000000070b000000|  0%| F|  |TAMS 0x000000070ae00000, 0x000000070ae00000| Untracked 
|  72|0x000000070b000000, 0x000000070b000000, 0x000000070b200000|  0%| F|  |TAMS 0x000000070b000000, 0x000000070b000000| Untracked 
|  73|0x000000070b200000, 0x000000070b200000, 0x000000070b400000|  0%| F|  |TAMS 0x000000070b200000, 0x000000070b200000| Untracked 
|  74|0x000000070b400000, 0x000000070b400000, 0x000000070b600000|  0%| F|  |TAMS 0x000000070b400000, 0x000000070b400000| Untracked 
|  75|0x000000070b600000, 0x000000070b600000, 0x000000070b800000|  0%| F|  |TAMS 0x000000070b600000, 0x000000070b600000| Untracked 
|  76|0x000000070b800000, 0x000000070b800000, 0x000000070ba00000|  0%| F|  |TAMS 0x000000070b800000, 0x000000070b800000| Untracked 
|  77|0x000000070ba00000, 0x000000070ba00000, 0x000000070bc00000|  0%| F|  |TAMS 0x000000070ba00000, 0x000000070ba00000| Untracked 
|  78|0x000000070bc00000, 0x000000070bc00000, 0x000000070be00000|  0%| F|  |TAMS 0x000000070bc00000, 0x000000070bc00000| Untracked 
|  79|0x000000070be00000, 0x000000070be00000, 0x000000070c000000|  0%| F|  |TAMS 0x000000070be00000, 0x000000070be00000| Untracked 
|  80|0x000000070c000000, 0x000000070c000000, 0x000000070c200000|  0%| F|  |TAMS 0x000000070c000000, 0x000000070c000000| Untracked 
|  81|0x000000070c200000, 0x000000070c200000, 0x000000070c400000|  0%| F|  |TAMS 0x000000070c200000, 0x000000070c200000| Untracked 
|  82|0x000000070c400000, 0x000000070c400000, 0x000000070c600000|  0%| F|  |TAMS 0x000000070c400000, 0x000000070c400000| Untracked 
|  83|0x000000070c600000, 0x000000070c600000, 0x000000070c800000|  0%| F|  |TAMS 0x000000070c600000, 0x000000070c600000| Untracked 
|  84|0x000000070c800000, 0x000000070c800000, 0x000000070ca00000|  0%| F|  |TAMS 0x000000070c800000, 0x000000070c800000| Untracked 
|  85|0x000000070ca00000, 0x000000070ca00000, 0x000000070cc00000|  0%| F|  |TAMS 0x000000070ca00000, 0x000000070ca00000| Untracked 
|  86|0x000000070cc00000, 0x000000070cc00000, 0x000000070ce00000|  0%| F|  |TAMS 0x000000070cc00000, 0x000000070cc00000| Untracked 
|  87|0x000000070ce00000, 0x000000070ce00000, 0x000000070d000000|  0%| F|  |TAMS 0x000000070ce00000, 0x000000070ce00000| Untracked 
|  88|0x000000070d000000, 0x000000070d000000, 0x000000070d200000|  0%| F|  |TAMS 0x000000070d000000, 0x000000070d000000| Untracked 
|  89|0x000000070d200000, 0x000000070d200000, 0x000000070d400000|  0%| F|  |TAMS 0x000000070d200000, 0x000000070d200000| Untracked 
|  90|0x000000070d400000, 0x000000070d400000, 0x000000070d600000|  0%| F|  |TAMS 0x000000070d400000, 0x000000070d400000| Untracked 
|  91|0x000000070d600000, 0x000000070d600000, 0x000000070d800000|  0%| F|  |TAMS 0x000000070d600000, 0x000000070d600000| Untracked 
|  92|0x000000070d800000, 0x000000070d800000, 0x000000070da00000|  0%| F|  |TAMS 0x000000070d800000, 0x000000070d800000| Untracked 
|  93|0x000000070da00000, 0x000000070da00000, 0x000000070dc00000|  0%| F|  |TAMS 0x000000070da00000, 0x000000070da00000| Untracked 
|  94|0x000000070dc00000, 0x000000070dc00000, 0x000000070de00000|  0%| F|  |TAMS 0x000000070dc00000, 0x000000070dc00000| Untracked 
|  95|0x000000070de00000, 0x000000070de00000, 0x000000070e000000|  0%| F|  |TAMS 0x000000070de00000, 0x000000070de00000| Untracked 
|  96|0x000000070e000000, 0x000000070e000000, 0x000000070e200000|  0%| F|  |TAMS 0x000000070e000000, 0x000000070e000000| Untracked 
|  97|0x000000070e200000, 0x000000070e200000, 0x000000070e400000|  0%| F|  |TAMS 0x000000070e200000, 0x000000070e200000| Untracked 
|  98|0x000000070e400000, 0x000000070e400000, 0x000000070e600000|  0%| F|  |TAMS 0x000000070e400000, 0x000000070e400000| Untracked 
|  99|0x000000070e600000, 0x000000070e600000, 0x000000070e800000|  0%| F|  |TAMS 0x000000070e600000, 0x000000070e600000| Untracked 
| 100|0x000000070e800000, 0x000000070e800000, 0x000000070ea00000|  0%| F|  |TAMS 0x000000070e800000, 0x000000070e800000| Untracked 
| 101|0x000000070ea00000, 0x000000070ea00000, 0x000000070ec00000|  0%| F|  |TAMS 0x000000070ea00000, 0x000000070ea00000| Untracked 
| 102|0x000000070ec00000, 0x000000070ec00000, 0x000000070ee00000|  0%| F|  |TAMS 0x000000070ec00000, 0x000000070ec00000| Untracked 
| 103|0x000000070ee00000, 0x000000070ee00000, 0x000000070f000000|  0%| F|  |TAMS 0x000000070ee00000, 0x000000070ee00000| Untracked 
| 104|0x000000070f000000, 0x000000070f000000, 0x000000070f200000|  0%| F|  |TAMS 0x000000070f000000, 0x000000070f000000| Untracked 
| 105|0x000000070f200000, 0x000000070f200000, 0x000000070f400000|  0%| F|  |TAMS 0x000000070f200000, 0x000000070f200000| Untracked 
| 106|0x000000070f400000, 0x000000070f400000, 0x000000070f600000|  0%| F|  |TAMS 0x000000070f400000, 0x000000070f400000| Untracked 
| 107|0x000000070f600000, 0x000000070f600000, 0x000000070f800000|  0%| F|  |TAMS 0x000000070f600000, 0x000000070f600000| Untracked 
| 108|0x000000070f800000, 0x000000070f800000, 0x000000070fa00000|  0%| F|  |TAMS 0x000000070f800000, 0x000000070f800000| Untracked 
| 109|0x000000070fa00000, 0x000000070fa00000, 0x000000070fc00000|  0%| F|  |TAMS 0x000000070fa00000, 0x000000070fa00000| Untracked 
| 110|0x000000070fc00000, 0x000000070fc00000, 0x000000070fe00000|  0%| F|  |TAMS 0x000000070fc00000, 0x000000070fc00000| Untracked 
| 111|0x000000070fe00000, 0x000000070fe00000, 0x0000000710000000|  0%| F|  |TAMS 0x000000070fe00000, 0x000000070fe00000| Untracked 
| 112|0x0000000710000000, 0x0000000710000000, 0x0000000710200000|  0%| F|  |TAMS 0x0000000710000000, 0x0000000710000000| Untracked 
| 113|0x0000000710200000, 0x0000000710200000, 0x0000000710400000|  0%| F|  |TAMS 0x0000000710200000, 0x0000000710200000| Untracked 
| 114|0x0000000710400000, 0x00000007104d5288, 0x0000000710600000| 41%| S|CS|TAMS 0x0000000710400000, 0x0000000710400000| Complete 
| 115|0x0000000710600000, 0x0000000710800000, 0x0000000710800000|100%| S|CS|TAMS 0x0000000710600000, 0x0000000710600000| Complete 
| 116|0x0000000710800000, 0x0000000710800000, 0x0000000710a00000|  0%| F|  |TAMS 0x0000000710800000, 0x0000000710800000| Untracked 
| 117|0x0000000710a00000, 0x0000000710b2b9a8, 0x0000000710c00000| 58%| E|  |TAMS 0x0000000710a00000, 0x0000000710a00000| Complete 
| 118|0x0000000710c00000, 0x0000000710e00000, 0x0000000710e00000|100%| E|CS|TAMS 0x0000000710c00000, 0x0000000710c00000| Complete 
| 119|0x0000000710e00000, 0x0000000711000000, 0x0000000711000000|100%| E|CS|TAMS 0x0000000710e00000, 0x0000000710e00000| Complete 
| 120|0x0000000711000000, 0x0000000711200000, 0x0000000711200000|100%| E|CS|TAMS 0x0000000711000000, 0x0000000711000000| Complete 
| 121|0x0000000711200000, 0x0000000711400000, 0x0000000711400000|100%| E|CS|TAMS 0x0000000711200000, 0x0000000711200000| Complete 
| 122|0x0000000711400000, 0x0000000711600000, 0x0000000711600000|100%| E|CS|TAMS 0x0000000711400000, 0x0000000711400000| Complete 
| 123|0x0000000711600000, 0x0000000711800000, 0x0000000711800000|100%| E|CS|TAMS 0x0000000711600000, 0x0000000711600000| Complete 
| 124|0x0000000711800000, 0x0000000711a00000, 0x0000000711a00000|100%| E|CS|TAMS 0x0000000711800000, 0x0000000711800000| Complete 
| 125|0x0000000711a00000, 0x0000000711c00000, 0x0000000711c00000|100%| E|CS|TAMS 0x0000000711a00000, 0x0000000711a00000| Complete 
| 126|0x0000000711c00000, 0x0000000711e00000, 0x0000000711e00000|100%| E|CS|TAMS 0x0000000711c00000, 0x0000000711c00000| Complete 

Card table byte_map: [0x000001eb7e810000,0x000001eb7f000000] _byte_map_base: 0x000001eb7b000000

Marking Bits (Prev, Next): (CMBitMap*) 0x000001eb64bf6e70, (CMBitMap*) 0x000001eb64bf6eb0
 Prev Bits: [0x000001eb00000000, 0x000001eb03f80000)
 Next Bits: [0x000001eb03f80000, 0x000001eb07f00000)

Polling page: 0x000001eb6e590000

Metaspace:

Usage:
  Non-class:      9.75 MB capacity,     8.70 MB ( 89%) used,     1.04 MB ( 11%) free+waste,    16.94 KB ( <1%) overhead. 
      Class:      1.50 MB capacity,     1.38 MB ( 92%) used,   112.65 KB (  7%) free+waste,     7.44 KB ( <1%) overhead. 
       Both:     11.25 MB capacity,    10.07 MB ( 90%) used,     1.15 MB ( 10%) free+waste,    24.38 KB ( <1%) overhead. 

Virtual space:
  Non-class space:       10.00 MB reserved,      10.00 MB (100%) committed 
      Class space:        1.00 GB reserved,       1.50 MB ( <1%) committed 
             Both:        1.01 GB reserved,      11.50 MB (  1%) committed 

Chunk freelists:
   Non-Class:  60.00 KB
       Class:  5.00 KB
        Both:  65.00 KB

MaxMetaspaceSize: 17179869184.00 GB
CompressedClassSpaceSize: 1.00 GB

CodeHeap 'non-profiled nmethods': size=120000Kb used=386Kb max_used=386Kb free=119614Kb
 bounds [0x000001eb76080000, 0x000001eb762f0000, 0x000001eb7d5b0000]
CodeHeap 'profiled nmethods': size=120000Kb used=2163Kb max_used=2163Kb free=117836Kb
 bounds [0x000001eb6eb50000, 0x000001eb6edc0000, 0x000001eb76080000]
CodeHeap 'non-nmethods': size=5760Kb used=1314Kb max_used=1314Kb free=4445Kb
 bounds [0x000001eb6e5b0000, 0x000001eb6e820000, 0x000001eb6eb50000]
 total_blobs=1924 nmethods=1313 adapters=524
 compilation: enabled
              stopped_count=0, restarted_count=0
 full_count=0

Compilation events (20 events):
Event: 1.677 Thread 0x000001eb0ab3d450 1313       3       java.lang.Class::privateGetDeclaredConstructors (79 bytes)
Event: 1.677 Thread 0x000001eb0ab3d450 nmethod 1313 0x000001eb6ed67e10 code [0x000001eb6ed68000, 0x000001eb6ed68528]
Event: 1.679 Thread 0x000001eb0ab3d450 1314       3       com.sun.javafx.collections.SetListenerHelper::hasListeners (10 bytes)
Event: 1.679 Thread 0x000001eb0ab3d450 nmethod 1314 0x000001eb6ed68710 code [0x000001eb6ed688a0, 0x000001eb6ed689d8]
Event: 1.685 Thread 0x000001eb0ab3d450 1315       3       java.util.HashMap::put (13 bytes)
Event: 1.686 Thread 0x000001eb0ab3d450 nmethod 1315 0x000001eb6ed68a90 code [0x000001eb6ed68c40, 0x000001eb6ed68f38]
Event: 1.695 Thread 0x000001eb0ab3d450 1317       3       java.lang.StringLatin1::canEncode (13 bytes)
Event: 1.695 Thread 0x000001eb0ab3d450 nmethod 1317 0x000001eb6ed69090 code [0x000001eb6ed69220, 0x000001eb6ed69358]
Event: 1.698 Thread 0x000001eb0ab3d450 1318       3       java.lang.invoke.DirectMethodHandle::shouldBeInitialized (127 bytes)
Event: 1.700 Thread 0x000001eb0ab3d450 nmethod 1318 0x000001eb6ed69410 code [0x000001eb6ed697a0, 0x000001eb6ed6ac78]
Event: 1.700 Thread 0x000001eb0ab3d450 1319       3       java.nio.ByteBuffer::array (35 bytes)
Event: 1.700 Thread 0x000001eb0ab3d450 nmethod 1319 0x000001eb6ed6b290 code [0x000001eb6ed6b460, 0x000001eb6ed6b738]
Event: 1.700 Thread 0x000001eb0ab3d450 1320       3       java.lang.String::getChars (54 bytes)
Event: 1.701 Thread 0x000001eb0ab3d450 nmethod 1320 0x000001eb6ed6b890 code [0x000001eb6ed6ba80, 0x000001eb6ed6bed8]
Event: 1.701 Thread 0x000001eb0ab3d450 1321       3       java.lang.StringLatin1::getChars (12 bytes)
Event: 1.701 Thread 0x000001eb0ab3d450 nmethod 1321 0x000001eb6ed6c090 code [0x000001eb6ed6c220, 0x000001eb6ed6c328]
Event: 1.701 Thread 0x000001eb0ab3d450 1323       3       jdk.internal.misc.Unsafe::weakCompareAndSetInt (11 bytes)
Event: 1.701 Thread 0x000001eb0ab3d450 nmethod 1323 0x000001eb6ed6c410 code [0x000001eb6ed6c5a0, 0x000001eb6ed6c6b8]
Event: 1.701 Thread 0x000001eb0ab3d450 1324       3       java.lang.invoke.MethodHandleNatives::findMethodHandleType (7 bytes)
Event: 1.701 Thread 0x000001eb0ab3d450 nmethod 1324 0x000001eb6ed6c790 code [0x000001eb6ed6c920, 0x000001eb6ed6ca28]

GC Heap History (2 events):
Event: 1.137 GC heap before
{Heap before GC invocations=0 (full 0):
 garbage-first heap   total 260096K, used 22528K [0x0000000702000000, 0x0000000800000000)
  region size 2048K, 11 young (22528K), 0 survivors (0K)
 Metaspace       used 5626K, capacity 7542K, committed 7808K, reserved 1056768K
  class space    used 653K, capacity 828K, committed 896K, reserved 1048576K
}
Event: 1.142 GC heap after
{Heap after GC invocations=1 (full 0):
 garbage-first heap   total 260096K, used 2900K [0x0000000702000000, 0x0000000800000000)
  region size 2048K, 2 young (4096K), 2 survivors (4096K)
 Metaspace       used 5626K, capacity 7542K, committed 7808K, reserved 1056768K
  class space    used 653K, capacity 828K, committed 896K, reserved 1048576K
}

Deoptimization events (20 events):
Event: 1.647 Thread 0x000001eb0b2e3190 DEOPT PACKING pc=0x000001eb6ec9c9a4 sp=0x000000723cafbed0
Event: 1.647 Thread 0x000001eb0b2e3190 DEOPT UNPACKING pc=0x000001eb6e5fe23f sp=0x000000723cafb368 mode 0
Event: 1.658 Thread 0x000001eb0b2e3190 Uncommon trap: trap_request=0xffffff45 fr.pc=0x000001eb760aea00 relative=0x00000000000000e0
Event: 1.658 Thread 0x000001eb0b2e3190 Uncommon trap: reason=unstable_if action=reinterpret pc=0x000001eb760aea00 method=java.util.HashMap.hash(Ljava/lang/Object;)I @ 1 c2
Event: 1.658 Thread 0x000001eb0b2e3190 DEOPT PACKING pc=0x000001eb760aea00 sp=0x000000723cafda80
Event: 1.658 Thread 0x000001eb0b2e3190 DEOPT UNPACKING pc=0x000001eb6e5fe42f sp=0x000000723cafd9c0 mode 2
Event: 1.663 Thread 0x000001eb0b2e3190 Uncommon trap: trap_request=0xffffff45 fr.pc=0x000001eb760dc150 relative=0x0000000000000510
Event: 1.663 Thread 0x000001eb0b2e3190 Uncommon trap: reason=unstable_if action=reinterpret pc=0x000001eb760dc150 method=java.util.HashMap.hash(Ljava/lang/Object;)I @ 1 c2
Event: 1.663 Thread 0x000001eb0b2e3190 DEOPT PACKING pc=0x000001eb760dc150 sp=0x000000723cafda70
Event: 1.663 Thread 0x000001eb0b2e3190 DEOPT UNPACKING pc=0x000001eb6e5fe42f sp=0x000000723cafd918 mode 2
Event: 1.685 Thread 0x000001eb0b2e3190 DEOPT PACKING pc=0x000001eb6ec9c9a4 sp=0x000000723cafa1c0
Event: 1.685 Thread 0x000001eb0b2e3190 DEOPT UNPACKING pc=0x000001eb6e5fe23f sp=0x000000723caf9658 mode 0
Event: 1.685 Thread 0x000001eb0b2e3190 Uncommon trap: trap_request=0xffffff45 fr.pc=0x000001eb760da810 relative=0x00000000000004d0
Event: 1.685 Thread 0x000001eb0b2e3190 Uncommon trap: reason=unstable_if action=reinterpret pc=0x000001eb760da810 method=java.util.HashMap.hash(Ljava/lang/Object;)I @ 1 c2
Event: 1.685 Thread 0x000001eb0b2e3190 DEOPT PACKING pc=0x000001eb760da810 sp=0x000000723cafda00
Event: 1.685 Thread 0x000001eb0b2e3190 DEOPT UNPACKING pc=0x000001eb6e5fe42f sp=0x000000723cafd918 mode 2
Event: 1.695 Thread 0x000001eb0b2e3190 Uncommon trap: trap_request=0xffffff45 fr.pc=0x000001eb760ad4b4 relative=0x0000000000000034
Event: 1.695 Thread 0x000001eb0b2e3190 Uncommon trap: reason=unstable_if action=reinterpret pc=0x000001eb760ad4b4 method=java.lang.StringLatin1.canEncode(I)Z @ 4 c2
Event: 1.695 Thread 0x000001eb0b2e3190 DEOPT PACKING pc=0x000001eb760ad4b4 sp=0x000000723cafbcf0
Event: 1.695 Thread 0x000001eb0b2e3190 DEOPT UNPACKING pc=0x000001eb6e5fe42f sp=0x000000723cafbc80 mode 2

Classes unloaded (0 events):
No events

Classes redefined (0 events):
No events

Internal exceptions (20 events):
Event: 0.353 Thread 0x000001eb64ba59a0 Exception <a 'java/lang/NoSuchMethodError'{0x000000071170d9d0}: 'java.lang.Object java.lang.invoke.DirectMethodHandle$Holder.invokeStatic(java.lang.Object)'> (0x000000071170d9d0) 
thrown [./open/src/hotspot/share/interpreter/linkResolver.cpp, line 782]
Event: 0.354 Thread 0x000001eb64ba59a0 Exception <a 'java/lang/NoSuchMethodError'{0x00000007117112e0}: 'java.lang.Object java.lang.invoke.DirectMethodHandle$Holder.invokeStaticInit(java.lang.Object)'> (0x00000007117112e0) 
thrown [./open/src/hotspot/share/interpreter/linkResolver.cpp, line 782]
Event: 0.356 Thread 0x000001eb64ba59a0 Exception <a 'java/lang/NoSuchMethodError'{0x00000007117179c8}: 'void java.lang.invoke.DirectMethodHandle$Holder.invokeStatic(java.lang.Object, java.lang.Object)'> (0x00000007117179c8) 
thrown [./open/src/hotspot/share/interpreter/linkResolver.cpp, line 782]
Event: 0.459 Thread 0x000001eb64ba59a0 Exception <a 'java/lang/NoSuchMethodError'{0x000000071150b258}: 'void java.lang.invoke.DirectMethodHandle$Holder.invokeStaticInit(java.lang.Object, java.lang.Object)'> (0x000000071150b258) 
thrown [./open/src/hotspot/share/interpreter/linkResolver.cpp, line 782]
Event: 0.759 Thread 0x000001eb64ba59a0 Exception <a 'java/lang/NoSuchMethodError'{0x00000007110d9640}: 'void java.lang.invoke.DirectMethodHandle$Holder.invokeSpecial(java.lang.Object, java.lang.Object, java.lang.Object)'> (0x00000007110d9640) 
thrown [./open/src/hotspot/share/interpreter/linkResolver.cpp, line 782]
Event: 0.770 Thread 0x000001eb64ba59a0 Exception <a 'java/lang/NoSuchMethodError'{0x0000000711113e78}: 'void java.lang.invoke.DirectMethodHandle$Holder.invokeStatic(java.lang.Object, java.lang.Object, java.lang.Object)'> (0x0000000711113e78) 
thrown [./open/src/hotspot/share/interpreter/linkResolver.cpp, line 782]
Event: 0.822 Thread 0x000001eb64ba59a0 Exception <a 'java/lang/NoSuchMethodError'{0x0000000711130640}: 'int java.lang.invoke.DirectMethodHandle$Holder.invokeStaticInit(java.lang.Object, java.lang.Object, java.lang.Object)'> (0x0000000711130640) 
thrown [./open/src/hotspot/share/interpreter/linkResolver.cpp, line 782]
Event: 0.859 Thread 0x000001eb64ba59a0 Exception <a 'java/lang/NoSuchMethodError'{0x0000000710e5e8e8}: 'java.lang.Object java.lang.invoke.DirectMethodHandle$Holder.newInvokeSpecial(java.lang.Object, java.lang.Object, int, java.lang.Object)'> (0x0000000710e5e8e8) 
thrown [./open/src/hotspot/share/interpreter/linkResolver.cpp, line 782]
Event: 0.860 Thread 0x000001eb64ba59a0 Exception <a 'java/lang/NoSuchMethodError'{0x0000000710e62dd0}: 'java.lang.Object java.lang.invoke.DirectMethodHandle$Holder.invokeSpecial(java.lang.Object, java.lang.Object, java.lang.Object, int, java.lang.Object)'> (0x0000000710e62dd0) 
thrown [./open/src/hotspot/share/interpreter/linkResolver.cpp, line 782]
Event: 1.005 Thread 0x000001eb0b2e3190 Exception <a 'java/lang/NoSuchMethodError'{0x0000000710d11840}: 'void java.lang.invoke.DirectMethodHandle$Holder.invokeStaticInit(java.lang.Object)'> (0x0000000710d11840) 
thrown [./open/src/hotspot/share/interpreter/linkResolver.cpp, line 782]
Event: 1.010 Thread 0x000001eb64ba59a0 Exception <a 'java/lang/NoSuchMethodError'{0x0000000710d5bd28}: 'java.lang.Object java.lang.invoke.DirectMethodHandle$Holder.newInvokeSpecial(java.lang.Object, java.lang.Object, java.lang.Object, java.lang.Object, java.lang.Object, java.lang.Object)'> (0x0000000710d5bd28) 
thrown [./open/src/hotspot/share/interpreter/linkResolver.cpp, line 782]
Event: 1.019 Thread 0x000001eb64ba59a0 Exception <a 'java/lang/NoSuchMethodError'{0x0000000710d8b588}: 'java.lang.Object java.lang.invoke.DirectMethodHandle$Holder.newInvokeSpecial(java.lang.Object, java.lang.Object, java.lang.Object, java.lang.Object, java.lang.Object)'> (0x0000000710d8b588) 
thrown [./open/src/hotspot/share/interpreter/linkResolver.cpp, line 782]
Event: 1.022 Thread 0x000001eb0b41e130 Exception <a 'java/lang/NoSuchMethodError'{0x0000000710dc9db0}: 'void java.lang.invoke.DirectMethodHandle$Holder.invokeStatic(java.lang.Object, java.lang.Object, java.lang.Object, java.lang.Object)'> (0x0000000710dc9db0) 
thrown [./open/src/hotspot/share/interpreter/linkResolver.cpp, line 782]
Event: 1.168 Thread 0x000001eb0b2e3190 Exception <a 'java/lang/NoSuchMethodError'{0x0000000711a092a8}: 'java.lang.Object java.lang.invoke.DirectMethodHandle$Holder.invokeStaticInit(java.lang.Object, java.lang.Object, java.lang.Object, java.lang.Object)'> (0x0000000711a092a8) 
thrown [./open/src/hotspot/share/interpreter/linkResolver.cpp, line 782]
Event: 1.170 Thread 0x000001eb0b2e3190 Exception <a 'java/lang/NullPointerException'{0x0000000711a154b0}> (0x0000000711a154b0) 
thrown [./open/src/hotspot/share/interpreter/linkResolver.cpp, line 1374]
Event: 1.174 Thread 0x000001eb0b2e3190 Exception <a 'java/lang/NoSuchMethodError'{0x0000000711a3a380}: 'void java.lang.invoke.DirectMethodHandle$Holder.invokeSpecial(java.lang.Object, java.lang.Object, java.lang.Object, java.lang.Object, java.lang.Object)'> (0x0000000711a3a380) 
thrown [./open/src/hotspot/share/interpreter/linkResolver.cpp, line 782]
Event: 1.268 Thread 0x000001eb0b2e3190 Exception <a 'java/io/FileNotFoundException'{0x00000007118aff78}> (0x00000007118aff78) 
thrown [./open/src/hotspot/share/prims/jni.cpp, line 578]
Event: 1.658 Thread 0x000001eb0b2e3190 Implicit null exception at 0x000001eb760ae960 to 0x000001eb760ae9f6
Event: 1.663 Thread 0x000001eb0b2e3190 Implicit null exception at 0x000001eb760dbc90 to 0x000001eb760dc130
Event: 1.685 Thread 0x000001eb0b2e3190 Implicit null exception at 0x000001eb760da38f to 0x000001eb760da7f0

Events (20 events):
Event: 1.666 loading class java/io/BufferedReader
Event: 1.666 loading class java/io/BufferedReader done
Event: 1.678 loading class java/lang/System$Logger$Level
Event: 1.678 loading class java/lang/System$Logger$Level done
Event: 1.697 loading class java/util/ResourceBundle$CacheKey
Event: 1.697 loading class java/util/ResourceBundle$CacheKey done
Event: 1.697 loading class java/util/ResourceBundle$KeyElementReference
Event: 1.697 loading class java/util/ResourceBundle$CacheKeyReference
Event: 1.697 loading class java/util/ResourceBundle$CacheKeyReference done
Event: 1.697 loading class java/util/ResourceBundle$KeyElementReference done
Event: 1.698 loading class java/util/ResourceBundle$3
Event: 1.698 loading class java/util/ResourceBundle$3 done
Event: 1.699 loading class java/util/PropertyResourceBundle
Event: 1.699 loading class java/util/PropertyResourceBundle done
Event: 1.699 loading class sun/util/PropertyResourceBundleCharset
Event: 1.699 loading class sun/util/PropertyResourceBundleCharset done
Event: 1.699 loading class sun/util/PropertyResourceBundleCharset$PropertiesFileDecoder
Event: 1.699 loading class sun/util/PropertyResourceBundleCharset$PropertiesFileDecoder done
Event: 1.700 loading class java/util/ResourceBundle$BundleReference
Event: 1.700 loading class java/util/ResourceBundle$BundleReference done


Dynamic libraries:
0x00007ff767d10000 - 0x00007ff767d1f000 	C:\Program Files\Java\jdk-15.0.1\bin\java.exe
0x00007ffaf1bd0000 - 0x00007ffaf1dc6000 	C:\WINDOWS\SYSTEM32\ntdll.dll
0x00007ffaefea0000 - 0x00007ffaeff5d000 	C:\WINDOWS\System32\KERNEL32.DLL
0x00007ffaef7f0000 - 0x00007ffaefab9000 	C:\WINDOWS\System32\KERNELBASE.dll
0x00007ffaef310000 - 0x00007ffaef410000 	C:\WINDOWS\System32\ucrtbase.dll
0x00007ffabd6b0000 - 0x00007ffabd6c9000 	C:\Program Files\Java\jdk-15.0.1\bin\VCRUNTIME140.dll
0x00007ffabdea0000 - 0x00007ffabdeb8000 	C:\Program Files\Java\jdk-15.0.1\bin\jli.dll
0x00007ffaf0750000 - 0x00007ffaf07fc000 	C:\WINDOWS\System32\ADVAPI32.dll
0x00007ffaf06b0000 - 0x00007ffaf074e000 	C:\WINDOWS\System32\msvcrt.dll
0x00007ffaf1990000 - 0x00007ffaf1a2c000 	C:\WINDOWS\System32\sechost.dll
0x00007ffaf0f20000 - 0x00007ffaf104b000 	C:\WINDOWS\System32\RPCRT4.dll
0x00007ffaf1490000 - 0x00007ffaf1630000 	C:\WINDOWS\System32\USER32.dll
0x00007ffaef410000 - 0x00007ffaef432000 	C:\WINDOWS\System32\win32u.dll
0x00007ffac9790000 - 0x00007ffac9a2b000 	C:\WINDOWS\WinSxS\amd64_microsoft.windows.common-controls_6595b64144ccf1df_6.0.19041.488_none_ca04af081b815d21\COMCTL32.dll
0x00007ffaefe70000 - 0x00007ffaefe9a000 	C:\WINDOWS\System32\GDI32.dll
0x00007ffaefac0000 - 0x00007ffaefbc9000 	C:\WINDOWS\System32\gdi32full.dll
0x00007ffaef6a0000 - 0x00007ffaef73d000 	C:\WINDOWS\System32\msvcp_win.dll
0x00007ffae6e50000 - 0x00007ffae6e5a000 	C:\WINDOWS\SYSTEM32\VERSION.dll
0x00007ffaf1100000 - 0x00007ffaf1130000 	C:\WINDOWS\System32\IMM32.DLL
0x00007ffadb2e0000 - 0x00007ffadb2ec000 	C:\Program Files\Java\jdk-15.0.1\bin\vcruntime140_1.dll
0x00007ffaaec90000 - 0x00007ffaaed21000 	C:\Program Files\Java\jdk-15.0.1\bin\msvcp140.dll
0x00007ffa9f120000 - 0x00007ffa9fc7e000 	C:\Program Files\Java\jdk-15.0.1\bin\server\jvm.dll
0x00007ffaf17e0000 - 0x00007ffaf17e8000 	C:\WINDOWS\System32\PSAPI.DLL
0x00007ffac0f10000 - 0x00007ffac0f19000 	C:\WINDOWS\SYSTEM32\WSOCK32.dll
0x00007ffadfc00000 - 0x00007ffadfc27000 	C:\WINDOWS\SYSTEM32\WINMM.dll
0x00007ffaf17f0000 - 0x00007ffaf185b000 	C:\WINDOWS\System32\WS2_32.dll
0x00007ffaedbf0000 - 0x00007ffaedc02000 	C:\WINDOWS\SYSTEM32\kernel.appcore.dll
0x00007ffac0e00000 - 0x00007ffac0e0a000 	C:\Program Files\Java\jdk-15.0.1\bin\jimage.dll
0x00007ffaed0e0000 - 0x00007ffaed2c4000 	C:\WINDOWS\SYSTEM32\DBGHELP.DLL
0x00007ffadcd50000 - 0x00007ffadcd7c000 	C:\WINDOWS\SYSTEM32\dbgcore.DLL
0x00007ffaef620000 - 0x00007ffaef6a0000 	C:\WINDOWS\System32\bcryptPrimitives.dll
0x00007ffabd680000 - 0x00007ffabd6a5000 	C:\Program Files\Java\jdk-15.0.1\bin\java.dll
0x00007ffaeff60000 - 0x00007ffaf06a2000 	C:\WINDOWS\System32\SHELL32.dll
0x00007ffaed440000 - 0x00007ffaedbd5000 	C:\WINDOWS\SYSTEM32\windows.storage.dll
0x00007ffaf1130000 - 0x00007ffaf1486000 	C:\WINDOWS\System32\combase.dll
0x00007ffaeed80000 - 0x00007ffaeedac000 	C:\WINDOWS\SYSTEM32\Wldp.dll
0x00007ffaf0810000 - 0x00007ffaf08be000 	C:\WINDOWS\System32\SHCORE.dll
0x00007ffaf0920000 - 0x00007ffaf0975000 	C:\WINDOWS\System32\shlwapi.dll
0x00007ffaef240000 - 0x00007ffaef266000 	C:\WINDOWS\SYSTEM32\profapi.dll
0x00007ffabd660000 - 0x00007ffabd679000 	C:\Program Files\Java\jdk-15.0.1\bin\net.dll
0x00007ffae1370000 - 0x00007ffae1470000 	C:\WINDOWS\SYSTEM32\WINHTTP.dll
0x00007ffaeeb00000 - 0x00007ffaeeb6a000 	C:\WINDOWS\system32\mswsock.dll
0x00007ffabc680000 - 0x00007ffabc692000 	C:\Program Files\Java\jdk-15.0.1\bin\nio.dll
0x00007ffabc660000 - 0x00007ffabc678000 	C:\Program Files\Java\jdk-15.0.1\bin\zip.dll
0x000001eb0b730000 - 0x000001eb0b733000 	C:\Users\shamm\.openjfx\cache\15.0.1\api-ms-win-core-console-l1-1-0.dll
0x000001eb0b740000 - 0x000001eb0b743000 	C:\Users\shamm\.openjfx\cache\15.0.1\api-ms-win-core-console-l1-2-0.dll
0x000001eb0b750000 - 0x000001eb0b753000 	C:\Users\shamm\.openjfx\cache\15.0.1\api-ms-win-core-datetime-l1-1-0.dll
0x000001eb0b760000 - 0x000001eb0b763000 	C:\Users\shamm\.openjfx\cache\15.0.1\api-ms-win-core-debug-l1-1-0.dll
0x000001eb0b770000 - 0x000001eb0b773000 	C:\Users\shamm\.openjfx\cache\15.0.1\api-ms-win-core-errorhandling-l1-1-0.dll
0x000001eb0b780000 - 0x000001eb0b784000 	C:\Users\shamm\.openjfx\cache\15.0.1\api-ms-win-core-file-l1-1-0.dll
0x000001eb0b790000 - 0x000001eb0b793000 	C:\Users\shamm\.openjfx\cache\15.0.1\api-ms-win-core-file-l1-2-0.dll
0x000001eb0b7a0000 - 0x000001eb0b7a3000 	C:\Users\shamm\.openjfx\cache\15.0.1\api-ms-win-core-file-l2-1-0.dll
0x000001eb0b7b0000 - 0x000001eb0b7b3000 	C:\Users\shamm\.openjfx\cache\15.0.1\api-ms-win-core-handle-l1-1-0.dll
0x000001eb0b7c0000 - 0x000001eb0b7c3000 	C:\Users\shamm\.openjfx\cache\15.0.1\api-ms-win-core-heap-l1-1-0.dll
0x000001eb0b7d0000 - 0x000001eb0b7d3000 	C:\Users\shamm\.openjfx\cache\15.0.1\api-ms-win-core-interlocked-l1-1-0.dll
0x000001eb0b7e0000 - 0x000001eb0b7e3000 	C:\Users\shamm\.openjfx\cache\15.0.1\api-ms-win-core-libraryloader-l1-1-0.dll
0x000001eb0b7f0000 - 0x000001eb0b7f3000 	C:\Users\shamm\.openjfx\cache\15.0.1\api-ms-win-core-localization-l1-2-0.dll
0x000001eb0b800000 - 0x000001eb0b803000 	C:\Users\shamm\.openjfx\cache\15.0.1\api-ms-win-core-memory-l1-1-0.dll
0x000001eb0b810000 - 0x000001eb0b813000 	C:\Users\shamm\.openjfx\cache\15.0.1\api-ms-win-core-namedpipe-l1-1-0.dll
0x000001eb0b820000 - 0x000001eb0b823000 	C:\Users\shamm\.openjfx\cache\15.0.1\api-ms-win-core-processenvironment-l1-1-0.dll
0x000001eb0b830000 - 0x000001eb0b833000 	C:\Users\shamm\.openjfx\cache\15.0.1\api-ms-win-core-processthreads-l1-1-0.dll
0x000001eb0b840000 - 0x000001eb0b843000 	C:\Users\shamm\.openjfx\cache\15.0.1\api-ms-win-core-processthreads-l1-1-1.dll
0x000001eb0b850000 - 0x000001eb0b853000 	C:\Users\shamm\.openjfx\cache\15.0.1\api-ms-win-core-profile-l1-1-0.dll
0x000001eb0b860000 - 0x000001eb0b863000 	C:\Users\shamm\.openjfx\cache\15.0.1\api-ms-win-core-rtlsupport-l1-1-0.dll
0x000001eb0b870000 - 0x000001eb0b873000 	C:\Users\shamm\.openjfx\cache\15.0.1\api-ms-win-core-string-l1-1-0.dll
0x000001eb0b880000 - 0x000001eb0b883000 	C:\Users\shamm\.openjfx\cache\15.0.1\api-ms-win-core-synch-l1-1-0.dll
0x000001eb0b890000 - 0x000001eb0b893000 	C:\Users\shamm\.openjfx\cache\15.0.1\api-ms-win-core-synch-l1-2-0.dll
0x000001eb0b8a0000 - 0x000001eb0b8a3000 	C:\Users\shamm\.openjfx\cache\15.0.1\api-ms-win-core-sysinfo-l1-1-0.dll
0x000001eb0b8b0000 - 0x000001eb0b8b3000 	C:\Users\shamm\.openjfx\cache\15.0.1\api-ms-win-core-timezone-l1-1-0.dll
0x000001eb0b8c0000 - 0x000001eb0b8c3000 	C:\Users\shamm\.openjfx\cache\15.0.1\api-ms-win-core-util-l1-1-0.dll
0x000001eb0b8d0000 - 0x000001eb0b8d3000 	C:\Users\shamm\.openjfx\cache\15.0.1\api-ms-win-crt-conio-l1-1-0.dll
0x000001eb0b8e0000 - 0x000001eb0b8e4000 	C:\Users\shamm\.openjfx\cache\15.0.1\api-ms-win-crt-convert-l1-1-0.dll
0x000001eb0b8f0000 - 0x000001eb0b8f3000 	C:\Users\shamm\.openjfx\cache\15.0.1\api-ms-win-crt-environment-l1-1-0.dll
0x000001eb0b900000 - 0x000001eb0b903000 	C:\Users\shamm\.openjfx\cache\15.0.1\api-ms-win-crt-filesystem-l1-1-0.dll
0x000001eb0b910000 - 0x000001eb0b913000 	C:\Users\shamm\.openjfx\cache\15.0.1\api-ms-win-crt-heap-l1-1-0.dll
0x000001eb0b920000 - 0x000001eb0b923000 	C:\Users\shamm\.openjfx\cache\15.0.1\api-ms-win-crt-locale-l1-1-0.dll
0x000001eb0b930000 - 0x000001eb0b935000 	C:\Users\shamm\.openjfx\cache\15.0.1\api-ms-win-crt-math-l1-1-0.dll
0x000001eb0b940000 - 0x000001eb0b945000 	C:\Users\shamm\.openjfx\cache\15.0.1\api-ms-win-crt-multibyte-l1-1-0.dll
0x000001eb0b950000 - 0x000001eb0b960000 	C:\Users\shamm\.openjfx\cache\15.0.1\api-ms-win-crt-private-l1-1-0.dll
0x000001eb0b960000 - 0x000001eb0b963000 	C:\Users\shamm\.openjfx\cache\15.0.1\api-ms-win-crt-process-l1-1-0.dll
0x000001eb0b970000 - 0x000001eb0b974000 	C:\Users\shamm\.openjfx\cache\15.0.1\api-ms-win-crt-runtime-l1-1-0.dll
0x000001eb0b980000 - 0x000001eb0b984000 	C:\Users\shamm\.openjfx\cache\15.0.1\api-ms-win-crt-stdio-l1-1-0.dll
0x000001eb0b990000 - 0x000001eb0b994000 	C:\Users\shamm\.openjfx\cache\15.0.1\api-ms-win-crt-string-l1-1-0.dll
0x000001eb0b9a0000 - 0x000001eb0b9a3000 	C:\Users\shamm\.openjfx\cache\15.0.1\api-ms-win-crt-time-l1-1-0.dll
0x000001eb0b9b0000 - 0x000001eb0b9b3000 	C:\Users\shamm\.openjfx\cache\15.0.1\api-ms-win-crt-utility-l1-1-0.dll
0x00007ffa89860000 - 0x00007ffa8995c000 	C:\Users\shamm\.openjfx\cache\15.0.1\ucrtbase.dll
0x00007ffae7b60000 - 0x00007ffae7b75000 	C:\Users\shamm\.openjfx\cache\15.0.1\vcruntime140.dll
0x00007ffae7ac0000 - 0x00007ffae7b5b000 	C:\Users\shamm\.openjfx\cache\15.0.1\msvcp140.dll
0x00007ffab9d20000 - 0x00007ffab9d43000 	C:\Users\shamm\.openjfx\cache\15.0.1\prism_d3d.dll
0x00007ffabb300000 - 0x00007ffabb4cf000 	C:\WINDOWS\system32\d3d9.dll
0x00007ffaecc00000 - 0x00007ffaecc2f000 	C:\WINDOWS\SYSTEM32\dwmapi.dll
0x00007ffaec800000 - 0x00007ffaec89e000 	C:\WINDOWS\system32\uxtheme.dll
0x00007ffab7570000 - 0x00007ffab7747000 	C:\WINDOWS\System32\DriverStore\FileRepository\igdlh64.inf_amd64_7948ecc1af5c27e1\igdumdim64.dll
0x00007ffa857e0000 - 0x00007ffa887dd000 	C:\WINDOWS\System32\DriverStore\FileRepository\igdlh64.inf_amd64_7948ecc1af5c27e1\igd9dxva64.dll
0x00007ffaf1860000 - 0x00007ffaf198a000 	C:\WINDOWS\System32\ole32.dll
0x00007ffaf1ac0000 - 0x00007ffaf1b8d000 	C:\WINDOWS\System32\OLEAUT32.dll
0x00007ffab9cd0000 - 0x00007ffab9d15000 	C:\Users\shamm\.openjfx\cache\15.0.1\glass.dll
0x00007ffaefcb0000 - 0x00007ffaefd8b000 	C:\WINDOWS\System32\COMDLG32.dll
0x00007ffaf0980000 - 0x00007ffaf0a96000 	C:\WINDOWS\System32\MSCTF.dll
0x00007ffae1ad0000 - 0x00007ffae3865000 	C:\WINDOWS\System32\DriverStore\FileRepository\igdlh64.inf_amd64_7948ecc1af5c27e1\igc64.dll
0x00007ffae6480000 - 0x00007ffae64bb000 	C:\WINDOWS\SYSTEM32\dxcore.dll
0x00007ffaef5d0000 - 0x00007ffaef61e000 	C:\WINDOWS\System32\cfgmgr32.dll
0x00007ffae7aa0000 - 0x00007ffae7ab4000 	C:\Users\shamm\.openjfx\cache\15.0.1\javafx_font.dll
0x00007ffac6260000 - 0x00007ffac64df000 	C:\WINDOWS\SYSTEM32\dwrite.dll
0x00007ffaf1050000 - 0x00007ffaf10f9000 	C:\WINDOWS\System32\clbcatq.dll
0x00007ffae6be0000 - 0x00007ffae6d94000 	C:\WINDOWS\SYSTEM32\WindowsCodecs.dll
0x00007ffaef5a0000 - 0x00007ffaef5c7000 	C:\WINDOWS\System32\bcrypt.dll
0x00007ffabdba0000 - 0x00007ffabdbde000 	C:\WINDOWS\system32\dataexchange.dll
0x00007ffaea200000 - 0x00007ffaea464000 	C:\WINDOWS\system32\d3d11.dll
0x00007ffaeb260000 - 0x00007ffaeb447000 	C:\WINDOWS\system32\dcomp.dll
0x00007ffaedc60000 - 0x00007ffaedd53000 	C:\WINDOWS\system32\dxgi.dll
0x00007ffae8f50000 - 0x00007ffae9158000 	C:\WINDOWS\system32\twinapi.appcore.dll

dbghelp: loaded successfully - version: 4.0.5 - missing functions: none
symbol engine: initialized successfully - sym options: 0x614 - pdb path: .;C:\Program Files\Java\jdk-15.0.1\bin;C:\WINDOWS\SYSTEM32;C:\WINDOWS\WinSxS\amd64_microsoft.windows.common-controls_6595b64144ccf1df_6.0.19041.488_none_ca04af081b815d21;C:\Program Files\Java\jdk-15.0.1\bin\server;C:\Users\shamm\.openjfx\cache\15.0.1;C:\WINDOWS\System32\DriverStore\FileRepository\igdlh64.inf_amd64_7948ecc1af5c27e1

VM Arguments:
jvm_args: --module-path=C:\Users\shamm\.m2\repository\org\openjfx\javafx-base\15.0.1\javafx-base-15.0.1-win.jar;C:\Users\shamm\.m2\repository\org\openjfx\javafx-base\15.0.1\javafx-base-15.0.1.jar;C:\Users\shamm\.m2\repository\org\openjfx\javafx-controls\15.0.1\javafx-controls-15.0.1-win.jar;C:\Users\shamm\.m2\repository\org\openjfx\javafx-controls\15.0.1\javafx-controls-15.0.1.jar;C:\Users\shamm\.m2\repository\org\openjfx\javafx-fxml\15.0.1\javafx-fxml-15.0.1-win.jar;C:\Users\shamm\.m2\repository\org\openjfx\javafx-fxml\15.0.1\javafx-fxml-15.0.1.jar;C:\Users\shamm\.m2\repository\org\openjfx\javafx-graphics\15.0.1\javafx-graphics-15.0.1-win.jar;C:\Users\shamm\.m2\repository\org\openjfx\javafx-graphics\15.0.1\javafx-graphics-15.0.1.jar;C:\Users\shamm\.m2\repository\org\openjfx\javafx-media\15.0.1\javafx-media-15.0.1-win.jar;C:\Users\shamm\.m2\repository\org\openjfx\javafx-media\15.0.1\javafx-media-15.0.1.jar;C:\Users\shamm\.m2\repository\org\openjfx\javafx-swing\15.0.1\javafx-swing-15.0.1-win.jar;C:\Users\shamm\.m2\repository\org\openjfx\javafx-swing\15.0.1\javafx-swing-15.0.1.jar --add-modules=javafx.base,javafx.controls,javafx.fxml,javafx.graphics,javafx.media,javafx.swing 
java_command: p4_group_8_repo.main.FroggerApp
java_class_path (initial): C:\Users\shamm\git\local_COMP2042_CW_sham\TryFrog1\target\classes
Launcher Type: SUN_STANDARD

[Global flags]
     intx CICompilerCount                          = 4                                         {product} {ergonomic}
     uint ConcGCThreads                            = 2                                         {product} {ergonomic}
     uint G1ConcRefinementThreads                  = 8                                         {product} {ergonomic}
   size_t G1HeapRegionSize                         = 2097152                                   {product} {ergonomic}
    uintx GCDrainStackTargetSize                   = 64                                        {product} {ergonomic}
   size_t InitialHeapSize                          = 266338304                                 {product} {ergonomic}
   size_t MarkStackSize                            = 4194304                                   {product} {ergonomic}
   size_t MaxHeapSize                              = 4261412864                                {product} {ergonomic}
   size_t MaxNewSize                               = 2556428288                                {product} {ergonomic}
   size_t MinHeapDeltaBytes                        = 2097152                                   {product} {ergonomic}
   size_t MinHeapSize                              = 8388608                                   {product} {ergonomic}
    uintx NonNMethodCodeHeapSize                   = 5839372                                {pd product} {ergonomic}
    uintx NonProfiledCodeHeapSize                  = 122909434                              {pd product} {ergonomic}
    uintx ProfiledCodeHeapSize                     = 122909434                              {pd product} {ergonomic}
    uintx ReservedCodeCacheSize                    = 251658240                              {pd product} {ergonomic}
     bool SegmentedCodeCache                       = true                                      {product} {ergonomic}
   size_t SoftMaxHeapSize                          = 4261412864                             {manageable} {ergonomic}
     bool UseCompressedClassPointers               = true                                 {lp64_product} {ergonomic}
     bool UseCompressedOops                        = true                                 {lp64_product} {ergonomic}
     bool UseG1GC                                  = true                                      {product} {ergonomic}
     bool UseLargePagesIndividualAllocation        = false                                  {pd product} {ergonomic}

Logging:
Log output configuration:
 #0: stdout all=warning uptime,level,tags
 #1: stderr all=off uptime,level,tags

Environment Variables:
PATH=C:\Program Files\Common Files\Oracle\Java\javapath;C:\Program Files\Microsoft MPI\Bin\;C:\Windows\system32;C:\Windows;C:\Windows\System32\Wbem;C:\Windows\System32\WindowsPowerShell\v1.0\;C:\Program Files (x86)\NVIDIA Corporation\PhysX\Common;C:\WINDOWS\system32;C:\WINDOWS;C:\WINDOWS\System32\Wbem;C:\WINDOWS\System32\WindowsPowerShell\v1.0\;C:\WINDOWS\System32\OpenSSH\;C:\MinGW\bin;C:\Program Files\PuTTY\;C:\Program Files\Java\jdk-13.0.1\bin;C:\PHP7;C:\Program Files (x86)\Microsoft SQL Server\150\Tools\Binn\;C:\Program Files\Microsoft SQL Server\150\Tools\Binn\;C:\Program Files (x86)\Microsoft SQL Server\150\DTS\Binn\;C:\Program Files\Microsoft SQL Server\150\DTS\Binn\;C:\Program Files\Microsoft SQL Server\Client SDK\ODBC\170\Tools\Binn\;c:\Program Files (x86)\Intel\Intel(R) Management Engine Components\DAL;c:\Program Files\Intel\Intel(R) Management Engine Components\DAL;C:\Program Files\NVIDIA Corporation\NVIDIA NvDLISR;C:\Users\shamm\AppData\Roaming\local\bin;C:\Users\shamm\AppData\Local\Microsoft\WindowsApps;C:\Users\shamm\AppData\Local\Programs\Microsoft VS Code\bin;C:\MinGW;
USERNAME=shamm
OS=Windows_NT
PROCESSOR_IDENTIFIER=Intel64 Family 6 Model 142 Stepping 10, GenuineIntel



---------------  S Y S T E M  ---------------

OS:
 Windows 10 , 64 bit Build 19041 (10.0.19041.662)
OS uptime: 0 days 11:47 hours

CPU: total 8 (initial active 8) (4 cores per cpu, 2 threads per core) family 6 model 142 stepping 10 microcode 0xc6, cmov, cx8, fxsr, mmx, sse, sse2, sse3, ssse3, sse4.1, sse4.2, popcnt, vzeroupper, avx, avx2, aes, clmul, erms, 3dnowpref, lzcnt, ht, tsc, tscinvbit, bmi1, bmi2, adx, fma, clflush, clflushopt

Memory: 4k page, system-wide physical 16250M (261M free)
TotalPageFile size 31353M (AvailPageFile size 4M)
current process WorkingSet (physical memory assigned to process): 123M, peak: 123M
current process commit charge ("private bytes"): 406M, peak: 406M

vm_info: Java HotSpot(TM) 64-Bit Server VM (15.0.1+9-18) for windows-amd64 JRE (15.0.1+9-18), built on Sep 15 2020 14:43:54 by "mach5one" with unknown MS VC++:1925

END.
