#
# There is insufficient memory for the Java Runtime Environment to continue.
# Native memory allocation (malloc) failed to allocate 1282528 bytes for Chunk::new
# Possible reasons:
#   The system is out of physical RAM or swap space
#   The process is running with CompressedOops enabled, and the Java Heap may be blocking the growth of the native heap
# Possible solutions:
#   Reduce memory load on the system
#   Increase physical memory or swap space
#   Check if swap backing store is full
#   Decrease Java heap size (-Xmx/-Xms)
#   Decrease number of Java threads
#   Decrease Java thread stack sizes (-Xss)
#   Set larger code cache with -XX:ReservedCodeCacheSize=
#   JVM is running with Zero Based Compressed Oops mode in which the Java heap is
#     placed in the first 32GB address space. The Java Heap base address is the
#     maximum limit for the native heap growth. Please use -XX:HeapBaseMinAddress
#     to set the Java Heap base and to place the Java Heap above 32GB virtual address.
# This output file may be truncated or incomplete.
#
#  Out of Memory Error (t:/workspace/open/src/hotspot/share/memory/arena.cpp:196), pid=23968, tid=22720
#
# JRE version: Java(TM) SE Runtime Environment (13.0.1+9) (build 13.0.1+9)
# Java VM: Java HotSpot(TM) 64-Bit Server VM (13.0.1+9, mixed mode, sharing, tiered, compressed oops, g1 gc, windows-amd64)
# No core dump will be written. Minidumps are not enabled by default on client versions of Windows
#

---------------  S U M M A R Y ------------

Command Line: --module-path=C:\Program Files\Java\JavaFx\javafx-sdk-11.0.2\lib --add-modules=ALL-MODULE-PATH -Dfile.encoding=UTF-8 p4_group_8_repo.main.FroggerApp

Host: Intel(R) Core(TM) i7-8550U CPU @ 1.80GHz, 8 cores, 15G,  Windows 10 , 64 bit Build 19041 (10.0.19041.662)
Time: Tue Dec 15 15:51:10 2020 Malay Peninsula Standard Time elapsed time: 5 seconds (0d 0h 0m 5s)

---------------  T H R E A D  ---------------

Current thread (0x00000147a13ba800):  JavaThread "C2 CompilerThread0" daemon [_thread_in_native, id=22720, stack(0x0000001875f00000,0x0000001876000000)]


Current CompileTask:
C2:   5091 2504       4       com.sun.javafx.sg.prism.NGNode::doRender (473 bytes)

Stack: [0x0000001875f00000,0x0000001876000000]
Native frames: (J=compiled Java code, j=interpreted, Vv=VM code, C=native code)
V  [jvm.dll+0x626eca]
V  [jvm.dll+0x772c6a]
V  [jvm.dll+0x77441f]
V  [jvm.dll+0x774a23]
V  [jvm.dll+0x24da58]
V  [jvm.dll+0xc3ae7]
V  [jvm.dll+0xc406c]
V  [jvm.dll+0x35de75]
V  [jvm.dll+0x1a0e10]
V  [jvm.dll+0x2079d6]
V  [jvm.dll+0x206adf]
V  [jvm.dll+0x18b94c]
V  [jvm.dll+0x2159bd]
V  [jvm.dll+0x213e6b]
V  [jvm.dll+0x738b16]
V  [jvm.dll+0x731c0a]
V  [jvm.dll+0x6260c6]
C  [ucrtbase.dll+0x214c2]
C  [KERNEL32.DLL+0x17034]
C  [ntdll.dll+0x4d0d1]


---------------  P R O C E S S  ---------------

Threads class SMR info:
_java_thread_list=0x00000147a7ef91d0, length=24, elements={
0x00000147fcd5e800, 0x00000147ff5b6000, 0x00000147ff5bc000, 0x00000147ff5d3800,
0x00000147ff5d5800, 0x00000147a13ba800, 0x00000147a13bb000, 0x00000147a13c6000,
0x00000147a13b0800, 0x00000147a160f000, 0x00000147a26af800, 0x00000147a15cd000,
0x00000147a22bf800, 0x00000147a2261000, 0x00000147a241a000, 0x00000147a7c92800,
0x00000147a1516800, 0x00000147a2225000, 0x00000147a247d800, 0x00000147a2efe000,
0x00000147a7d54800, 0x00000147a7d53000, 0x00000147a7d58000, 0x00000147a7d57000
}

Java Threads: ( => current thread )
  0x00000147fcd5e800 JavaThread "main" [_thread_blocked, id=17208, stack(0x0000001875400000,0x0000001875500000)]
  0x00000147ff5b6000 JavaThread "Reference Handler" daemon [_thread_blocked, id=6596, stack(0x0000001875b00000,0x0000001875c00000)]
  0x00000147ff5bc000 JavaThread "Finalizer" daemon [_thread_blocked, id=27140, stack(0x0000001875c00000,0x0000001875d00000)]
  0x00000147ff5d3800 JavaThread "Signal Dispatcher" daemon [_thread_blocked, id=26568, stack(0x0000001875d00000,0x0000001875e00000)]
  0x00000147ff5d5800 JavaThread "Attach Listener" daemon [_thread_blocked, id=7692, stack(0x0000001875e00000,0x0000001875f00000)]
=>0x00000147a13ba800 JavaThread "C2 CompilerThread0" daemon [_thread_in_native, id=22720, stack(0x0000001875f00000,0x0000001876000000)]
  0x00000147a13bb000 JavaThread "C1 CompilerThread0" daemon [_thread_blocked, id=6288, stack(0x0000001876000000,0x0000001876100000)]
  0x00000147a13c6000 JavaThread "Sweeper thread" daemon [_thread_blocked, id=5956, stack(0x0000001876100000,0x0000001876200000)]
  0x00000147a13b0800 JavaThread "Common-Cleaner" daemon [_thread_blocked, id=25936, stack(0x0000001876200000,0x0000001876300000)]
  0x00000147a160f000 JavaThread "Service Thread" daemon [_thread_blocked, id=27540, stack(0x0000001876500000,0x0000001876600000)]
  0x00000147a26af800 JavaThread "QuantumRenderer-0" daemon [_thread_in_native, id=12228, stack(0x0000001876400000,0x0000001876500000)]
  0x00000147a15cd000 JavaThread "InvokeLaterDispatcher" daemon [_thread_blocked, id=16512, stack(0x0000001876700000,0x0000001876800000)]
  0x00000147a22bf800 JavaThread "JavaFX Application Thread" [_thread_blocked, id=20780, stack(0x0000001876800000,0x0000001876900000)]
  0x00000147a2261000 JavaThread "JavaFX-Launcher" [_thread_blocked, id=20840, stack(0x0000001876d00000,0x0000001876e00000)]
  0x00000147a241a000 JavaThread "Thread-2" daemon [_thread_in_native, id=10852, stack(0x0000001876c00000,0x0000001876d00000)]
  0x00000147a7c92800 JavaThread "Prism Font Disposer" daemon [_thread_blocked, id=13804, stack(0x0000001877700000,0x0000001877800000)]
  0x00000147a1516800 JavaThread "Timer-0" [_thread_blocked, id=23972, stack(0x0000001876300000,0x0000001876400000)]
  0x00000147a2225000 JavaThread "Timer-1" [_thread_blocked, id=25984, stack(0x0000001877800000,0x0000001877900000)]
  0x00000147a247d800 JavaThread "Timer-2" [_thread_blocked, id=5336, stack(0x0000001877900000,0x0000001877a00000)]
  0x00000147a2efe000 JavaThread "Timer-3" [_thread_blocked, id=23692, stack(0x0000001877a00000,0x0000001877b00000)]
  0x00000147a7d54800 JavaThread "JFXMedia Player EventQueueThread" daemon [_thread_blocked, id=25036, stack(0x0000001877c00000,0x0000001877d00000)]
  0x00000147a7d53000 JavaThread "Media Resource Disposer" daemon [_thread_blocked, id=26044, stack(0x0000001878400000,0x0000001878500000)]
  0x00000147a7d58000 JavaThread "Cleaner-0" daemon [_thread_blocked, id=26316, stack(0x0000001878500000,0x0000001878600000)]
  0x00000147a7d57000 JavaThread "Timer-4" daemon [_thread_blocked, id=5496, stack(0x0000001878600000,0x0000001878700000)]

Other Threads:
  0x00000147ff5b5000 VMThread "VM Thread" [stack: 0x0000001875a00000,0x0000001875b00000] [id=22644]
  0x00000147a1ab3000 WatcherThread [stack: 0x0000001876600000,0x0000001876700000] [id=26524]
  0x00000147fcdcb800 GCTaskThread "GC Thread#0" [stack: 0x0000001875500000,0x0000001875600000] [id=25436]
  0x00000147a2213000 GCTaskThread "GC Thread#1" [stack: 0x0000001876e00000,0x0000001876f00000] [id=6608]
  0x00000147a21e2800 GCTaskThread "GC Thread#2" [stack: 0x0000001876f00000,0x0000001877000000] [id=19760]
  0x00000147a29ee800 GCTaskThread "GC Thread#3" [stack: 0x0000001877000000,0x0000001877100000] [id=9492]
  0x00000147a225e800 GCTaskThread "GC Thread#4" [stack: 0x0000001877100000,0x0000001877200000] [id=14064]
  0x00000147a2a67800 GCTaskThread "GC Thread#5" [stack: 0x0000001877200000,0x0000001877300000] [id=26652]
  0x00000147fcdee800 ConcurrentGCThread "G1 Main Marker" [stack: 0x0000001875600000,0x0000001875700000] [id=27184]
  0x00000147fcdef800 ConcurrentGCThread "G1 Conc#0" [stack: 0x0000001875700000,0x0000001875800000] [id=3292]
  0x00000147ff4ab800 ConcurrentGCThread "G1 Refine#0" [stack: 0x0000001875800000,0x0000001875900000] [id=15116]
  0x00000147ff4ad800 ConcurrentGCThread "G1 Young RemSet Sampling" [stack: 0x0000001875900000,0x0000001875a00000] [id=25944]

Threads with active compile tasks:
C2 CompilerThread0     5145 2504       4       com.sun.javafx.sg.prism.NGNode::doRender (473 bytes)

VM state:not at safepoint (normal execution)

VM Mutex/Monitor currently owned by a thread: None

Heap address: 0x0000000702000000, size: 4064 MB, Compressed Oops mode: Zero based, Oop shift amount: 3
Narrow klass base: 0x0000000800000000, Narrow klass shift: 3
Compressed class space size: 1073741824 Address: 0x0000000800b40000

Heap:
 garbage-first heap   total 260096K, used 126464K [0x0000000702000000, 0x0000000800000000)
  region size 1024K, 115 young (117760K), 3 survivors (3072K)
 Metaspace       used 15872K, capacity 16647K, committed 16896K, reserved 1062912K
  class space    used 2215K, capacity 2454K, committed 2560K, reserved 1048576K
Heap Regions: E=young(eden), S=young(survivor), O=old, HS=humongous(starts), HC=humongous(continues), CS=collection set, F=free, A=archive, TAMS=top-at-mark-start (previous, next)
|   0|0x0000000702000000, 0x0000000702100000, 0x0000000702100000|100%| O|  |TAMS 0x0000000702000000, 0x0000000702000000| Untracked 
|   1|0x0000000702100000, 0x0000000702180200, 0x0000000702200000| 50%| O|  |TAMS 0x0000000702100000, 0x0000000702100000| Untracked 
|   2|0x0000000702200000, 0x0000000702300000, 0x0000000702300000|100%|HS|  |TAMS 0x0000000702200000, 0x0000000702200000| Complete 
|   3|0x0000000702300000, 0x0000000702400000, 0x0000000702400000|100%|HC|  |TAMS 0x0000000702300000, 0x0000000702300000| Complete 
|   4|0x0000000702400000, 0x0000000702500000, 0x0000000702500000|100%|HS|  |TAMS 0x0000000702400000, 0x0000000702400000| Complete 
|   5|0x0000000702500000, 0x0000000702600000, 0x0000000702600000|100%|HS|  |TAMS 0x0000000702500000, 0x0000000702500000| Complete 
|   6|0x0000000702600000, 0x0000000702700000, 0x0000000702700000|100%|HS|  |TAMS 0x0000000702600000, 0x0000000702600000| Complete 
|   7|0x0000000702700000, 0x0000000702800000, 0x0000000702800000|100%|HS|  |TAMS 0x0000000702700000, 0x0000000702700000| Complete 
|   8|0x0000000702800000, 0x0000000702900000, 0x0000000702900000|100%|HS|  |TAMS 0x0000000702800000, 0x0000000702800000| Complete 
|   9|0x0000000702900000, 0x0000000702a00000, 0x0000000702a00000|100%|HC|  |TAMS 0x0000000702900000, 0x0000000702900000| Complete 
|  10|0x0000000702a00000, 0x0000000702a00000, 0x0000000702b00000|  0%| F|  |TAMS 0x0000000702a00000, 0x0000000702a00000| Untracked 
|  11|0x0000000702b00000, 0x0000000702b00000, 0x0000000702c00000|  0%| F|  |TAMS 0x0000000702b00000, 0x0000000702b00000| Untracked 
|  12|0x0000000702c00000, 0x0000000702c00000, 0x0000000702d00000|  0%| F|  |TAMS 0x0000000702c00000, 0x0000000702c00000| Untracked 
|  13|0x0000000702d00000, 0x0000000702d00000, 0x0000000702e00000|  0%| F|  |TAMS 0x0000000702d00000, 0x0000000702d00000| Untracked 
|  14|0x0000000702e00000, 0x0000000702e00000, 0x0000000702f00000|  0%| F|  |TAMS 0x0000000702e00000, 0x0000000702e00000| Untracked 
|  15|0x0000000702f00000, 0x0000000702f00000, 0x0000000703000000|  0%| F|  |TAMS 0x0000000702f00000, 0x0000000702f00000| Untracked 
|  16|0x0000000703000000, 0x0000000703000000, 0x0000000703100000|  0%| F|  |TAMS 0x0000000703000000, 0x0000000703000000| Untracked 
|  17|0x0000000703100000, 0x0000000703100000, 0x0000000703200000|  0%| F|  |TAMS 0x0000000703100000, 0x0000000703100000| Untracked 
|  18|0x0000000703200000, 0x0000000703200000, 0x0000000703300000|  0%| F|  |TAMS 0x0000000703200000, 0x0000000703200000| Untracked 
|  19|0x0000000703300000, 0x0000000703300000, 0x0000000703400000|  0%| F|  |TAMS 0x0000000703300000, 0x0000000703300000| Untracked 
|  20|0x0000000703400000, 0x0000000703400000, 0x0000000703500000|  0%| F|  |TAMS 0x0000000703400000, 0x0000000703400000| Untracked 
|  21|0x0000000703500000, 0x0000000703500000, 0x0000000703600000|  0%| F|  |TAMS 0x0000000703500000, 0x0000000703500000| Untracked 
|  22|0x0000000703600000, 0x0000000703600000, 0x0000000703700000|  0%| F|  |TAMS 0x0000000703600000, 0x0000000703600000| Untracked 
|  23|0x0000000703700000, 0x0000000703700000, 0x0000000703800000|  0%| F|  |TAMS 0x0000000703700000, 0x0000000703700000| Untracked 
|  24|0x0000000703800000, 0x0000000703800000, 0x0000000703900000|  0%| F|  |TAMS 0x0000000703800000, 0x0000000703800000| Untracked 
|  25|0x0000000703900000, 0x0000000703900000, 0x0000000703a00000|  0%| F|  |TAMS 0x0000000703900000, 0x0000000703900000| Untracked 
|  26|0x0000000703a00000, 0x0000000703a00000, 0x0000000703b00000|  0%| F|  |TAMS 0x0000000703a00000, 0x0000000703a00000| Untracked 
|  27|0x0000000703b00000, 0x0000000703b00000, 0x0000000703c00000|  0%| F|  |TAMS 0x0000000703b00000, 0x0000000703b00000| Untracked 
|  28|0x0000000703c00000, 0x0000000703c00000, 0x0000000703d00000|  0%| F|  |TAMS 0x0000000703c00000, 0x0000000703c00000| Untracked 
|  29|0x0000000703d00000, 0x0000000703d00000, 0x0000000703e00000|  0%| F|  |TAMS 0x0000000703d00000, 0x0000000703d00000| Untracked 
|  30|0x0000000703e00000, 0x0000000703e00000, 0x0000000703f00000|  0%| F|  |TAMS 0x0000000703e00000, 0x0000000703e00000| Untracked 
|  31|0x0000000703f00000, 0x0000000703f00000, 0x0000000704000000|  0%| F|  |TAMS 0x0000000703f00000, 0x0000000703f00000| Untracked 
|  32|0x0000000704000000, 0x0000000704000000, 0x0000000704100000|  0%| F|  |TAMS 0x0000000704000000, 0x0000000704000000| Untracked 
|  33|0x0000000704100000, 0x0000000704100000, 0x0000000704200000|  0%| F|  |TAMS 0x0000000704100000, 0x0000000704100000| Untracked 
|  34|0x0000000704200000, 0x0000000704200000, 0x0000000704300000|  0%| F|  |TAMS 0x0000000704200000, 0x0000000704200000| Untracked 
|  35|0x0000000704300000, 0x0000000704300000, 0x0000000704400000|  0%| F|  |TAMS 0x0000000704300000, 0x0000000704300000| Untracked 
|  36|0x0000000704400000, 0x0000000704400000, 0x0000000704500000|  0%| F|  |TAMS 0x0000000704400000, 0x0000000704400000| Untracked 
|  37|0x0000000704500000, 0x0000000704500000, 0x0000000704600000|  0%| F|  |TAMS 0x0000000704500000, 0x0000000704500000| Untracked 
|  38|0x0000000704600000, 0x0000000704600000, 0x0000000704700000|  0%| F|  |TAMS 0x0000000704600000, 0x0000000704600000| Untracked 
|  39|0x0000000704700000, 0x0000000704700000, 0x0000000704800000|  0%| F|  |TAMS 0x0000000704700000, 0x0000000704700000| Untracked 
|  40|0x0000000704800000, 0x0000000704800000, 0x0000000704900000|  0%| F|  |TAMS 0x0000000704800000, 0x0000000704800000| Untracked 
|  41|0x0000000704900000, 0x0000000704900000, 0x0000000704a00000|  0%| F|  |TAMS 0x0000000704900000, 0x0000000704900000| Untracked 
|  42|0x0000000704a00000, 0x0000000704a00000, 0x0000000704b00000|  0%| F|  |TAMS 0x0000000704a00000, 0x0000000704a00000| Untracked 
|  43|0x0000000704b00000, 0x0000000704b00000, 0x0000000704c00000|  0%| F|  |TAMS 0x0000000704b00000, 0x0000000704b00000| Untracked 
|  44|0x0000000704c00000, 0x0000000704c00000, 0x0000000704d00000|  0%| F|  |TAMS 0x0000000704c00000, 0x0000000704c00000| Untracked 
|  45|0x0000000704d00000, 0x0000000704d00000, 0x0000000704e00000|  0%| F|  |TAMS 0x0000000704d00000, 0x0000000704d00000| Untracked 
|  46|0x0000000704e00000, 0x0000000704e00000, 0x0000000704f00000|  0%| F|  |TAMS 0x0000000704e00000, 0x0000000704e00000| Untracked 
|  47|0x0000000704f00000, 0x0000000704f00000, 0x0000000705000000|  0%| F|  |TAMS 0x0000000704f00000, 0x0000000704f00000| Untracked 
|  48|0x0000000705000000, 0x0000000705000000, 0x0000000705100000|  0%| F|  |TAMS 0x0000000705000000, 0x0000000705000000| Untracked 
|  49|0x0000000705100000, 0x0000000705100000, 0x0000000705200000|  0%| F|  |TAMS 0x0000000705100000, 0x0000000705100000| Untracked 
|  50|0x0000000705200000, 0x0000000705200000, 0x0000000705300000|  0%| F|  |TAMS 0x0000000705200000, 0x0000000705200000| Untracked 
|  51|0x0000000705300000, 0x0000000705300000, 0x0000000705400000|  0%| F|  |TAMS 0x0000000705300000, 0x0000000705300000| Untracked 
|  52|0x0000000705400000, 0x0000000705400000, 0x0000000705500000|  0%| F|  |TAMS 0x0000000705400000, 0x0000000705400000| Untracked 
|  53|0x0000000705500000, 0x0000000705500000, 0x0000000705600000|  0%| F|  |TAMS 0x0000000705500000, 0x0000000705500000| Untracked 
|  54|0x0000000705600000, 0x0000000705600000, 0x0000000705700000|  0%| F|  |TAMS 0x0000000705600000, 0x0000000705600000| Untracked 
|  55|0x0000000705700000, 0x0000000705700000, 0x0000000705800000|  0%| F|  |TAMS 0x0000000705700000, 0x0000000705700000| Untracked 
|  56|0x0000000705800000, 0x0000000705800000, 0x0000000705900000|  0%| F|  |TAMS 0x0000000705800000, 0x0000000705800000| Untracked 
|  57|0x0000000705900000, 0x0000000705900000, 0x0000000705a00000|  0%| F|  |TAMS 0x0000000705900000, 0x0000000705900000| Untracked 
|  58|0x0000000705a00000, 0x0000000705a00000, 0x0000000705b00000|  0%| F|  |TAMS 0x0000000705a00000, 0x0000000705a00000| Untracked 
|  59|0x0000000705b00000, 0x0000000705b00000, 0x0000000705c00000|  0%| F|  |TAMS 0x0000000705b00000, 0x0000000705b00000| Untracked 
|  60|0x0000000705c00000, 0x0000000705c00000, 0x0000000705d00000|  0%| F|  |TAMS 0x0000000705c00000, 0x0000000705c00000| Untracked 
|  61|0x0000000705d00000, 0x0000000705d00000, 0x0000000705e00000|  0%| F|  |TAMS 0x0000000705d00000, 0x0000000705d00000| Untracked 
|  62|0x0000000705e00000, 0x0000000705e00000, 0x0000000705f00000|  0%| F|  |TAMS 0x0000000705e00000, 0x0000000705e00000| Untracked 
|  63|0x0000000705f00000, 0x0000000705f00000, 0x0000000706000000|  0%| F|  |TAMS 0x0000000705f00000, 0x0000000705f00000| Untracked 
|  64|0x0000000706000000, 0x0000000706000000, 0x0000000706100000|  0%| F|  |TAMS 0x0000000706000000, 0x0000000706000000| Untracked 
|  65|0x0000000706100000, 0x0000000706100000, 0x0000000706200000|  0%| F|  |TAMS 0x0000000706100000, 0x0000000706100000| Untracked 
|  66|0x0000000706200000, 0x0000000706200000, 0x0000000706300000|  0%| F|  |TAMS 0x0000000706200000, 0x0000000706200000| Untracked 
|  67|0x0000000706300000, 0x0000000706300000, 0x0000000706400000|  0%| F|  |TAMS 0x0000000706300000, 0x0000000706300000| Untracked 
|  68|0x0000000706400000, 0x0000000706400000, 0x0000000706500000|  0%| F|  |TAMS 0x0000000706400000, 0x0000000706400000| Untracked 
|  69|0x0000000706500000, 0x0000000706500000, 0x0000000706600000|  0%| F|  |TAMS 0x0000000706500000, 0x0000000706500000| Untracked 
|  70|0x0000000706600000, 0x0000000706600000, 0x0000000706700000|  0%| F|  |TAMS 0x0000000706600000, 0x0000000706600000| Untracked 
|  71|0x0000000706700000, 0x0000000706700000, 0x0000000706800000|  0%| F|  |TAMS 0x0000000706700000, 0x0000000706700000| Untracked 
|  72|0x0000000706800000, 0x0000000706800000, 0x0000000706900000|  0%| F|  |TAMS 0x0000000706800000, 0x0000000706800000| Untracked 
|  73|0x0000000706900000, 0x0000000706900000, 0x0000000706a00000|  0%| F|  |TAMS 0x0000000706900000, 0x0000000706900000| Untracked 
|  74|0x0000000706a00000, 0x0000000706a00000, 0x0000000706b00000|  0%| F|  |TAMS 0x0000000706a00000, 0x0000000706a00000| Untracked 
|  75|0x0000000706b00000, 0x0000000706b00000, 0x0000000706c00000|  0%| F|  |TAMS 0x0000000706b00000, 0x0000000706b00000| Untracked 
|  76|0x0000000706c00000, 0x0000000706c00000, 0x0000000706d00000|  0%| F|  |TAMS 0x0000000706c00000, 0x0000000706c00000| Untracked 
|  77|0x0000000706d00000, 0x0000000706d00000, 0x0000000706e00000|  0%| F|  |TAMS 0x0000000706d00000, 0x0000000706d00000| Untracked 
|  78|0x0000000706e00000, 0x0000000706e00000, 0x0000000706f00000|  0%| F|  |TAMS 0x0000000706e00000, 0x0000000706e00000| Untracked 
|  79|0x0000000706f00000, 0x0000000706f00000, 0x0000000707000000|  0%| F|  |TAMS 0x0000000706f00000, 0x0000000706f00000| Untracked 
|  80|0x0000000707000000, 0x0000000707000000, 0x0000000707100000|  0%| F|  |TAMS 0x0000000707000000, 0x0000000707000000| Untracked 
|  81|0x0000000707100000, 0x0000000707100000, 0x0000000707200000|  0%| F|  |TAMS 0x0000000707100000, 0x0000000707100000| Untracked 
|  82|0x0000000707200000, 0x0000000707200000, 0x0000000707300000|  0%| F|  |TAMS 0x0000000707200000, 0x0000000707200000| Untracked 
|  83|0x0000000707300000, 0x0000000707300000, 0x0000000707400000|  0%| F|  |TAMS 0x0000000707300000, 0x0000000707300000| Untracked 
|  84|0x0000000707400000, 0x0000000707400000, 0x0000000707500000|  0%| F|  |TAMS 0x0000000707400000, 0x0000000707400000| Untracked 
|  85|0x0000000707500000, 0x0000000707500000, 0x0000000707600000|  0%| F|  |TAMS 0x0000000707500000, 0x0000000707500000| Untracked 
|  86|0x0000000707600000, 0x0000000707600000, 0x0000000707700000|  0%| F|  |TAMS 0x0000000707600000, 0x0000000707600000| Untracked 
|  87|0x0000000707700000, 0x0000000707700000, 0x0000000707800000|  0%| F|  |TAMS 0x0000000707700000, 0x0000000707700000| Untracked 
|  88|0x0000000707800000, 0x0000000707800000, 0x0000000707900000|  0%| F|  |TAMS 0x0000000707800000, 0x0000000707800000| Untracked 
|  89|0x0000000707900000, 0x0000000707900000, 0x0000000707a00000|  0%| F|  |TAMS 0x0000000707900000, 0x0000000707900000| Untracked 
|  90|0x0000000707a00000, 0x0000000707a00000, 0x0000000707b00000|  0%| F|  |TAMS 0x0000000707a00000, 0x0000000707a00000| Untracked 
|  91|0x0000000707b00000, 0x0000000707b00000, 0x0000000707c00000|  0%| F|  |TAMS 0x0000000707b00000, 0x0000000707b00000| Untracked 
|  92|0x0000000707c00000, 0x0000000707c00000, 0x0000000707d00000|  0%| F|  |TAMS 0x0000000707c00000, 0x0000000707c00000| Untracked 
|  93|0x0000000707d00000, 0x0000000707d00000, 0x0000000707e00000|  0%| F|  |TAMS 0x0000000707d00000, 0x0000000707d00000| Untracked 
|  94|0x0000000707e00000, 0x0000000707e00000, 0x0000000707f00000|  0%| F|  |TAMS 0x0000000707e00000, 0x0000000707e00000| Untracked 
|  95|0x0000000707f00000, 0x0000000707f00000, 0x0000000708000000|  0%| F|  |TAMS 0x0000000707f00000, 0x0000000707f00000| Untracked 
|  96|0x0000000708000000, 0x0000000708000000, 0x0000000708100000|  0%| F|  |TAMS 0x0000000708000000, 0x0000000708000000| Untracked 
|  97|0x0000000708100000, 0x0000000708100000, 0x0000000708200000|  0%| F|  |TAMS 0x0000000708100000, 0x0000000708100000| Untracked 
|  98|0x0000000708200000, 0x0000000708200000, 0x0000000708300000|  0%| F|  |TAMS 0x0000000708200000, 0x0000000708200000| Untracked 
|  99|0x0000000708300000, 0x0000000708300000, 0x0000000708400000|  0%| F|  |TAMS 0x0000000708300000, 0x0000000708300000| Untracked 
| 100|0x0000000708400000, 0x0000000708400000, 0x0000000708500000|  0%| F|  |TAMS 0x0000000708400000, 0x0000000708400000| Untracked 
| 101|0x0000000708500000, 0x0000000708500000, 0x0000000708600000|  0%| F|  |TAMS 0x0000000708500000, 0x0000000708500000| Untracked 
| 102|0x0000000708600000, 0x0000000708600000, 0x0000000708700000|  0%| F|  |TAMS 0x0000000708600000, 0x0000000708600000| Untracked 
| 103|0x0000000708700000, 0x0000000708700000, 0x0000000708800000|  0%| F|  |TAMS 0x0000000708700000, 0x0000000708700000| Untracked 
| 104|0x0000000708800000, 0x0000000708800000, 0x0000000708900000|  0%| F|  |TAMS 0x0000000708800000, 0x0000000708800000| Untracked 
| 105|0x0000000708900000, 0x0000000708900000, 0x0000000708a00000|  0%| F|  |TAMS 0x0000000708900000, 0x0000000708900000| Untracked 
| 106|0x0000000708a00000, 0x0000000708a00000, 0x0000000708b00000|  0%| F|  |TAMS 0x0000000708a00000, 0x0000000708a00000| Untracked 
| 107|0x0000000708b00000, 0x0000000708b00000, 0x0000000708c00000|  0%| F|  |TAMS 0x0000000708b00000, 0x0000000708b00000| Untracked 
| 108|0x0000000708c00000, 0x0000000708c00000, 0x0000000708d00000|  0%| F|  |TAMS 0x0000000708c00000, 0x0000000708c00000| Untracked 
| 109|0x0000000708d00000, 0x0000000708d00000, 0x0000000708e00000|  0%| F|  |TAMS 0x0000000708d00000, 0x0000000708d00000| Untracked 
| 110|0x0000000708e00000, 0x0000000708e00000, 0x0000000708f00000|  0%| F|  |TAMS 0x0000000708e00000, 0x0000000708e00000| Untracked 
| 111|0x0000000708f00000, 0x0000000708f00000, 0x0000000709000000|  0%| F|  |TAMS 0x0000000708f00000, 0x0000000708f00000| Untracked 
| 112|0x0000000709000000, 0x0000000709000000, 0x0000000709100000|  0%| F|  |TAMS 0x0000000709000000, 0x0000000709000000| Untracked 
| 113|0x0000000709100000, 0x0000000709100000, 0x0000000709200000|  0%| F|  |TAMS 0x0000000709100000, 0x0000000709100000| Untracked 
| 114|0x0000000709200000, 0x0000000709200000, 0x0000000709300000|  0%| F|  |TAMS 0x0000000709200000, 0x0000000709200000| Untracked 
| 115|0x0000000709300000, 0x0000000709300000, 0x0000000709400000|  0%| F|  |TAMS 0x0000000709300000, 0x0000000709300000| Untracked 
| 116|0x0000000709400000, 0x0000000709400000, 0x0000000709500000|  0%| F|  |TAMS 0x0000000709400000, 0x0000000709400000| Untracked 
| 117|0x0000000709500000, 0x0000000709500000, 0x0000000709600000|  0%| F|  |TAMS 0x0000000709500000, 0x0000000709500000| Untracked 
| 118|0x0000000709600000, 0x0000000709600000, 0x0000000709700000|  0%| F|  |TAMS 0x0000000709600000, 0x0000000709600000| Untracked 
| 119|0x0000000709700000, 0x0000000709700000, 0x0000000709800000|  0%| F|  |TAMS 0x0000000709700000, 0x0000000709700000| Untracked 
| 120|0x0000000709800000, 0x0000000709800000, 0x0000000709900000|  0%| F|  |TAMS 0x0000000709800000, 0x0000000709800000| Untracked 
| 121|0x0000000709900000, 0x0000000709900000, 0x0000000709a00000|  0%| F|  |TAMS 0x0000000709900000, 0x0000000709900000| Untracked 
| 122|0x0000000709a00000, 0x0000000709a00000, 0x0000000709b00000|  0%| F|  |TAMS 0x0000000709a00000, 0x0000000709a00000| Untracked 
| 123|0x0000000709b00000, 0x0000000709b00000, 0x0000000709c00000|  0%| F|  |TAMS 0x0000000709b00000, 0x0000000709b00000| Untracked 
| 124|0x0000000709c00000, 0x0000000709c00000, 0x0000000709d00000|  0%| F|  |TAMS 0x0000000709c00000, 0x0000000709c00000| Untracked 
| 125|0x0000000709d00000, 0x0000000709d00000, 0x0000000709e00000|  0%| F|  |TAMS 0x0000000709d00000, 0x0000000709d00000| Untracked 
| 126|0x0000000709e00000, 0x0000000709e00000, 0x0000000709f00000|  0%| F|  |TAMS 0x0000000709e00000, 0x0000000709e00000| Untracked 
| 127|0x0000000709f00000, 0x0000000709f00000, 0x000000070a000000|  0%| F|  |TAMS 0x0000000709f00000, 0x0000000709f00000| Untracked 
| 128|0x000000070a000000, 0x000000070a000000, 0x000000070a100000|  0%| F|  |TAMS 0x000000070a000000, 0x000000070a000000| Untracked 
| 129|0x000000070a100000, 0x000000070a100000, 0x000000070a200000|  0%| F|  |TAMS 0x000000070a100000, 0x000000070a100000| Untracked 
| 130|0x000000070a200000, 0x000000070a200000, 0x000000070a300000|  0%| F|  |TAMS 0x000000070a200000, 0x000000070a200000| Untracked 
| 131|0x000000070a300000, 0x000000070a300000, 0x000000070a400000|  0%| F|  |TAMS 0x000000070a300000, 0x000000070a300000| Untracked 
| 132|0x000000070a400000, 0x000000070a400000, 0x000000070a500000|  0%| F|  |TAMS 0x000000070a400000, 0x000000070a400000| Untracked 
| 133|0x000000070a500000, 0x000000070a500000, 0x000000070a600000|  0%| F|  |TAMS 0x000000070a500000, 0x000000070a500000| Untracked 
| 134|0x000000070a600000, 0x000000070a600000, 0x000000070a700000|  0%| F|  |TAMS 0x000000070a600000, 0x000000070a600000| Untracked 
| 135|0x000000070a700000, 0x000000070a700000, 0x000000070a800000|  0%| F|  |TAMS 0x000000070a700000, 0x000000070a700000| Untracked 
| 136|0x000000070a800000, 0x000000070a800000, 0x000000070a900000|  0%| F|  |TAMS 0x000000070a800000, 0x000000070a800000| Untracked 
| 137|0x000000070a900000, 0x000000070a900000, 0x000000070aa00000|  0%| F|  |TAMS 0x000000070a900000, 0x000000070a900000| Untracked 
| 138|0x000000070aa00000, 0x000000070aa80800, 0x000000070ab00000| 50%| E|  |TAMS 0x000000070aa00000, 0x000000070aa00000| Complete 
| 139|0x000000070ab00000, 0x000000070ac00000, 0x000000070ac00000|100%| E|CS|TAMS 0x000000070ab00000, 0x000000070ab00000| Complete 
| 140|0x000000070ac00000, 0x000000070ad00000, 0x000000070ad00000|100%| E|CS|TAMS 0x000000070ac00000, 0x000000070ac00000| Complete 
| 141|0x000000070ad00000, 0x000000070ae00000, 0x000000070ae00000|100%| E|CS|TAMS 0x000000070ad00000, 0x000000070ad00000| Complete 
| 142|0x000000070ae00000, 0x000000070af00000, 0x000000070af00000|100%| E|CS|TAMS 0x000000070ae00000, 0x000000070ae00000| Complete 
| 143|0x000000070af00000, 0x000000070b000000, 0x000000070b000000|100%| E|CS|TAMS 0x000000070af00000, 0x000000070af00000| Complete 
| 144|0x000000070b000000, 0x000000070b100000, 0x000000070b100000|100%| E|CS|TAMS 0x000000070b000000, 0x000000070b000000| Complete 
| 145|0x000000070b100000, 0x000000070b200000, 0x000000070b200000|100%| E|CS|TAMS 0x000000070b100000, 0x000000070b100000| Complete 
| 146|0x000000070b200000, 0x000000070b300000, 0x000000070b300000|100%| E|CS|TAMS 0x000000070b200000, 0x000000070b200000| Complete 
| 147|0x000000070b300000, 0x000000070b400000, 0x000000070b400000|100%| E|CS|TAMS 0x000000070b300000, 0x000000070b300000| Complete 
| 148|0x000000070b400000, 0x000000070b500000, 0x000000070b500000|100%| E|CS|TAMS 0x000000070b400000, 0x000000070b400000| Complete 
| 149|0x000000070b500000, 0x000000070b600000, 0x000000070b600000|100%| E|CS|TAMS 0x000000070b500000, 0x000000070b500000| Complete 
| 150|0x000000070b600000, 0x000000070b700000, 0x000000070b700000|100%| E|CS|TAMS 0x000000070b600000, 0x000000070b600000| Complete 
| 151|0x000000070b700000, 0x000000070b800000, 0x000000070b800000|100%| E|CS|TAMS 0x000000070b700000, 0x000000070b700000| Complete 
| 152|0x000000070b800000, 0x000000070b900000, 0x000000070b900000|100%| E|CS|TAMS 0x000000070b800000, 0x000000070b800000| Complete 
| 153|0x000000070b900000, 0x000000070ba00000, 0x000000070ba00000|100%| E|CS|TAMS 0x000000070b900000, 0x000000070b900000| Complete 
| 154|0x000000070ba00000, 0x000000070bb00000, 0x000000070bb00000|100%| E|CS|TAMS 0x000000070ba00000, 0x000000070ba00000| Complete 
| 155|0x000000070bb00000, 0x000000070bc00000, 0x000000070bc00000|100%| E|CS|TAMS 0x000000070bb00000, 0x000000070bb00000| Complete 
| 156|0x000000070bc00000, 0x000000070bd00000, 0x000000070bd00000|100%| E|CS|TAMS 0x000000070bc00000, 0x000000070bc00000| Complete 
| 157|0x000000070bd00000, 0x000000070be00000, 0x000000070be00000|100%| E|CS|TAMS 0x000000070bd00000, 0x000000070bd00000| Complete 
| 158|0x000000070be00000, 0x000000070bf00000, 0x000000070bf00000|100%| E|CS|TAMS 0x000000070be00000, 0x000000070be00000| Complete 
| 159|0x000000070bf00000, 0x000000070c000000, 0x000000070c000000|100%| E|CS|TAMS 0x000000070bf00000, 0x000000070bf00000| Complete 
| 160|0x000000070c000000, 0x000000070c100000, 0x000000070c100000|100%| E|CS|TAMS 0x000000070c000000, 0x000000070c000000| Complete 
| 161|0x000000070c100000, 0x000000070c200000, 0x000000070c200000|100%| E|CS|TAMS 0x000000070c100000, 0x000000070c100000| Complete 
| 162|0x000000070c200000, 0x000000070c300000, 0x000000070c300000|100%| E|CS|TAMS 0x000000070c200000, 0x000000070c200000| Complete 
| 163|0x000000070c300000, 0x000000070c400000, 0x000000070c400000|100%| E|CS|TAMS 0x000000070c300000, 0x000000070c300000| Complete 
| 164|0x000000070c400000, 0x000000070c500000, 0x000000070c500000|100%| E|CS|TAMS 0x000000070c400000, 0x000000070c400000| Complete 
| 165|0x000000070c500000, 0x000000070c600000, 0x000000070c600000|100%| E|CS|TAMS 0x000000070c500000, 0x000000070c500000| Complete 
| 166|0x000000070c600000, 0x000000070c700000, 0x000000070c700000|100%| E|CS|TAMS 0x000000070c600000, 0x000000070c600000| Complete 
| 167|0x000000070c700000, 0x000000070c800000, 0x000000070c800000|100%| E|CS|TAMS 0x000000070c700000, 0x000000070c700000| Complete 
| 168|0x000000070c800000, 0x000000070c900000, 0x000000070c900000|100%| E|CS|TAMS 0x000000070c800000, 0x000000070c800000| Complete 
| 169|0x000000070c900000, 0x000000070ca00000, 0x000000070ca00000|100%| E|CS|TAMS 0x000000070c900000, 0x000000070c900000| Complete 
| 170|0x000000070ca00000, 0x000000070cb00000, 0x000000070cb00000|100%| E|CS|TAMS 0x000000070ca00000, 0x000000070ca00000| Complete 
| 171|0x000000070cb00000, 0x000000070cc00000, 0x000000070cc00000|100%| E|CS|TAMS 0x000000070cb00000, 0x000000070cb00000| Complete 
| 172|0x000000070cc00000, 0x000000070cd00000, 0x000000070cd00000|100%| E|CS|TAMS 0x000000070cc00000, 0x000000070cc00000| Complete 
| 173|0x000000070cd00000, 0x000000070ce00000, 0x000000070ce00000|100%| E|CS|TAMS 0x000000070cd00000, 0x000000070cd00000| Complete 
| 174|0x000000070ce00000, 0x000000070cf00000, 0x000000070cf00000|100%| E|CS|TAMS 0x000000070ce00000, 0x000000070ce00000| Complete 
| 175|0x000000070cf00000, 0x000000070d000000, 0x000000070d000000|100%| E|CS|TAMS 0x000000070cf00000, 0x000000070cf00000| Complete 
| 176|0x000000070d000000, 0x000000070d100000, 0x000000070d100000|100%| E|CS|TAMS 0x000000070d000000, 0x000000070d000000| Complete 
| 177|0x000000070d100000, 0x000000070d200000, 0x000000070d200000|100%| E|CS|TAMS 0x000000070d100000, 0x000000070d100000| Complete 
| 178|0x000000070d200000, 0x000000070d300000, 0x000000070d300000|100%| E|CS|TAMS 0x000000070d200000, 0x000000070d200000| Complete 
| 179|0x000000070d300000, 0x000000070d400000, 0x000000070d400000|100%| E|CS|TAMS 0x000000070d300000, 0x000000070d300000| Complete 
| 180|0x000000070d400000, 0x000000070d500000, 0x000000070d500000|100%| E|CS|TAMS 0x000000070d400000, 0x000000070d400000| Complete 
| 181|0x000000070d500000, 0x000000070d600000, 0x000000070d600000|100%| E|CS|TAMS 0x000000070d500000, 0x000000070d500000| Complete 
| 182|0x000000070d600000, 0x000000070d700000, 0x000000070d700000|100%| E|CS|TAMS 0x000000070d600000, 0x000000070d600000| Complete 
| 183|0x000000070d700000, 0x000000070d800000, 0x000000070d800000|100%| E|CS|TAMS 0x000000070d700000, 0x000000070d700000| Complete 
| 184|0x000000070d800000, 0x000000070d900000, 0x000000070d900000|100%| E|CS|TAMS 0x000000070d800000, 0x000000070d800000| Complete 
| 185|0x000000070d900000, 0x000000070da00000, 0x000000070da00000|100%| E|CS|TAMS 0x000000070d900000, 0x000000070d900000| Complete 
| 186|0x000000070da00000, 0x000000070db00000, 0x000000070db00000|100%| E|CS|TAMS 0x000000070da00000, 0x000000070da00000| Complete 
| 187|0x000000070db00000, 0x000000070dc00000, 0x000000070dc00000|100%| E|CS|TAMS 0x000000070db00000, 0x000000070db00000| Complete 
| 188|0x000000070dc00000, 0x000000070dd00000, 0x000000070dd00000|100%| E|CS|TAMS 0x000000070dc00000, 0x000000070dc00000| Complete 
| 189|0x000000070dd00000, 0x000000070de00000, 0x000000070de00000|100%| E|CS|TAMS 0x000000070dd00000, 0x000000070dd00000| Complete 
| 190|0x000000070de00000, 0x000000070df00000, 0x000000070df00000|100%| E|CS|TAMS 0x000000070de00000, 0x000000070de00000| Complete 
| 191|0x000000070df00000, 0x000000070e000000, 0x000000070e000000|100%| E|CS|TAMS 0x000000070df00000, 0x000000070df00000| Complete 
| 192|0x000000070e000000, 0x000000070e100000, 0x000000070e100000|100%| E|CS|TAMS 0x000000070e000000, 0x000000070e000000| Complete 
| 193|0x000000070e100000, 0x000000070e200000, 0x000000070e200000|100%| E|CS|TAMS 0x000000070e100000, 0x000000070e100000| Complete 
| 194|0x000000070e200000, 0x000000070e300000, 0x000000070e300000|100%| E|CS|TAMS 0x000000070e200000, 0x000000070e200000| Complete 
| 195|0x000000070e300000, 0x000000070e400000, 0x000000070e400000|100%| E|CS|TAMS 0x000000070e300000, 0x000000070e300000| Complete 
| 196|0x000000070e400000, 0x000000070e500000, 0x000000070e500000|100%| E|CS|TAMS 0x000000070e400000, 0x000000070e400000| Complete 
| 197|0x000000070e500000, 0x000000070e600000, 0x000000070e600000|100%| E|CS|TAMS 0x000000070e500000, 0x000000070e500000| Complete 
| 198|0x000000070e600000, 0x000000070e700000, 0x000000070e700000|100%| E|CS|TAMS 0x000000070e600000, 0x000000070e600000| Complete 
| 199|0x000000070e700000, 0x000000070e800000, 0x000000070e800000|100%| E|CS|TAMS 0x000000070e700000, 0x000000070e700000| Complete 
| 200|0x000000070e800000, 0x000000070e900000, 0x000000070e900000|100%| E|CS|TAMS 0x000000070e800000, 0x000000070e800000| Complete 
| 201|0x000000070e900000, 0x000000070ea00000, 0x000000070ea00000|100%| E|CS|TAMS 0x000000070e900000, 0x000000070e900000| Complete 
| 202|0x000000070ea00000, 0x000000070eb00000, 0x000000070eb00000|100%| E|CS|TAMS 0x000000070ea00000, 0x000000070ea00000| Complete 
| 203|0x000000070eb00000, 0x000000070ec00000, 0x000000070ec00000|100%| E|CS|TAMS 0x000000070eb00000, 0x000000070eb00000| Complete 
| 204|0x000000070ec00000, 0x000000070ed00000, 0x000000070ed00000|100%| E|CS|TAMS 0x000000070ec00000, 0x000000070ec00000| Complete 
| 205|0x000000070ed00000, 0x000000070ee00000, 0x000000070ee00000|100%| E|CS|TAMS 0x000000070ed00000, 0x000000070ed00000| Complete 
| 206|0x000000070ee00000, 0x000000070ef00000, 0x000000070ef00000|100%| E|CS|TAMS 0x000000070ee00000, 0x000000070ee00000| Complete 
| 207|0x000000070ef00000, 0x000000070f000000, 0x000000070f000000|100%| E|CS|TAMS 0x000000070ef00000, 0x000000070ef00000| Complete 
| 208|0x000000070f000000, 0x000000070f100000, 0x000000070f100000|100%| E|CS|TAMS 0x000000070f000000, 0x000000070f000000| Complete 
| 209|0x000000070f100000, 0x000000070f200000, 0x000000070f200000|100%| E|CS|TAMS 0x000000070f100000, 0x000000070f100000| Complete 
| 210|0x000000070f200000, 0x000000070f300000, 0x000000070f300000|100%| E|CS|TAMS 0x000000070f200000, 0x000000070f200000| Complete 
| 211|0x000000070f300000, 0x000000070f400000, 0x000000070f400000|100%| E|CS|TAMS 0x000000070f300000, 0x000000070f300000| Complete 
| 212|0x000000070f400000, 0x000000070f500000, 0x000000070f500000|100%| E|CS|TAMS 0x000000070f400000, 0x000000070f400000| Complete 
| 213|0x000000070f500000, 0x000000070f600000, 0x000000070f600000|100%| E|CS|TAMS 0x000000070f500000, 0x000000070f500000| Complete 
| 214|0x000000070f600000, 0x000000070f700000, 0x000000070f700000|100%| E|CS|TAMS 0x000000070f600000, 0x000000070f600000| Complete 
| 215|0x000000070f700000, 0x000000070f800000, 0x000000070f800000|100%| E|CS|TAMS 0x000000070f700000, 0x000000070f700000| Complete 
| 216|0x000000070f800000, 0x000000070f900000, 0x000000070f900000|100%| E|CS|TAMS 0x000000070f800000, 0x000000070f800000| Complete 
| 217|0x000000070f900000, 0x000000070fa00000, 0x000000070fa00000|100%| E|CS|TAMS 0x000000070f900000, 0x000000070f900000| Complete 
| 218|0x000000070fa00000, 0x000000070fb00000, 0x000000070fb00000|100%| E|CS|TAMS 0x000000070fa00000, 0x000000070fa00000| Complete 
| 219|0x000000070fb00000, 0x000000070fc00000, 0x000000070fc00000|100%| E|CS|TAMS 0x000000070fb00000, 0x000000070fb00000| Complete 
| 220|0x000000070fc00000, 0x000000070fd00000, 0x000000070fd00000|100%| E|CS|TAMS 0x000000070fc00000, 0x000000070fc00000| Complete 
| 221|0x000000070fd00000, 0x000000070fe00000, 0x000000070fe00000|100%| E|CS|TAMS 0x000000070fd00000, 0x000000070fd00000| Complete 
| 222|0x000000070fe00000, 0x000000070ff00000, 0x000000070ff00000|100%| E|CS|TAMS 0x000000070fe00000, 0x000000070fe00000| Complete 
| 223|0x000000070ff00000, 0x0000000710000000, 0x0000000710000000|100%| E|CS|TAMS 0x000000070ff00000, 0x000000070ff00000| Complete 
| 224|0x0000000710000000, 0x0000000710100000, 0x0000000710100000|100%| E|CS|TAMS 0x0000000710000000, 0x0000000710000000| Complete 
| 225|0x0000000710100000, 0x0000000710200000, 0x0000000710200000|100%| E|CS|TAMS 0x0000000710100000, 0x0000000710100000| Complete 
| 226|0x0000000710200000, 0x0000000710300000, 0x0000000710300000|100%| E|CS|TAMS 0x0000000710200000, 0x0000000710200000| Complete 
| 227|0x0000000710300000, 0x0000000710400000, 0x0000000710400000|100%| S|CS|TAMS 0x0000000710300000, 0x0000000710300000| Complete 
| 228|0x0000000710400000, 0x0000000710500000, 0x0000000710500000|100%| S|CS|TAMS 0x0000000710400000, 0x0000000710400000| Complete 
| 229|0x0000000710500000, 0x0000000710600000, 0x0000000710600000|100%| S|CS|TAMS 0x0000000710500000, 0x0000000710500000| Complete 
| 230|0x0000000710600000, 0x0000000710700000, 0x0000000710700000|100%| E|CS|TAMS 0x0000000710600000, 0x0000000710600000| Complete 
| 231|0x0000000710700000, 0x0000000710800000, 0x0000000710800000|100%| E|CS|TAMS 0x0000000710700000, 0x0000000710700000| Complete 
| 232|0x0000000710800000, 0x0000000710900000, 0x0000000710900000|100%| E|CS|TAMS 0x0000000710800000, 0x0000000710800000| Complete 
| 233|0x0000000710900000, 0x0000000710a00000, 0x0000000710a00000|100%| E|CS|TAMS 0x0000000710900000, 0x0000000710900000| Complete 
| 234|0x0000000710a00000, 0x0000000710b00000, 0x0000000710b00000|100%| E|CS|TAMS 0x0000000710a00000, 0x0000000710a00000| Complete 
| 235|0x0000000710b00000, 0x0000000710c00000, 0x0000000710c00000|100%| E|CS|TAMS 0x0000000710b00000, 0x0000000710b00000| Complete 
| 236|0x0000000710c00000, 0x0000000710d00000, 0x0000000710d00000|100%| E|CS|TAMS 0x0000000710c00000, 0x0000000710c00000| Complete 
| 237|0x0000000710d00000, 0x0000000710e00000, 0x0000000710e00000|100%| E|CS|TAMS 0x0000000710d00000, 0x0000000710d00000| Complete 
| 238|0x0000000710e00000, 0x0000000710f00000, 0x0000000710f00000|100%| E|CS|TAMS 0x0000000710e00000, 0x0000000710e00000| Complete 
| 239|0x0000000710f00000, 0x0000000711000000, 0x0000000711000000|100%| E|CS|TAMS 0x0000000710f00000, 0x0000000710f00000| Complete 
| 240|0x0000000711000000, 0x0000000711100000, 0x0000000711100000|100%| E|CS|TAMS 0x0000000711000000, 0x0000000711000000| Complete 
| 241|0x0000000711100000, 0x0000000711200000, 0x0000000711200000|100%| E|CS|TAMS 0x0000000711100000, 0x0000000711100000| Complete 
| 242|0x0000000711200000, 0x0000000711300000, 0x0000000711300000|100%| E|CS|TAMS 0x0000000711200000, 0x0000000711200000| Complete 
| 243|0x0000000711300000, 0x0000000711400000, 0x0000000711400000|100%| E|CS|TAMS 0x0000000711300000, 0x0000000711300000| Complete 
| 244|0x0000000711400000, 0x0000000711500000, 0x0000000711500000|100%| E|CS|TAMS 0x0000000711400000, 0x0000000711400000| Complete 
| 245|0x0000000711500000, 0x0000000711600000, 0x0000000711600000|100%| E|CS|TAMS 0x0000000711500000, 0x0000000711500000| Complete 
| 246|0x0000000711600000, 0x0000000711700000, 0x0000000711700000|100%| E|CS|TAMS 0x0000000711600000, 0x0000000711600000| Complete 
| 247|0x0000000711700000, 0x0000000711800000, 0x0000000711800000|100%| E|CS|TAMS 0x0000000711700000, 0x0000000711700000| Complete 
| 248|0x0000000711800000, 0x0000000711900000, 0x0000000711900000|100%| E|CS|TAMS 0x0000000711800000, 0x0000000711800000| Complete 
| 249|0x0000000711900000, 0x0000000711a00000, 0x0000000711a00000|100%| E|CS|TAMS 0x0000000711900000, 0x0000000711900000| Complete 
| 250|0x0000000711a00000, 0x0000000711b00000, 0x0000000711b00000|100%| E|CS|TAMS 0x0000000711a00000, 0x0000000711a00000| Complete 
| 251|0x0000000711b00000, 0x0000000711c00000, 0x0000000711c00000|100%| E|CS|TAMS 0x0000000711b00000, 0x0000000711b00000| Complete 
| 252|0x0000000711c00000, 0x0000000711d00000, 0x0000000711d00000|100%| E|CS|TAMS 0x0000000711c00000, 0x0000000711c00000| Complete 
| 253|0x0000000711d00000, 0x0000000711e00000, 0x0000000711e00000|100%| E|CS|TAMS 0x0000000711d00000, 0x0000000711d00000| Complete 

Card table byte_map: [0x00000147fda70000,0x00000147fe260000] _byte_map_base: 0x00000147fa260000

Marking Bits (Prev, Next): (CMBitMap*) 0x00000147fcdcc538, (CMBitMap*) 0x00000147fcdcc578
 Prev Bits: [0x0000014797430000, 0x000001479b3b0000)
 Next Bits: [0x000001479b3b0000, 0x000001479f330000)

Polling page: 0x00000147fac60000

Metaspace:

Usage:
  Non-class:     13.86 MB capacity,    13.34 MB ( 96%) used,   476.69 KB (  3%) free+waste,    58.88 KB ( <1%) overhead. 
      Class:      2.40 MB capacity,     2.16 MB ( 90%) used,   206.01 KB (  8%) free+waste,    32.19 KB (  1%) overhead. 
       Both:     16.26 MB capacity,    15.50 MB ( 95%) used,   682.70 KB (  4%) free+waste,    91.06 KB ( <1%) overhead. 

Virtual space:
  Non-class space:       14.00 MB reserved,      14.00 MB (100%) committed 
      Class space:        1.00 GB reserved,       2.50 MB ( <1%) committed 
             Both:        1.01 GB reserved,      16.50 MB (  2%) committed 

Chunk freelists:
   Non-Class:  15.00 KB
       Class:  10.00 KB
        Both:  25.00 KB

MaxMetaspaceSize: 17179869184.00 GB
CompressedClassSpaceSize: 1.00 GB

CodeHeap 'non-profiled nmethods': size=120000Kb used=1274Kb max_used=1274Kb free=118725Kb
 bounds [0x000001478ff00000, 0x0000014790170000, 0x0000014797430000]
CodeHeap 'profiled nmethods': size=120000Kb used=4830Kb max_used=4830Kb free=115169Kb
 bounds [0x00000147889d0000, 0x0000014788e90000, 0x000001478ff00000]
CodeHeap 'non-nmethods': size=5760Kb used=1458Kb max_used=1487Kb free=4302Kb
 bounds [0x0000014788430000, 0x00000147886a0000, 0x00000147889d0000]
 total_blobs=4191 nmethods=2527 adapters=692
 compilation: enabled
              stopped_count=0, restarted_count=0
 full_count=0

Compilation events (20 events):
Event: 5.043 Thread 0x00000147a13bb000 2511       3       java.lang.Math::min (45 bytes)
Event: 5.044 Thread 0x00000147a13bb000 nmethod 2511 0x0000014788e75790 code [0x0000014788e75940, 0x0000014788e75c98]
Event: 5.050 Thread 0x00000147a13bb000 2512       3       com.sun.javafx.geom.Path2D::closePath (72 bytes)
Event: 5.051 Thread 0x00000147a13bb000 nmethod 2512 0x0000014788e75d10 code [0x0000014788e75ec0, 0x0000014788e76190]
Event: 5.051 Thread 0x00000147a13bb000 2513       3       com.sun.prism.impl.BaseGraphics::fill (137 bytes)
Event: 5.052 Thread 0x00000147a13bb000 nmethod 2513 0x0000014788e76310 code [0x0000014788e76500, 0x0000014788e76b00]
Event: 5.052 Thread 0x00000147a13bb000 2514       3       com.sun.prism.impl.ps.BaseShaderGraphics::renderShape (255 bytes)
Event: 5.053 Thread 0x00000147a13bb000 nmethod 2514 0x0000014788e76d10 code [0x0000014788e76f60, 0x0000014788e77b70]
Event: 5.053 Thread 0x00000147a13bb000 2515       3       com.sun.prism.impl.shape.ShapeUtil::rasterizeShape (17 bytes)
Event: 5.053 Thread 0x00000147a13bb000 nmethod 2515 0x0000014788e78010 code [0x0000014788e781c0, 0x0000014788e78370]
Event: 5.053 Thread 0x00000147a13bb000 2516   !   3       com.sun.prism.impl.shape.DMarlinRasterizer::getMaskData (336 bytes)
Event: 5.056 Thread 0x00000147a13bb000 nmethod 2516 0x0000014788e78410 code [0x0000014788e78840, 0x0000014788e7a540]
Event: 5.056 Thread 0x00000147a13bb000 2517       3       com.sun.marlin.DMarlinRenderingEngine::getRendererContext (12 bytes)
Event: 5.056 Thread 0x00000147a13bb000 nmethod 2517 0x0000014788e7b490 code [0x0000014788e7b640, 0x0000014788e7b8d0]
Event: 5.069 Thread 0x00000147a13bb000 2519       3       java.security.AccessControlContext::calculateFields (89 bytes)
Event: 5.069 Thread 0x00000147a13bb000 nmethod 2519 0x0000014788e7b990 code [0x0000014788e7bb60, 0x0000014788e7c040]
Event: 5.083 Thread 0x00000147a13bb000 2520       3       com.sun.prism.impl.ps.BaseShaderGraphics::len (39 bytes)
Event: 5.084 Thread 0x00000147a13bb000 nmethod 2520 0x0000014788e7c190 code [0x0000014788e7c340, 0x0000014788e7c758]
Event: 5.084 Thread 0x00000147a13bb000 2521       3       java.lang.Math::signum (23 bytes)
Event: 5.084 Thread 0x00000147a13bb000 nmethod 2521 0x0000014788e7c810 code [0x0000014788e7c9c0, 0x0000014788e7cd38]

GC Heap History (2 events):
Event: 0.697 GC heap before
{Heap before GC invocations=0 (full 0):
 garbage-first heap   total 260096K, used 23552K [0x0000000702000000, 0x0000000800000000)
  region size 1024K, 24 young (24576K), 0 survivors (0K)
 Metaspace       used 6505K, capacity 8753K, committed 9088K, reserved 1056768K
  class space    used 784K, capacity 1058K, committed 1152K, reserved 1048576K
}
Event: 0.702 GC heap after
{Heap after GC invocations=1 (full 0):
 garbage-first heap   total 260096K, used 4608K [0x0000000702000000, 0x0000000800000000)
  region size 1024K, 3 young (3072K), 3 survivors (3072K)
 Metaspace       used 6505K, capacity 8753K, committed 9088K, reserved 1056768K
  class space    used 784K, capacity 1058K, committed 1152K, reserved 1048576K
}

Deoptimization events (20 events):
Event: 3.621 Thread 0x00000147a26af800 DEOPT PACKING pc=0x0000014788d99448 sp=0x00000018764fdce0
Event: 3.621 Thread 0x00000147a26af800 DEOPT UNPACKING pc=0x000001478847964e sp=0x00000018764fd100 mode 0
Event: 3.655 Thread 0x00000147a26af800 DEOPT PACKING pc=0x0000014788dd2e87 sp=0x00000018764fdb80
Event: 3.655 Thread 0x00000147a26af800 DEOPT UNPACKING pc=0x000001478847964e sp=0x00000018764fcf98 mode 0
Event: 3.671 Thread 0x00000147a26af800 DEOPT PACKING pc=0x0000014788d847bf sp=0x00000018764fda10
Event: 3.671 Thread 0x00000147a26af800 DEOPT UNPACKING pc=0x000001478847964e sp=0x00000018764fcea0 mode 0
Event: 3.824 Thread 0x00000147a22bf800 DEOPT PACKING pc=0x0000014788d6c7a7 sp=0x00000018768fdad0
Event: 3.824 Thread 0x00000147a22bf800 DEOPT UNPACKING pc=0x000001478847964e sp=0x00000018768fcfc8 mode 0
Event: 3.903 Thread 0x00000147a22bf800 DEOPT PACKING pc=0x0000014788d6c7a7 sp=0x00000018768fdad0
Event: 3.903 Thread 0x00000147a22bf800 DEOPT UNPACKING pc=0x000001478847964e sp=0x00000018768fcfc8 mode 0
Event: 4.004 Thread 0x00000147a26af800 DEOPT PACKING pc=0x0000014788dd2df9 sp=0x00000018764fdb80
Event: 4.004 Thread 0x00000147a26af800 DEOPT UNPACKING pc=0x000001478847964e sp=0x00000018764fcf98 mode 0
Event: 4.051 Thread 0x00000147a26af800 DEOPT PACKING pc=0x0000014788dd2e87 sp=0x00000018764fdb80
Event: 4.051 Thread 0x00000147a26af800 DEOPT UNPACKING pc=0x000001478847964e sp=0x00000018764fcf98 mode 0
Event: 4.127 Thread 0x00000147a26af800 DEOPT PACKING pc=0x0000014788dd2df9 sp=0x00000018764fdb80
Event: 4.127 Thread 0x00000147a26af800 DEOPT UNPACKING pc=0x000001478847964e sp=0x00000018764fcf98 mode 0
Event: 4.168 Thread 0x00000147a26af800 DEOPT PACKING pc=0x0000014788dd2e87 sp=0x00000018764fd9e0
Event: 4.168 Thread 0x00000147a26af800 DEOPT UNPACKING pc=0x000001478847964e sp=0x00000018764fcdf8 mode 0
Event: 4.294 Thread 0x00000147a26af800 DEOPT PACKING pc=0x0000014788de4698 sp=0x00000018764fd8c0
Event: 4.294 Thread 0x00000147a26af800 DEOPT UNPACKING pc=0x000001478847964e sp=0x00000018764fcd70 mode 0

Classes unloaded (0 events):
No events

Classes redefined (0 events):
No events

Internal exceptions (20 events):
Event: 2.456 Thread 0x00000147a22bf800 Exception <a 'java/io/FileNotFoundException'{0x000000070fd8ba80}> (0x000000070fd8ba80) 
thrown [t:/workspace/open/src/hotspot/share/prims/jni.cpp, line 598]
Event: 2.457 Thread 0x00000147a22bf800 Exception <a 'java/io/FileNotFoundException'{0x000000070fd932b8}> (0x000000070fd932b8) 
thrown [t:/workspace/open/src/hotspot/share/prims/jni.cpp, line 598]
Event: 2.458 Thread 0x00000147a22bf800 Exception <a 'java/io/FileNotFoundException'{0x000000070fd9aa00}> (0x000000070fd9aa00) 
thrown [t:/workspace/open/src/hotspot/share/prims/jni.cpp, line 598]
Event: 2.459 Thread 0x00000147a22bf800 Exception <a 'java/io/FileNotFoundException'{0x000000070fda2228}> (0x000000070fda2228) 
thrown [t:/workspace/open/src/hotspot/share/prims/jni.cpp, line 598]
Event: 2.661 Thread 0x00000147a22bf800 Exception <a 'java/lang/ClassNotFoundException'{0x000000070f678598}: com/sun/javafx/scene/control/skin/resources/controls> (0x000000070f678598) 
thrown [t:/workspace/open/src/hotspot/share/prims/jni.cpp, line 619]
Event: 2.663 Thread 0x00000147a22bf800 Exception <a 'java/lang/ClassNotFoundException'{0x000000070f006530}: com/sun/javafx/scene/control/skin/resources/controls_en> (0x000000070f006530) 
thrown [t:/workspace/open/src/hotspot/share/prims/jni.cpp, line 619]
Event: 2.663 Thread 0x00000147a22bf800 Exception <a 'java/lang/ClassNotFoundException'{0x000000070f00b888}: com/sun/javafx/scene/control/skin/resources/controls_en_US> (0x000000070f00b888) 
thrown [t:/workspace/open/src/hotspot/share/prims/jni.cpp, line 619]
Event: 2.709 Thread 0x00000147a22bf800 Exception <a 'java/lang/NoSuchMethodError'{0x000000070eb6b270}: 'long java.lang.invoke.DirectMethodHandle$Holder.invokeStatic(java.lang.Object, java.lang.Object, java.lang.Object)'> (0x000000070eb6b270) 
thrown [t:/workspace/open/src/hotspot/share/interpreter/linkResolver.cpp, line 767]
Event: 2.710 Thread 0x00000147a22bf800 Exception <a 'java/lang/NoSuchMethodError'{0x000000070eb6df18}: 'long java.lang.invoke.DirectMethodHandle$Holder.invokeStaticInit(java.lang.Object, java.lang.Object, java.lang.Object)'> (0x000000070eb6df18) 
thrown [t:/workspace/open/src/hotspot/share/interpreter/linkResolver.cpp, line 767]
Event: 2.713 Thread 0x00000147a22bf800 Exception <a 'java/lang/NoSuchMethodError'{0x000000070eb827e8}: 'java.lang.Object java.lang.invoke.Invokers$Holder.linkToTargetMethod(java.lang.Object, long, java.lang.Object)'> (0x000000070eb827e8) 
thrown [t:/workspace/open/src/hotspot/share/interpreter/linkResolver.cpp, line 767]
Event: 2.723 Thread 0x00000147a22bf800 Exception <a 'java/lang/NoSuchMethodError'{0x000000070eba86a0}: 'void java.lang.invoke.DirectMethodHandle$Holder.invokeSpecial(java.lang.Object, java.lang.Object, double)'> (0x000000070eba86a0) 
thrown [t:/workspace/open/src/hotspot/share/interpreter/linkResolver.cpp, line 767]
Event: 2.723 Thread 0x00000147a22bf800 Exception <a 'java/lang/NoSuchMethodError'{0x000000070ebade10}: 'java.lang.Object java.lang.invoke.DirectMethodHandle$Holder.invokeStatic(java.lang.Object, java.lang.Object, double)'> (0x000000070ebade10) 
thrown [t:/workspace/open/src/hotspot/share/interpreter/linkResolver.cpp, line 767]
Event: 3.840 Thread 0x00000147a22bf800 Exception <a 'java/io/FileNotFoundException'{0x000000070d010230}> (0x000000070d010230) 
thrown [t:/workspace/open/src/hotspot/share/prims/jni.cpp, line 598]
Event: 3.842 Thread 0x00000147a22bf800 Exception <a 'java/io/FileNotFoundException'{0x000000070d019e18}> (0x000000070d019e18) 
thrown [t:/workspace/open/src/hotspot/share/prims/jni.cpp, line 598]
Event: 4.000 Thread 0x00000147a22bf800 Exception <a 'java/io/FileNotFoundException'{0x000000070d031948}> (0x000000070d031948) 
thrown [t:/workspace/open/src/hotspot/share/prims/jni.cpp, line 598]
Event: 4.002 Thread 0x00000147a22bf800 Exception <a 'java/io/FileNotFoundException'{0x000000070d03b3b0}> (0x000000070d03b3b0) 
thrown [t:/workspace/open/src/hotspot/share/prims/jni.cpp, line 598]
Event: 4.176 Thread 0x00000147a22bf800 Exception <a 'java/io/FileNotFoundException'{0x000000070d055d00}> (0x000000070d055d00) 
thrown [t:/workspace/open/src/hotspot/share/prims/jni.cpp, line 598]
Event: 4.178 Thread 0x00000147a22bf800 Exception <a 'java/io/FileNotFoundException'{0x000000070d05f768}> (0x000000070d05f768) 
thrown [t:/workspace/open/src/hotspot/share/prims/jni.cpp, line 598]
Event: 4.673 Thread 0x00000147a22bf800 Exception <a 'java/io/FileNotFoundException'{0x000000070bb0f3e0}> (0x000000070bb0f3e0) 
thrown [t:/workspace/open/src/hotspot/share/prims/jni.cpp, line 598]
Event: 4.674 Thread 0x00000147a22bf800 Exception <a 'java/io/FileNotFoundException'{0x000000070bb18e48}> (0x000000070bb18e48) 
thrown [t:/workspace/open/src/hotspot/share/prims/jni.cpp, line 598]

Events (20 events):
Event: 4.988 Thread 0x00000147a7d52800 Thread added: 0x00000147a7d52800
Event: 4.988 Thread 0x00000147a7d52800 Thread exited: 0x00000147a7d52800
Event: 4.989 Thread 0x00000147a7d52800 Thread added: 0x00000147a7d52800
Event: 4.989 Thread 0x00000147a7d52800 Thread exited: 0x00000147a7d52800
Event: 4.989 Thread 0x00000147a7d52800 Thread added: 0x00000147a7d52800
Event: 4.989 Thread 0x00000147a7d52800 Thread exited: 0x00000147a7d52800
Event: 4.989 Thread 0x00000147a7d54000 Thread added: 0x00000147a7d54000
Event: 4.989 Thread 0x00000147a7d54000 Thread exited: 0x00000147a7d54000
Event: 5.028 Thread 0x00000147a7d56800 Thread added: 0x00000147a7d56800
Event: 5.029 Thread 0x00000147a7d56800 Thread exited: 0x00000147a7d56800
Event: 5.029 Thread 0x00000147a7d52800 Thread added: 0x00000147a7d52800
Event: 5.029 Thread 0x00000147a7d52800 Thread exited: 0x00000147a7d52800
Event: 5.067 Thread 0x00000147a7d54000 Thread added: 0x00000147a7d54000
Event: 5.068 Thread 0x00000147a7d54000 Thread exited: 0x00000147a7d54000
Event: 5.068 Thread 0x00000147a7d54000 Thread added: 0x00000147a7d54000
Event: 5.068 Thread 0x00000147a7d54000 Thread exited: 0x00000147a7d54000
Event: 5.068 Thread 0x00000147a7d54000 Thread added: 0x00000147a7d54000
Event: 5.068 Thread 0x00000147a7d54000 Thread exited: 0x00000147a7d54000
Event: 5.069 Thread 0x00000147a7d52800 Thread added: 0x00000147a7d52800
Event: 5.069 Thread 0x00000147a7d52800 Thread exited: 0x00000147a7d52800


Dynamic libraries:
0x00007ff6065c0000 - 0x00007ff6065cf000 	C:\Program Files\Java\jdk-13.0.1\bin\javaw.exe
0x00007ffaf1bd0000 - 0x00007ffaf1dc6000 	C:\WINDOWS\SYSTEM32\ntdll.dll
0x00007ffaefea0000 - 0x00007ffaeff5d000 	C:\WINDOWS\System32\KERNEL32.DLL
0x00007ffaef7f0000 - 0x00007ffaefab9000 	C:\WINDOWS\System32\KERNELBASE.dll
0x00007ffaef310000 - 0x00007ffaef410000 	C:\WINDOWS\System32\ucrtbase.dll
0x00007ffae9740000 - 0x00007ffae9758000 	C:\Program Files\Java\jdk-13.0.1\bin\jli.dll
0x00007ffae8f30000 - 0x00007ffae8f45000 	C:\Program Files\Java\jdk-13.0.1\bin\VCRUNTIME140.dll
0x00007ffaf0750000 - 0x00007ffaf07fc000 	C:\WINDOWS\System32\ADVAPI32.dll
0x00007ffaf06b0000 - 0x00007ffaf074e000 	C:\WINDOWS\System32\msvcrt.dll
0x00007ffaf1990000 - 0x00007ffaf1a2c000 	C:\WINDOWS\System32\sechost.dll
0x00007ffaf0f20000 - 0x00007ffaf104b000 	C:\WINDOWS\System32\RPCRT4.dll
0x00007ffaf1490000 - 0x00007ffaf1630000 	C:\WINDOWS\System32\USER32.dll
0x00007ffaef410000 - 0x00007ffaef432000 	C:\WINDOWS\System32\win32u.dll
0x00007ffac9790000 - 0x00007ffac9a2b000 	C:\WINDOWS\WinSxS\amd64_microsoft.windows.common-controls_6595b64144ccf1df_6.0.19041.488_none_ca04af081b815d21\COMCTL32.dll
0x00007ffaefe70000 - 0x00007ffaefe9a000 	C:\WINDOWS\System32\GDI32.dll
0x00007ffaefac0000 - 0x00007ffaefbc9000 	C:\WINDOWS\System32\gdi32full.dll
0x00007ffaef6a0000 - 0x00007ffaef73d000 	C:\WINDOWS\System32\msvcp_win.dll
0x00007ffae6e50000 - 0x00007ffae6e5a000 	C:\WINDOWS\SYSTEM32\VERSION.dll
0x00007ffaf1100000 - 0x00007ffaf1130000 	C:\WINDOWS\System32\IMM32.DLL
0x00007ffac96f0000 - 0x00007ffac978b000 	C:\Program Files\Java\jdk-13.0.1\bin\msvcp140.dll
0x00007ffab0020000 - 0x00007ffab0b86000 	C:\Program Files\Java\jdk-13.0.1\bin\server\jvm.dll
0x00007ffaf17e0000 - 0x00007ffaf17e8000 	C:\WINDOWS\System32\PSAPI.DLL
0x00007ffac0f10000 - 0x00007ffac0f19000 	C:\WINDOWS\SYSTEM32\WSOCK32.dll
0x00007ffadfc00000 - 0x00007ffadfc27000 	C:\WINDOWS\SYSTEM32\WINMM.dll
0x00007ffaf17f0000 - 0x00007ffaf185b000 	C:\WINDOWS\System32\WS2_32.dll
0x00007ffaedbf0000 - 0x00007ffaedc02000 	C:\WINDOWS\SYSTEM32\kernel.appcore.dll
0x00007ffae92f0000 - 0x00007ffae9300000 	C:\Program Files\Java\jdk-13.0.1\bin\verify.dll
0x00007ffaed0e0000 - 0x00007ffaed2c4000 	C:\WINDOWS\SYSTEM32\DBGHELP.DLL
0x00007ffadcd50000 - 0x00007ffadcd7c000 	C:\WINDOWS\SYSTEM32\dbgcore.DLL
0x00007ffaef620000 - 0x00007ffaef6a0000 	C:\WINDOWS\System32\bcryptPrimitives.dll
0x00007ffae7690000 - 0x00007ffae76b6000 	C:\Program Files\Java\jdk-13.0.1\bin\java.dll
0x00007ffae7880000 - 0x00007ffae7897000 	C:\Program Files\Java\jdk-13.0.1\bin\zip.dll
0x00007ffae77d0000 - 0x00007ffae77da000 	C:\Program Files\Java\jdk-13.0.1\bin\jimage.dll
0x00007ffaeff60000 - 0x00007ffaf06a2000 	C:\WINDOWS\System32\SHELL32.dll
0x00007ffaed440000 - 0x00007ffaedbd5000 	C:\WINDOWS\SYSTEM32\windows.storage.dll
0x00007ffaf1130000 - 0x00007ffaf1486000 	C:\WINDOWS\System32\combase.dll
0x00007ffaeed80000 - 0x00007ffaeedac000 	C:\WINDOWS\SYSTEM32\Wldp.dll
0x00007ffaf0810000 - 0x00007ffaf08be000 	C:\WINDOWS\System32\SHCORE.dll
0x00007ffaf0920000 - 0x00007ffaf0975000 	C:\WINDOWS\System32\shlwapi.dll
0x00007ffaef240000 - 0x00007ffaef266000 	C:\WINDOWS\SYSTEM32\profapi.dll
0x00007ffae0ab0000 - 0x00007ffae0ac9000 	C:\Program Files\Java\jdk-13.0.1\bin\net.dll
0x00007ffae1370000 - 0x00007ffae1470000 	C:\WINDOWS\SYSTEM32\WINHTTP.dll
0x00007ffaeeb00000 - 0x00007ffaeeb6a000 	C:\WINDOWS\system32\mswsock.dll
0x00007ffae0a90000 - 0x00007ffae0aa3000 	C:\Program Files\Java\jdk-13.0.1\bin\nio.dll
0x00000147fcca0000 - 0x00000147fcca3000 	C:\Program Files\Java\JavaFx\javafx-sdk-11.0.2\bin\api-ms-win-core-console-l1-1-0.dll
0x00000147fccb0000 - 0x00000147fccb3000 	C:\Program Files\Java\JavaFx\javafx-sdk-11.0.2\bin\api-ms-win-core-datetime-l1-1-0.dll
0x00000147fccc0000 - 0x00000147fccc3000 	C:\Program Files\Java\JavaFx\javafx-sdk-11.0.2\bin\api-ms-win-core-debug-l1-1-0.dll
0x00000147fccd0000 - 0x00000147fccd3000 	C:\Program Files\Java\JavaFx\javafx-sdk-11.0.2\bin\api-ms-win-core-errorhandling-l1-1-0.dll
0x00000147fcce0000 - 0x00000147fcce4000 	C:\Program Files\Java\JavaFx\javafx-sdk-11.0.2\bin\api-ms-win-core-file-l1-1-0.dll
0x00000147fccf0000 - 0x00000147fccf3000 	C:\Program Files\Java\JavaFx\javafx-sdk-11.0.2\bin\api-ms-win-core-file-l1-2-0.dll
0x00000147fcd00000 - 0x00000147fcd03000 	C:\Program Files\Java\JavaFx\javafx-sdk-11.0.2\bin\api-ms-win-core-file-l2-1-0.dll
0x00000147fcd10000 - 0x00000147fcd13000 	C:\Program Files\Java\JavaFx\javafx-sdk-11.0.2\bin\api-ms-win-core-handle-l1-1-0.dll
0x00000147fcd20000 - 0x00000147fcd23000 	C:\Program Files\Java\JavaFx\javafx-sdk-11.0.2\bin\api-ms-win-core-heap-l1-1-0.dll
0x00000147fcd30000 - 0x00000147fcd33000 	C:\Program Files\Java\JavaFx\javafx-sdk-11.0.2\bin\api-ms-win-core-interlocked-l1-1-0.dll
0x00000147ffee0000 - 0x00000147ffee3000 	C:\Program Files\Java\JavaFx\javafx-sdk-11.0.2\bin\api-ms-win-core-libraryloader-l1-1-0.dll
0x00000147ffef0000 - 0x00000147ffef3000 	C:\Program Files\Java\JavaFx\javafx-sdk-11.0.2\bin\api-ms-win-core-localization-l1-2-0.dll
0x00000147fff00000 - 0x00000147fff03000 	C:\Program Files\Java\JavaFx\javafx-sdk-11.0.2\bin\api-ms-win-core-memory-l1-1-0.dll
0x00000147fff10000 - 0x00000147fff13000 	C:\Program Files\Java\JavaFx\javafx-sdk-11.0.2\bin\api-ms-win-core-namedpipe-l1-1-0.dll
0x00000147fff20000 - 0x00000147fff23000 	C:\Program Files\Java\JavaFx\javafx-sdk-11.0.2\bin\api-ms-win-core-processenvironment-l1-1-0.dll
0x00000147fff30000 - 0x00000147fff33000 	C:\Program Files\Java\JavaFx\javafx-sdk-11.0.2\bin\api-ms-win-core-processthreads-l1-1-0.dll
0x00000147fff40000 - 0x00000147fff43000 	C:\Program Files\Java\JavaFx\javafx-sdk-11.0.2\bin\api-ms-win-core-processthreads-l1-1-1.dll
0x00000147fff50000 - 0x00000147fff53000 	C:\Program Files\Java\JavaFx\javafx-sdk-11.0.2\bin\api-ms-win-core-profile-l1-1-0.dll
0x00000147fff60000 - 0x00000147fff63000 	C:\Program Files\Java\JavaFx\javafx-sdk-11.0.2\bin\api-ms-win-core-rtlsupport-l1-1-0.dll
0x00000147fff70000 - 0x00000147fff73000 	C:\Program Files\Java\JavaFx\javafx-sdk-11.0.2\bin\api-ms-win-core-string-l1-1-0.dll
0x00000147fff80000 - 0x00000147fff83000 	C:\Program Files\Java\JavaFx\javafx-sdk-11.0.2\bin\api-ms-win-core-synch-l1-1-0.dll
0x00000147fff90000 - 0x00000147fff93000 	C:\Program Files\Java\JavaFx\javafx-sdk-11.0.2\bin\api-ms-win-core-synch-l1-2-0.dll
0x00000147fffa0000 - 0x00000147fffa3000 	C:\Program Files\Java\JavaFx\javafx-sdk-11.0.2\bin\api-ms-win-core-sysinfo-l1-1-0.dll
0x00000147fffb0000 - 0x00000147fffb3000 	C:\Program Files\Java\JavaFx\javafx-sdk-11.0.2\bin\api-ms-win-core-timezone-l1-1-0.dll
0x00000147fffc0000 - 0x00000147fffc3000 	C:\Program Files\Java\JavaFx\javafx-sdk-11.0.2\bin\api-ms-win-core-util-l1-1-0.dll
0x00000147fffd0000 - 0x00000147fffd3000 	C:\Program Files\Java\JavaFx\javafx-sdk-11.0.2\bin\api-ms-win-crt-conio-l1-1-0.dll
0x00000147fffe0000 - 0x00000147fffe4000 	C:\Program Files\Java\JavaFx\javafx-sdk-11.0.2\bin\api-ms-win-crt-convert-l1-1-0.dll
0x00000147ffff0000 - 0x00000147ffff3000 	C:\Program Files\Java\JavaFx\javafx-sdk-11.0.2\bin\api-ms-win-crt-environment-l1-1-0.dll
0x00000147a32b0000 - 0x00000147a32b3000 	C:\Program Files\Java\JavaFx\javafx-sdk-11.0.2\bin\api-ms-win-crt-filesystem-l1-1-0.dll
0x00000147a32c0000 - 0x00000147a32c3000 	C:\Program Files\Java\JavaFx\javafx-sdk-11.0.2\bin\api-ms-win-crt-heap-l1-1-0.dll
0x00000147a32d0000 - 0x00000147a32d3000 	C:\Program Files\Java\JavaFx\javafx-sdk-11.0.2\bin\api-ms-win-crt-locale-l1-1-0.dll
0x00000147a32e0000 - 0x00000147a32e5000 	C:\Program Files\Java\JavaFx\javafx-sdk-11.0.2\bin\api-ms-win-crt-math-l1-1-0.dll
0x00000147a2f00000 - 0x00000147a2f05000 	C:\Program Files\Java\JavaFx\javafx-sdk-11.0.2\bin\api-ms-win-crt-multibyte-l1-1-0.dll
0x00000147a2f10000 - 0x00000147a2f20000 	C:\Program Files\Java\JavaFx\javafx-sdk-11.0.2\bin\api-ms-win-crt-private-l1-1-0.dll
0x00000147a2f20000 - 0x00000147a2f23000 	C:\Program Files\Java\JavaFx\javafx-sdk-11.0.2\bin\api-ms-win-crt-process-l1-1-0.dll
0x00000147a2f30000 - 0x00000147a2f34000 	C:\Program Files\Java\JavaFx\javafx-sdk-11.0.2\bin\api-ms-win-crt-runtime-l1-1-0.dll
0x00000147a2f40000 - 0x00000147a2f44000 	C:\Program Files\Java\JavaFx\javafx-sdk-11.0.2\bin\api-ms-win-crt-stdio-l1-1-0.dll
0x00000147a2f50000 - 0x00000147a2f54000 	C:\Program Files\Java\JavaFx\javafx-sdk-11.0.2\bin\api-ms-win-crt-string-l1-1-0.dll
0x00000147a2f60000 - 0x00000147a2f63000 	C:\Program Files\Java\JavaFx\javafx-sdk-11.0.2\bin\api-ms-win-crt-time-l1-1-0.dll
0x00000147a2f70000 - 0x00000147a2f73000 	C:\Program Files\Java\JavaFx\javafx-sdk-11.0.2\bin\api-ms-win-crt-utility-l1-1-0.dll
0x00007ffac51c0000 - 0x00007ffac52ba000 	C:\Program Files\Java\JavaFx\javafx-sdk-11.0.2\bin\ucrtbase.dll
0x00007ffae0a70000 - 0x00007ffae0a86000 	C:\Program Files\Java\JavaFx\javafx-sdk-11.0.2\bin\vcruntime140.dll
0x00007ffac53f0000 - 0x00007ffac5496000 	C:\Program Files\Java\JavaFx\javafx-sdk-11.0.2\bin\msvcp140.dll
0x00007ffac9440000 - 0x00007ffac9491000 	C:\Program Files\Java\JavaFx\javafx-sdk-11.0.2\bin\concrt140.dll
0x00007ffadf0e0000 - 0x00007ffadf103000 	C:\Program Files\Java\JavaFx\javafx-sdk-11.0.2\bin\prism_d3d.dll
0x00007ffabb300000 - 0x00007ffabb4cf000 	C:\WINDOWS\system32\d3d9.dll
0x00007ffaecc00000 - 0x00007ffaecc2f000 	C:\WINDOWS\SYSTEM32\dwmapi.dll
0x00007ffaec800000 - 0x00007ffaec89e000 	C:\WINDOWS\system32\uxtheme.dll
0x00007ffabc350000 - 0x00007ffabc527000 	C:\WINDOWS\System32\DriverStore\FileRepository\igdlh64.inf_amd64_7948ecc1af5c27e1\igdumdim64.dll
0x00007ffa857e0000 - 0x00007ffa887dd000 	C:\WINDOWS\System32\DriverStore\FileRepository\igdlh64.inf_amd64_7948ecc1af5c27e1\igd9dxva64.dll
0x00007ffaf1860000 - 0x00007ffaf198a000 	C:\WINDOWS\System32\ole32.dll
0x00007ffaf1ac0000 - 0x00007ffaf1b8d000 	C:\WINDOWS\System32\OLEAUT32.dll
0x00007ffac5120000 - 0x00007ffac5165000 	C:\Program Files\Java\JavaFx\javafx-sdk-11.0.2\bin\glass.dll
0x00007ffaefcb0000 - 0x00007ffaefd8b000 	C:\WINDOWS\System32\COMDLG32.dll
0x00007ffaf0980000 - 0x00007ffaf0a96000 	C:\WINDOWS\System32\MSCTF.dll
0x00007ffae1ad0000 - 0x00007ffae3865000 	C:\WINDOWS\System32\DriverStore\FileRepository\igdlh64.inf_amd64_7948ecc1af5c27e1\igc64.dll
0x00007ffae6480000 - 0x00007ffae64bb000 	C:\WINDOWS\SYSTEM32\dxcore.dll
0x00007ffaef5d0000 - 0x00007ffaef61e000 	C:\WINDOWS\System32\cfgmgr32.dll
0x00007ffadf9f0000 - 0x00007ffadfa04000 	C:\Program Files\Java\JavaFx\javafx-sdk-11.0.2\bin\javafx_font.dll
0x00007ffac6260000 - 0x00007ffac64df000 	C:\WINDOWS\SYSTEM32\dwrite.dll
0x00007ffaf1050000 - 0x00007ffaf10f9000 	C:\WINDOWS\System32\clbcatq.dll
0x00007ffae6be0000 - 0x00007ffae6d94000 	C:\WINDOWS\SYSTEM32\WindowsCodecs.dll
0x00007ffaef5a0000 - 0x00007ffaef5c7000 	C:\WINDOWS\System32\bcrypt.dll
0x00007ffabdba0000 - 0x00007ffabdbde000 	C:\WINDOWS\system32\dataexchange.dll
0x00007ffaea200000 - 0x00007ffaea464000 	C:\WINDOWS\system32\d3d11.dll
0x00007ffaeb260000 - 0x00007ffaeb447000 	C:\WINDOWS\system32\dcomp.dll
0x00007ffaedc60000 - 0x00007ffaedd53000 	C:\WINDOWS\system32\dxgi.dll
0x00007ffae8f50000 - 0x00007ffae9158000 	C:\WINDOWS\system32\twinapi.appcore.dll
0x00007ffaec380000 - 0x00007ffaec3b4000 	C:\Program Files\Common Files\Microsoft Shared\Ink\rtscom.dll
0x00007ffac7af0000 - 0x00007ffac7bed000 	C:\WINDOWS\SYSTEM32\textinputframework.dll
0x00007ffaebd40000 - 0x00007ffaebe32000 	C:\WINDOWS\System32\CoreMessaging.dll
0x00007ffaeb820000 - 0x00007ffaebb7e000 	C:\WINDOWS\System32\CoreUIComponents.dll
0x00007ffaee050000 - 0x00007ffaee083000 	C:\WINDOWS\SYSTEM32\ntmarta.dll
0x00007ffaea060000 - 0x00007ffaea1b6000 	C:\WINDOWS\SYSTEM32\wintypes.dll
0x00007ffabdd40000 - 0x00007ffabdda6000 	C:\WINDOWS\system32\Oleacc.dll
0x00007ffac4ef0000 - 0x00007ffac4f93000 	C:\Program Files\Java\JavaFx\javafx-sdk-11.0.2\bin\glib-lite.dll
0x00007ffabbdf0000 - 0x00007ffabbece000 	C:\Program Files\Java\JavaFx\javafx-sdk-11.0.2\bin\gstreamer-lite.dll
0x00007ffab9b50000 - 0x00007ffab9bec000 	C:\WINDOWS\SYSTEM32\DSOUND.dll
0x00007ffaee910000 - 0x00007ffaee95b000 	C:\WINDOWS\SYSTEM32\powrprof.dll
0x00007ffab85f0000 - 0x00007ffab8616000 	C:\WINDOWS\SYSTEM32\winmmbase.dll
0x00007ffaee780000 - 0x00007ffaee792000 	C:\WINDOWS\SYSTEM32\UMPDC.dll
0x00007ffac9f90000 - 0x00007ffac9fb6000 	C:\Program Files\Java\JavaFx\javafx-sdk-11.0.2\bin\jfxmedia.dll
0x00007ffaed2d0000 - 0x00007ffaed3c7000 	C:\WINDOWS\system32\propsys.dll
0x00007ffac9690000 - 0x00007ffac96b2000 	C:\Program Files\Java\JavaFx\javafx-sdk-11.0.2\bin\fxplugins.dll

dbghelp: loaded successfully - version: 4.0.5 - missing functions: none
symbol engine: initialized successfully - sym options: 0x614 - pdb path: .;C:\Program Files\Java\jdk-13.0.1\bin;C:\WINDOWS\SYSTEM32;C:\WINDOWS\WinSxS\amd64_microsoft.windows.common-controls_6595b64144ccf1df_6.0.19041.488_none_ca04af081b815d21;C:\Program Files\Java\jdk-13.0.1\bin\server;C:\Program Files\Java\JavaFx\javafx-sdk-11.0.2\bin;C:\WINDOWS\System32\DriverStore\FileRepository\igdlh64.inf_amd64_7948ecc1af5c27e1;C:\Program Files\Common Files\Microsoft Shared\Ink

VM Arguments:
jvm_args: --module-path=C:\Program Files\Java\JavaFx\javafx-sdk-11.0.2\lib --add-modules=ALL-MODULE-PATH -Dfile.encoding=UTF-8 
java_command: p4_group_8_repo.main.FroggerApp
java_class_path (initial): C:\Users\shamm\git\local_COMP2042_CW_sham\TryFrog1\target\test-classes;C:\Users\shamm\git\local_COMP2042_CW_sham\TryFrog1\target\classes;C:\Program Files\Java\JavaFx\javafx-sdk-11.0.2\lib\javafx.base.jar;C:\Program Files\Java\JavaFx\javafx-sdk-11.0.2\lib\javafx.controls.jar;C:\Program Files\Java\JavaFx\javafx-sdk-11.0.2\lib\javafx.fxml.jar;C:\Program Files\Java\JavaFx\javafx-sdk-11.0.2\lib\javafx.graphics.jar;C:\Program Files\Java\JavaFx\javafx-sdk-11.0.2\lib\javafx.media.jar;C:\Program Files\Java\JavaFx\javafx-sdk-11.0.2\lib\javafx.swing.jar;C:\Program Files\Java\JavaFx\javafx-sdk-11.0.2\lib\javafx.web.jar;C:\Program Files\Java\JavaFx\javafx-sdk-11.0.2\lib\javafx-swt.jar;C:\Users\shamm\.p2\pool\plugins\org.junit.jupiter.api_5.6.0.v20200203-2009.jar;C:\Users\shamm\.p2\pool\plugins\org.junit.jupiter.engine_5.6.0.v20200203-2009.jar;C:\Users\shamm\.p2\pool\plugins\org.junit.jupiter.migrationsupport_5.6.0.v20200203-2009.jar;C:\Users\shamm\.p2\pool\plugins\org.junit.jupiter.params_5.6.0.v20200203-2009.jar;C:\Users\shamm\.p2\pool\plugins\org.junit.platform.commons_1.6.0.v20200203-2009.jar;C:\Users\shamm\.p2\pool\plugins\org.junit.platform.engine_1.6.0.v20200203-2009.jar;C:\Users\shamm\.p2\pool\plugins\org.junit.platform.launcher_1.6.0.v20200203-2009.jar;C:\Users\shamm\.p2\pool\plugins\org.junit.platform.runner_1.6.0.v20200203-2009.jar;C:\Users\shamm\.p2\pool\plugins\org.junit.platform.suite.api_1.6.0.v20200203-2009.jar;C:\Users\shamm\.p2\pool\plugins\org.junit.vintage.engine_5.6.0.v20200203-2009.jar;C:\Users\shamm\.p2\pool\plugins\org.opentest4j_1.2.0.v20190826-0900.jar;C:\Users\shamm\.p2\pool\plugins\org.apiguardian_1.1.0.v20190826-0900.jar;C:\Users\shamm\.p2\pool\plugins\org.junit_4.13.0.v20200204-1500.jar;C:\Users\shamm\.p2\pool\plugins\org.hamcrest.core_1.3.0.v20180420-1519.jar;C:\Users\shamm\.m2\repository\org\testfx\testfx-junit5\4.0.16-alpha\testfx-junit5-4.0.16-alpha.jar;C:\Users\shamm\.m2\repository\org\openjfx\javafx-controls\15.0.1\
Launcher Type: SUN_STANDARD

[Global flags]
     intx CICompilerCount                          = 4                                         {product} {ergonomic}
     uint ConcGCThreads                            = 2                                         {product} {ergonomic}
     uint G1ConcRefinementThreads                  = 8                                         {product} {ergonomic}
   size_t G1HeapRegionSize                         = 1048576                                   {product} {ergonomic}
    uintx GCDrainStackTargetSize                   = 64                                        {product} {ergonomic}
   size_t InitialHeapSize                          = 266338304                                 {product} {ergonomic}
   size_t MarkStackSize                            = 4194304                                   {product} {ergonomic}
   size_t MaxHeapSize                              = 4261412864                                {product} {ergonomic}
   size_t MaxNewSize                               = 2556428288                                {product} {ergonomic}
   size_t MinHeapDeltaBytes                        = 1048576                                   {product} {ergonomic}
   size_t MinHeapSize                              = 8388608                                   {product} {ergonomic}
    uintx NonNMethodCodeHeapSize                   = 5836300                                {pd product} {ergonomic}
    uintx NonProfiledCodeHeapSize                  = 122910970                              {pd product} {ergonomic}
    uintx ProfiledCodeHeapSize                     = 122910970                              {pd product} {ergonomic}
    uintx ReservedCodeCacheSize                    = 251658240                              {pd product} {ergonomic}
     bool SegmentedCodeCache                       = true                                      {product} {ergonomic}
   size_t SoftMaxHeapSize                          = 4261412864                             {manageable} {ergonomic}
     bool UseCompressedClassPointers               = true                                 {lp64_product} {ergonomic}
     bool UseCompressedOops                        = true                                 {lp64_product} {ergonomic}
     bool UseG1GC                                  = true                                      {product} {ergonomic}
     bool UseLargePagesIndividualAllocation        = false                                  {pd product} {ergonomic}

Logging:
Log output configuration:
 #0: stdout all=warning uptime,level,tags
 #1: stderr all=off uptime,level,tags

Environment Variables:
PATH=C:\Program Files\Common Files\Oracle\Java\javapath;C:\Program Files\Microsoft MPI\Bin\;C:\Windows\system32;C:\Windows;C:\Windows\System32\Wbem;C:\Windows\System32\WindowsPowerShell\v1.0\;C:\Program Files (x86)\NVIDIA Corporation\PhysX\Common;C:\WINDOWS\system32;C:\WINDOWS;C:\WINDOWS\System32\Wbem;C:\WINDOWS\System32\WindowsPowerShell\v1.0\;C:\WINDOWS\System32\OpenSSH\;C:\MinGW\bin;C:\Program Files\PuTTY\;C:\Program Files\Java\jdk-13.0.1\bin;C:\PHP7;C:\Program Files (x86)\Microsoft SQL Server\150\Tools\Binn\;C:\Program Files\Microsoft SQL Server\150\Tools\Binn\;C:\Program Files (x86)\Microsoft SQL Server\150\DTS\Binn\;C:\Program Files\Microsoft SQL Server\150\DTS\Binn\;C:\Program Files\Microsoft SQL Server\Client SDK\ODBC\170\Tools\Binn\;c:\Program Files (x86)\Intel\Intel(R) Management Engine Components\DAL;c:\Program Files\Intel\Intel(R) Management Engine Components\DAL;C:\Program Files\NVIDIA Corporation\NVIDIA NvDLISR;C:\Users\shamm\AppData\Roaming\local\bin;C:\Users\shamm\AppData\Local\Microsoft\WindowsApps;C:\Users\shamm\AppData\Local\Programs\Microsoft VS Code\bin;C:\MinGW;
USERNAME=shamm
OS=Windows_NT
PROCESSOR_IDENTIFIER=Intel64 Family 6 Model 142 Stepping 10, GenuineIntel



---------------  S Y S T E M  ---------------

OS: Windows 10 , 64 bit Build 19041 (10.0.19041.662)

CPU:total 8 (initial active 8) (4 cores per cpu, 2 threads per core) family 6 model 142 stepping 10, cmov, cx8, fxsr, mmx, sse, sse2, sse3, ssse3, sse4.1, sse4.2, popcnt, avx, avx2, aes, clmul, erms, 3dnowpref, lzcnt, ht, tsc, tscinvbit, bmi1, bmi2, adx, fma

Memory: 4k page, system-wide physical 16250M (4860M free)
TotalPageFile size 31353M (AvailPageFile size 6M)
current process WorkingSet (physical memory assigned to process): 217M, peak: 217M
current process commit charge ("private bytes"): 467M, peak: 469M

vm_info: Java HotSpot(TM) 64-Bit Server VM (13.0.1+9) for windows-amd64 JRE (13.0.1+9), built on Oct  6 2019 12:37:49 by "mach5one" with unknown MS VC++:1916

END.
