#
# There is insufficient memory for the Java Runtime Environment to continue.
# Native memory allocation (mmap) failed to map 266338304 bytes for Failed to commit area from 0x0000000702000000 to 0x0000000711e00000 of length 266338304.
# Possible reasons:
#   The system is out of physical RAM or swap space
#   The process is running with CompressedOops enabled, and the Java Heap may be blocking the growth of the native heap
# Possible solutions:
#   Reduce memory load on the system
#   Increase physical memory or swap space
#   Check if swap backing store is full
#   Decrease Java heap size (-Xmx/-Xms)
#   Decrease number of Java threads
#   Decrease Java thread stack sizes (-Xss)
#   Set larger code cache with -XX:ReservedCodeCacheSize=
# This output file may be truncated or incomplete.
#
#  Out of Memory Error (t:/workspace/open/src/hotspot/os/windows/os_windows.cpp:3301), pid=26024, tid=26504
#
# JRE version:  (13.0.1+9) (build )
# Java VM: Java HotSpot(TM) 64-Bit Server VM (13.0.1+9, mixed mode, aot, sharing, tiered, compressed oops, g1 gc, windows-amd64)
# No core dump will be written. Minidumps are not enabled by default on client versions of Windows
#

---------------  S U M M A R Y ------------

Command Line: --module-path=C:\Program Files\Java\JavaFx\javafx-sdk-11.0.2\lib --add-modules=ALL-MODULE-PATH -Dfile.encoding=UTF-8 p4_group_8_repo.main.FroggerApp

Host: Intel(R) Core(TM) i7-8550U CPU @ 1.80GHz, 8 cores, 15G,  Windows 10 , 64 bit Build 19041 (10.0.19041.662)
Time: Tue Dec 15 15:43:49 2020 Malay Peninsula Standard Time elapsed time: 0 seconds (0d 0h 0m 0s)

---------------  T H R E A D  ---------------

Current thread (0x0000022de72fe800):  JavaThread "Unknown thread" [_thread_in_vm, id=26504, stack(0x000000494c100000,0x000000494c200000)]

Stack: [0x000000494c100000,0x000000494c200000]
Native frames: (J=compiled Java code, j=interpreted, Vv=VM code, C=native code)
V  [jvm.dll+0x626eca]
V  [jvm.dll+0x772c6a]
V  [jvm.dll+0x77441f]
V  [jvm.dll+0x774a23]
V  [jvm.dll+0x24da58]
V  [jvm.dll+0x62438a]
V  [jvm.dll+0x618f75]
V  [jvm.dll+0x30c61c]
V  [jvm.dll+0x30c452]
V  [jvm.dll+0x311bc6]
V  [jvm.dll+0x355ce6]
V  [jvm.dll+0x3554c0]
V  [jvm.dll+0x2e729a]
V  [jvm.dll+0x2e8532]
V  [jvm.dll+0x74fcd8]
V  [jvm.dll+0x363739]
V  [jvm.dll+0x732dc5]
V  [jvm.dll+0x3ce2ef]
V  [jvm.dll+0x3d0611]
C  [jli.dll+0x51ff]
C  [ucrtbase.dll+0x214c2]
C  [KERNEL32.DLL+0x17034]
C  [ntdll.dll+0x4d0d1]


---------------  P R O C E S S  ---------------

Threads class SMR info:
_java_thread_list=0x00007ffab0ae46b8, length=0, elements={
}

Java Threads: ( => current thread )

Other Threads:
  0x0000022de736b800 GCTaskThread "GC Thread#0" [stack: 0x000000494c200000,0x000000494c300000] [id=27408]
  0x0000022de738e800 ConcurrentGCThread "G1 Main Marker" [stack: 0x000000494c300000,0x000000494c400000] [id=25436]
  0x0000022de738f800 ConcurrentGCThread "G1 Conc#0" [stack: 0x000000494c400000,0x000000494c500000] [id=17208]

[error occurred during error reporting (printing all threads), id 0xc0000005, EXCEPTION_ACCESS_VIOLATION (0xc0000005) at pc=0x00007ffab0316f67]

VM state:not at safepoint (not fully initialized)

VM Mutex/Monitor currently owned by a thread:  ([mutex/lock_event])
[0x0000022de72fbdc0] Heap_lock - owner thread: 0x0000022de72fe800

Heap address: 0x0000000702000000, size: 4064 MB, Compressed Oops mode: Non-zero based: 0x0000000702000000
Narrow klass base: 0x0000000000000000, Narrow klass shift: 0

GC Heap History (0 events):
No events

Deoptimization events (0 events):
No events

Classes unloaded (0 events):
No events

Classes redefined (0 events):
No events

Internal exceptions (0 events):
No events

Events (8 events):
Event: 0.007 Loaded shared library C:\Program Files\Java\jdk-13.0.1\bin\zip.dll
Event: 0.008 Loaded shared library C:\Program Files\Java\jdk-13.0.1\bin\jimage.dll
Event: 0.009 Loading shared library C:\Program Files\Java\jdk-13.0.1\lib\libjava.base-coop.dll failed, error code 126
Event: 0.009 Loading shared library C:\Program Files\Java\jdk-13.0.1\lib\libjava.logging-coop.dll failed, error code 126
Event: 0.009 Loading shared library C:\Program Files\Java\jdk-13.0.1\lib\libjdk.compiler-coop.dll failed, error code 126
Event: 0.009 Loading shared library C:\Program Files\Java\jdk-13.0.1\lib\libjdk.scripting.nashorn-coop.dll failed, error code 126
Event: 0.009 Loading shared library C:\Program Files\Java\jdk-13.0.1\lib\libjdk.internal.vm.ci-coop.dll failed, error code 126
Event: 0.009 Loading shared library C:\Program Files\Java\jdk-13.0.1\lib\libjdk.internal.vm.compiler-coop.dll failed, error code 126


Dynamic libraries:
0x00007ff6065c0000 - 0x00007ff6065cf000 	C:\Program Files\Java\jdk-13.0.1\bin\javaw.exe
0x00007ffaf1bd0000 - 0x00007ffaf1dc6000 	C:\WINDOWS\SYSTEM32\ntdll.dll
0x00007ffaefea0000 - 0x00007ffaeff5d000 	C:\WINDOWS\System32\KERNEL32.DLL
0x00007ffaef7f0000 - 0x00007ffaefab9000 	C:\WINDOWS\System32\KERNELBASE.dll
0x00007ffaef310000 - 0x00007ffaef410000 	C:\WINDOWS\System32\ucrtbase.dll
0x00007ffae9740000 - 0x00007ffae9755000 	C:\Program Files\Java\jdk-13.0.1\bin\VCRUNTIME140.dll
0x00007ffae96c0000 - 0x00007ffae96d8000 	C:\Program Files\Java\jdk-13.0.1\bin\jli.dll
0x00007ffaf0750000 - 0x00007ffaf07fc000 	C:\WINDOWS\System32\ADVAPI32.dll
0x00007ffaf06b0000 - 0x00007ffaf074e000 	C:\WINDOWS\System32\msvcrt.dll
0x00007ffaf1990000 - 0x00007ffaf1a2c000 	C:\WINDOWS\System32\sechost.dll
0x00007ffaf0f20000 - 0x00007ffaf104b000 	C:\WINDOWS\System32\RPCRT4.dll
0x00007ffaf1490000 - 0x00007ffaf1630000 	C:\WINDOWS\System32\USER32.dll
0x00007ffaef410000 - 0x00007ffaef432000 	C:\WINDOWS\System32\win32u.dll
0x00007ffac9790000 - 0x00007ffac9a2b000 	C:\WINDOWS\WinSxS\amd64_microsoft.windows.common-controls_6595b64144ccf1df_6.0.19041.488_none_ca04af081b815d21\COMCTL32.dll
0x00007ffaefe70000 - 0x00007ffaefe9a000 	C:\WINDOWS\System32\GDI32.dll
0x00007ffaefac0000 - 0x00007ffaefbc9000 	C:\WINDOWS\System32\gdi32full.dll
0x00007ffaef6a0000 - 0x00007ffaef73d000 	C:\WINDOWS\System32\msvcp_win.dll
0x00007ffae6e50000 - 0x00007ffae6e5a000 	C:\WINDOWS\SYSTEM32\VERSION.dll
0x00007ffaf1100000 - 0x00007ffaf1130000 	C:\WINDOWS\System32\IMM32.DLL
0x00007ffae7940000 - 0x00007ffae79db000 	C:\Program Files\Java\jdk-13.0.1\bin\msvcp140.dll
0x00007ffab0020000 - 0x00007ffab0b86000 	C:\Program Files\Java\jdk-13.0.1\bin\server\jvm.dll
0x00007ffaf17e0000 - 0x00007ffaf17e8000 	C:\WINDOWS\System32\PSAPI.DLL
0x00007ffac0f10000 - 0x00007ffac0f19000 	C:\WINDOWS\SYSTEM32\WSOCK32.dll
0x00007ffadfc00000 - 0x00007ffadfc27000 	C:\WINDOWS\SYSTEM32\WINMM.dll
0x00007ffaf17f0000 - 0x00007ffaf185b000 	C:\WINDOWS\System32\WS2_32.dll
0x00007ffaedbf0000 - 0x00007ffaedc02000 	C:\WINDOWS\SYSTEM32\kernel.appcore.dll
0x00007ffae96b0000 - 0x00007ffae96c0000 	C:\Program Files\Java\jdk-13.0.1\bin\verify.dll
0x00007ffaed0e0000 - 0x00007ffaed2c4000 	C:\WINDOWS\SYSTEM32\DBGHELP.DLL
0x00007ffadcd50000 - 0x00007ffadcd7c000 	C:\WINDOWS\SYSTEM32\dbgcore.DLL
0x00007ffaef620000 - 0x00007ffaef6a0000 	C:\WINDOWS\System32\bcryptPrimitives.dll
0x00007ffae9590000 - 0x00007ffae95b6000 	C:\Program Files\Java\jdk-13.0.1\bin\java.dll
0x00007ffae9690000 - 0x00007ffae96a7000 	C:\Program Files\Java\jdk-13.0.1\bin\zip.dll
0x00007ffae9580000 - 0x00007ffae958a000 	C:\Program Files\Java\jdk-13.0.1\bin\jimage.dll

dbghelp: loaded successfully - version: 4.0.5 - missing functions: none
symbol engine: initialized successfully - sym options: 0x614 - pdb path: .;C:\Program Files\Java\jdk-13.0.1\bin;C:\WINDOWS\SYSTEM32;C:\WINDOWS\WinSxS\amd64_microsoft.windows.common-controls_6595b64144ccf1df_6.0.19041.488_none_ca04af081b815d21;C:\Program Files\Java\jdk-13.0.1\bin\server

VM Arguments:
jvm_args: --module-path=C:\Program Files\Java\JavaFx\javafx-sdk-11.0.2\lib --add-modules=ALL-MODULE-PATH -Dfile.encoding=UTF-8 
java_command: p4_group_8_repo.main.FroggerApp
java_class_path (initial): C:\Users\shamm\git\local_COMP2042_CW_sham\TryFrog1\target\test-classes;C:\Users\shamm\git\local_COMP2042_CW_sham\TryFrog1\target\classes;C:\Program Files\Java\JavaFx\javafx-sdk-11.0.2\lib\javafx.base.jar;C:\Program Files\Java\JavaFx\javafx-sdk-11.0.2\lib\javafx.controls.jar;C:\Program Files\Java\JavaFx\javafx-sdk-11.0.2\lib\javafx.fxml.jar;C:\Program Files\Java\JavaFx\javafx-sdk-11.0.2\lib\javafx.graphics.jar;C:\Program Files\Java\JavaFx\javafx-sdk-11.0.2\lib\javafx.media.jar;C:\Program Files\Java\JavaFx\javafx-sdk-11.0.2\lib\javafx.swing.jar;C:\Program Files\Java\JavaFx\javafx-sdk-11.0.2\lib\javafx.web.jar;C:\Program Files\Java\JavaFx\javafx-sdk-11.0.2\lib\javafx-swt.jar;C:\Users\shamm\.p2\pool\plugins\org.junit.jupiter.api_5.6.0.v20200203-2009.jar;C:\Users\shamm\.p2\pool\plugins\org.junit.jupiter.engine_5.6.0.v20200203-2009.jar;C:\Users\shamm\.p2\pool\plugins\org.junit.jupiter.migrationsupport_5.6.0.v20200203-2009.jar;C:\Users\shamm\.p2\pool\plugins\org.junit.jupiter.params_5.6.0.v20200203-2009.jar;C:\Users\shamm\.p2\pool\plugins\org.junit.platform.commons_1.6.0.v20200203-2009.jar;C:\Users\shamm\.p2\pool\plugins\org.junit.platform.engine_1.6.0.v20200203-2009.jar;C:\Users\shamm\.p2\pool\plugins\org.junit.platform.launcher_1.6.0.v20200203-2009.jar;C:\Users\shamm\.p2\pool\plugins\org.junit.platform.runner_1.6.0.v20200203-2009.jar;C:\Users\shamm\.p2\pool\plugins\org.junit.platform.suite.api_1.6.0.v20200203-2009.jar;C:\Users\shamm\.p2\pool\plugins\org.junit.vintage.engine_5.6.0.v20200203-2009.jar;C:\Users\shamm\.p2\pool\plugins\org.opentest4j_1.2.0.v20190826-0900.jar;C:\Users\shamm\.p2\pool\plugins\org.apiguardian_1.1.0.v20190826-0900.jar;C:\Users\shamm\.p2\pool\plugins\org.junit_4.13.0.v20200204-1500.jar;C:\Users\shamm\.p2\pool\plugins\org.hamcrest.core_1.3.0.v20180420-1519.jar;C:\Users\shamm\.m2\repository\org\testfx\testfx-junit5\4.0.16-alpha\testfx-junit5-4.0.16-alpha.jar;C:\Users\shamm\.m2\repository\org\openjfx\javafx-controls\15.0.1\
Launcher Type: SUN_STANDARD

[Global flags]
     intx CICompilerCount                          = 4                                         {product} {ergonomic}
     uint ConcGCThreads                            = 2                                         {product} {ergonomic}
     uint G1ConcRefinementThreads                  = 8                                         {product} {ergonomic}
   size_t G1HeapRegionSize                         = 1048576                                   {product} {ergonomic}
    uintx GCDrainStackTargetSize                   = 64                                        {product} {ergonomic}
   size_t InitialHeapSize                          = 266338304                                 {product} {ergonomic}
   size_t MarkStackSize                            = 4194304                                   {product} {ergonomic}
   size_t MaxHeapSize                              = 4261412864                                {product} {ergonomic}
   size_t MinHeapDeltaBytes                        = 1048576                                   {product} {ergonomic}
   size_t MinHeapSize                              = 8388608                                   {product} {ergonomic}
    uintx NonNMethodCodeHeapSize                   = 5836300                                {pd product} {ergonomic}
    uintx NonProfiledCodeHeapSize                  = 122910970                              {pd product} {ergonomic}
    uintx ProfiledCodeHeapSize                     = 122910970                              {pd product} {ergonomic}
    uintx ReservedCodeCacheSize                    = 251658240                              {pd product} {ergonomic}
     bool SegmentedCodeCache                       = true                                      {product} {ergonomic}
   size_t SoftMaxHeapSize                          = 4261412864                             {manageable} {ergonomic}
     bool UseCompressedClassPointers               = true                                 {lp64_product} {ergonomic}
     bool UseCompressedOops                        = true                                 {lp64_product} {ergonomic}
     bool UseG1GC                                  = true                                      {product} {ergonomic}
     bool UseLargePagesIndividualAllocation        = false                                  {pd product} {ergonomic}

Logging:
Log output configuration:
 #0: stdout all=warning uptime,level,tags
 #1: stderr all=off uptime,level,tags

Environment Variables:
PATH=C:\Program Files\Common Files\Oracle\Java\javapath;C:\Program Files\Microsoft MPI\Bin\;C:\Windows\system32;C:\Windows;C:\Windows\System32\Wbem;C:\Windows\System32\WindowsPowerShell\v1.0\;C:\Program Files (x86)\NVIDIA Corporation\PhysX\Common;C:\WINDOWS\system32;C:\WINDOWS;C:\WINDOWS\System32\Wbem;C:\WINDOWS\System32\WindowsPowerShell\v1.0\;C:\WINDOWS\System32\OpenSSH\;C:\MinGW\bin;C:\Program Files\PuTTY\;C:\Program Files\Java\jdk-13.0.1\bin;C:\PHP7;C:\Program Files (x86)\Microsoft SQL Server\150\Tools\Binn\;C:\Program Files\Microsoft SQL Server\150\Tools\Binn\;C:\Program Files (x86)\Microsoft SQL Server\150\DTS\Binn\;C:\Program Files\Microsoft SQL Server\150\DTS\Binn\;C:\Program Files\Microsoft SQL Server\Client SDK\ODBC\170\Tools\Binn\;c:\Program Files (x86)\Intel\Intel(R) Management Engine Components\DAL;c:\Program Files\Intel\Intel(R) Management Engine Components\DAL;C:\Program Files\NVIDIA Corporation\NVIDIA NvDLISR;C:\Users\shamm\AppData\Roaming\local\bin;C:\Users\shamm\AppData\Local\Microsoft\WindowsApps;C:\Users\shamm\AppData\Local\Programs\Microsoft VS Code\bin;C:\MinGW;
USERNAME=shamm
OS=Windows_NT
PROCESSOR_IDENTIFIER=Intel64 Family 6 Model 142 Stepping 10, GenuineIntel



---------------  S Y S T E M  ---------------

OS: Windows 10 , 64 bit Build 19041 (10.0.19041.662)

CPU:total 8 (initial active 8) (4 cores per cpu, 2 threads per core) family 6 model 142 stepping 10, cmov, cx8, fxsr, mmx, sse, sse2, sse3, ssse3, sse4.1, sse4.2, popcnt, avx, avx2, aes, clmul, erms, 3dnowpref, lzcnt, ht, tsc, tscinvbit, bmi1, bmi2, adx, fma

Memory: 4k page, system-wide physical 16250M (4874M free)
TotalPageFile size 31353M (AvailPageFile size 96M)
current process WorkingSet (physical memory assigned to process): 10M, peak: 10M
current process commit charge ("private bytes"): 61M, peak: 315M

vm_info: Java HotSpot(TM) 64-Bit Server VM (13.0.1+9) for windows-amd64 JRE (13.0.1+9), built on Oct  6 2019 12:37:49 by "mach5one" with unknown MS VC++:1916

END.
