#
# There is insufficient memory for the Java Runtime Environment to continue.
# Native memory allocation (mmap) failed to map 266338304 bytes for Failed to commit area from 0x0000000702000000 to 0x0000000711e00000 of length 266338304.
# Possible reasons:
#   The system is out of physical RAM or swap space
#   The process is running with CompressedOops enabled, and the Java Heap may be blocking the growth of the native heap
# Possible solutions:
#   Reduce memory load on the system
#   Increase physical memory or swap space
#   Check if swap backing store is full
#   Decrease Java heap size (-Xmx/-Xms)
#   Decrease number of Java threads
#   Decrease Java thread stack sizes (-Xss)
#   Set larger code cache with -XX:ReservedCodeCacheSize=
# This output file may be truncated or incomplete.
#
#  Out of Memory Error (t:/workspace/open/src/hotspot/os/windows/os_windows.cpp:3301), pid=24400, tid=9352
#
# JRE version:  (13.0.1+9) (build )
# Java VM: Java HotSpot(TM) 64-Bit Server VM (13.0.1+9, mixed mode, aot, sharing, tiered, compressed oops, g1 gc, windows-amd64)
# No core dump will be written. Minidumps are not enabled by default on client versions of Windows
#

---------------  S U M M A R Y ------------

Command Line: --module-path=C:\Program Files\Java\JavaFx\javafx-sdk-11.0.2\lib --add-modules=ALL-MODULE-PATH -Dfile.encoding=Cp1252 p4_group_8_repo.FroggerApp

Host: Intel(R) Core(TM) i7-8550U CPU @ 1.80GHz, 8 cores, 15G,  Windows 10 , 64 bit Build 19041 (10.0.19041.546)
Time: Sat Dec  5 04:24:38 2020 Malay Peninsula Standard Time elapsed time: 0 seconds (0d 0h 0m 0s)

---------------  T H R E A D  ---------------

Current thread (0x0000018ef8999000):  JavaThread "Unknown thread" [_thread_in_vm, id=9352, stack(0x0000006626500000,0x0000006626600000)]

Stack: [0x0000006626500000,0x0000006626600000]
Native frames: (J=compiled Java code, j=interpreted, Vv=VM code, C=native code)
V  [jvm.dll+0x626eca]
V  [jvm.dll+0x772c6a]
V  [jvm.dll+0x77441f]
V  [jvm.dll+0x774a23]
V  [jvm.dll+0x24da58]
V  [jvm.dll+0x62438a]
V  [jvm.dll+0x618f75]
V  [jvm.dll+0x30c61c]
V  [jvm.dll+0x30c452]
V  [jvm.dll+0x311bc6]
V  [jvm.dll+0x355ce6]
V  [jvm.dll+0x3554c0]
V  [jvm.dll+0x2e729a]
V  [jvm.dll+0x2e8532]
V  [jvm.dll+0x74fcd8]
V  [jvm.dll+0x363739]
V  [jvm.dll+0x732dc5]
V  [jvm.dll+0x3ce2ef]
V  [jvm.dll+0x3d0611]
C  [jli.dll+0x51ff]
C  [ucrtbase.dll+0x214c2]
C  [KERNEL32.DLL+0x17034]
C  [ntdll.dll+0x4cec1]


---------------  P R O C E S S  ---------------

Threads class SMR info:
_java_thread_list=0x00007ffb88e446b8, length=0, elements={
}

Java Threads: ( => current thread )

Other Threads:
  0x0000018ef8a07800 GCTaskThread "GC Thread#0" [stack: 0x0000006626600000,0x0000006626700000] [id=24216]
  0x0000018ef8a29000 ConcurrentGCThread "G1 Main Marker" [stack: 0x0000006626700000,0x0000006626800000] [id=11736]
  0x0000018ef8a2b000 ConcurrentGCThread "G1 Conc#0" [stack: 0x0000006626800000,0x0000006626900000] [id=21636]

[error occurred during error reporting (printing all threads), id 0xc0000005, EXCEPTION_ACCESS_VIOLATION (0xc0000005) at pc=0x00007ffb88676f67]

VM state:not at safepoint (not fully initialized)

VM Mutex/Monitor currently owned by a thread:  ([mutex/lock_event])
[0x0000018ef8995f60] Heap_lock - owner thread: 0x0000018ef8999000

Heap address: 0x0000000702000000, size: 4064 MB, Compressed Oops mode: Non-zero based: 0x0000000702000000
Narrow klass base: 0x0000000000000000, Narrow klass shift: 0

GC Heap History (0 events):
No events

Deoptimization events (0 events):
No events

Classes unloaded (0 events):
No events

Classes redefined (0 events):
No events

Internal exceptions (0 events):
No events

Events (8 events):
Event: 0.006 Loaded shared library C:\Program Files\Java\jdk-13.0.1\bin\zip.dll
Event: 0.006 Loaded shared library C:\Program Files\Java\jdk-13.0.1\bin\jimage.dll
Event: 0.008 Loading shared library C:\Program Files\Java\jdk-13.0.1\lib\libjava.base-coop.dll failed, error code 126
Event: 0.008 Loading shared library C:\Program Files\Java\jdk-13.0.1\lib\libjava.logging-coop.dll failed, error code 126
Event: 0.008 Loading shared library C:\Program Files\Java\jdk-13.0.1\lib\libjdk.compiler-coop.dll failed, error code 126
Event: 0.008 Loading shared library C:\Program Files\Java\jdk-13.0.1\lib\libjdk.scripting.nashorn-coop.dll failed, error code 126
Event: 0.008 Loading shared library C:\Program Files\Java\jdk-13.0.1\lib\libjdk.internal.vm.ci-coop.dll failed, error code 126
Event: 0.008 Loading shared library C:\Program Files\Java\jdk-13.0.1\lib\libjdk.internal.vm.compiler-coop.dll failed, error code 126


Dynamic libraries:
0x00007ff6ec4e0000 - 0x00007ff6ec4ef000 	C:\Program Files\Java\jdk-13.0.1\bin\javaw.exe
0x00007ffbe1350000 - 0x00007ffbe1546000 	C:\WINDOWS\SYSTEM32\ntdll.dll
0x00007ffbe0da0000 - 0x00007ffbe0e5d000 	C:\WINDOWS\System32\KERNEL32.DLL
0x00007ffbdeb40000 - 0x00007ffbdee08000 	C:\WINDOWS\System32\KERNELBASE.dll
0x00007ffbdf1a0000 - 0x00007ffbdf2a0000 	C:\WINDOWS\System32\ucrtbase.dll
0x00007ffbb6b10000 - 0x00007ffbb6b28000 	C:\Program Files\Java\jdk-13.0.1\bin\jli.dll
0x00007ffbcdb00000 - 0x00007ffbcdb15000 	C:\Program Files\Java\jdk-13.0.1\bin\VCRUNTIME140.dll
0x00007ffbe0f90000 - 0x00007ffbe103c000 	C:\WINDOWS\System32\ADVAPI32.dll
0x00007ffbdfb20000 - 0x00007ffbdfbbe000 	C:\WINDOWS\System32\msvcrt.dll
0x00007ffbe0e60000 - 0x00007ffbe0efb000 	C:\WINDOWS\System32\sechost.dll
0x00007ffbe0c00000 - 0x00007ffbe0d24000 	C:\WINDOWS\System32\RPCRT4.dll
0x00007ffbe0a60000 - 0x00007ffbe0c00000 	C:\WINDOWS\System32\USER32.dll
0x00007ffbdeef0000 - 0x00007ffbdef12000 	C:\WINDOWS\System32\win32u.dll
0x00007ffbe0f00000 - 0x00007ffbe0f2a000 	C:\WINDOWS\System32\GDI32.dll
0x00007ffbb8e40000 - 0x00007ffbb90db000 	C:\WINDOWS\WinSxS\amd64_microsoft.windows.common-controls_6595b64144ccf1df_6.0.19041.488_none_ca04af081b815d21\COMCTL32.dll
0x00007ffbdf2a0000 - 0x00007ffbdf3a9000 	C:\WINDOWS\System32\gdi32full.dll
0x00007ffbdef20000 - 0x00007ffbdefbd000 	C:\WINDOWS\System32\msvcp_win.dll
0x00007ffbd5f00000 - 0x00007ffbd5f0a000 	C:\WINDOWS\SYSTEM32\VERSION.dll
0x00007ffbdfea0000 - 0x00007ffbdfed0000 	C:\WINDOWS\System32\IMM32.DLL
0x00007ffbb0e30000 - 0x00007ffbb0ecb000 	C:\Program Files\Java\jdk-13.0.1\bin\msvcp140.dll
0x00007ffb88380000 - 0x00007ffb88ee6000 	C:\Program Files\Java\jdk-13.0.1\bin\server\jvm.dll
0x00007ffbe0d30000 - 0x00007ffbe0d38000 	C:\WINDOWS\System32\PSAPI.DLL
0x00007ffbd3bb0000 - 0x00007ffbd3bd7000 	C:\WINDOWS\SYSTEM32\WINMM.dll
0x00007ffbd94d0000 - 0x00007ffbd94d9000 	C:\WINDOWS\SYSTEM32\WSOCK32.dll
0x00007ffbe10f0000 - 0x00007ffbe115b000 	C:\WINDOWS\System32\WS2_32.dll
0x00007ffbdd3a0000 - 0x00007ffbdd3b2000 	C:\WINDOWS\SYSTEM32\kernel.appcore.dll
0x00007ffbd87f0000 - 0x00007ffbd8800000 	C:\Program Files\Java\jdk-13.0.1\bin\verify.dll
0x00007ffbdc860000 - 0x00007ffbdca44000 	C:\WINDOWS\SYSTEM32\DBGHELP.DLL
0x00007ffbcc750000 - 0x00007ffbcc77c000 	C:\WINDOWS\SYSTEM32\dbgcore.DLL
0x00007ffbdee10000 - 0x00007ffbdee8f000 	C:\WINDOWS\System32\bcryptPrimitives.dll
0x00007ffbb4d40000 - 0x00007ffbb4d66000 	C:\Program Files\Java\jdk-13.0.1\bin\java.dll
0x00007ffbb4d20000 - 0x00007ffbb4d37000 	C:\Program Files\Java\jdk-13.0.1\bin\zip.dll
0x00007ffbce880000 - 0x00007ffbce88a000 	C:\Program Files\Java\jdk-13.0.1\bin\jimage.dll

dbghelp: loaded successfully - version: 4.0.5 - missing functions: none
symbol engine: initialized successfully - sym options: 0x614 - pdb path: .;C:\Program Files\Java\jdk-13.0.1\bin;C:\WINDOWS\SYSTEM32;C:\WINDOWS\WinSxS\amd64_microsoft.windows.common-controls_6595b64144ccf1df_6.0.19041.488_none_ca04af081b815d21;C:\Program Files\Java\jdk-13.0.1\bin\server

VM Arguments:
jvm_args: --module-path=C:\Program Files\Java\JavaFx\javafx-sdk-11.0.2\lib --add-modules=ALL-MODULE-PATH -Dfile.encoding=Cp1252 
java_command: p4_group_8_repo.FroggerApp
java_class_path (initial): C:\Users\shamm\git\local_COMP2042_CW_sham\TryFrog1\bin;C:\Program Files\Java\JavaFx\javafx-sdk-11.0.2\lib\javafx.base.jar;C:\Program Files\Java\JavaFx\javafx-sdk-11.0.2\lib\javafx.controls.jar;C:\Program Files\Java\JavaFx\javafx-sdk-11.0.2\lib\javafx.fxml.jar;C:\Program Files\Java\JavaFx\javafx-sdk-11.0.2\lib\javafx.graphics.jar;C:\Program Files\Java\JavaFx\javafx-sdk-11.0.2\lib\javafx.media.jar;C:\Program Files\Java\JavaFx\javafx-sdk-11.0.2\lib\javafx.swing.jar;C:\Program Files\Java\JavaFx\javafx-sdk-11.0.2\lib\javafx.web.jar;C:\Program Files\Java\JavaFx\javafx-sdk-11.0.2\lib\javafx-swt.jar
Launcher Type: SUN_STANDARD

[Global flags]
     intx CICompilerCount                          = 4                                         {product} {ergonomic}
     uint ConcGCThreads                            = 2                                         {product} {ergonomic}
     uint G1ConcRefinementThreads                  = 8                                         {product} {ergonomic}
   size_t G1HeapRegionSize                         = 1048576                                   {product} {ergonomic}
    uintx GCDrainStackTargetSize                   = 64                                        {product} {ergonomic}
   size_t InitialHeapSize                          = 266338304                                 {product} {ergonomic}
   size_t MarkStackSize                            = 4194304                                   {product} {ergonomic}
   size_t MaxHeapSize                              = 4261412864                                {product} {ergonomic}
   size_t MinHeapDeltaBytes                        = 1048576                                   {product} {ergonomic}
   size_t MinHeapSize                              = 8388608                                   {product} {ergonomic}
    uintx NonNMethodCodeHeapSize                   = 5836300                                {pd product} {ergonomic}
    uintx NonProfiledCodeHeapSize                  = 122910970                              {pd product} {ergonomic}
    uintx ProfiledCodeHeapSize                     = 122910970                              {pd product} {ergonomic}
    uintx ReservedCodeCacheSize                    = 251658240                              {pd product} {ergonomic}
     bool SegmentedCodeCache                       = true                                      {product} {ergonomic}
   size_t SoftMaxHeapSize                          = 4261412864                             {manageable} {ergonomic}
     bool UseCompressedClassPointers               = true                                 {lp64_product} {ergonomic}
     bool UseCompressedOops                        = true                                 {lp64_product} {ergonomic}
     bool UseG1GC                                  = true                                      {product} {ergonomic}
     bool UseLargePagesIndividualAllocation        = false                                  {pd product} {ergonomic}

Logging:
Log output configuration:
 #0: stdout all=warning uptime,level,tags
 #1: stderr all=off uptime,level,tags

Environment Variables:
PATH=C:\Program Files\Common Files\Oracle\Java\javapath;C:\Program Files\Microsoft MPI\Bin\;C:\Windows\system32;C:\Windows;C:\Windows\System32\Wbem;C:\Windows\System32\WindowsPowerShell\v1.0\;C:\Program Files (x86)\NVIDIA Corporation\PhysX\Common;C:\WINDOWS\system32;C:\WINDOWS;C:\WINDOWS\System32\Wbem;C:\WINDOWS\System32\WindowsPowerShell\v1.0\;C:\WINDOWS\System32\OpenSSH\;C:\MinGW\bin;C:\Program Files\PuTTY\;C:\Program Files\Java\jdk-13.0.1\bin;C:\Program Files\MATLAB\R2019b\bin;C:\PHP7;C:\Program Files (x86)\Microsoft SQL Server\150\Tools\Binn\;C:\Program Files\Microsoft SQL Server\150\Tools\Binn\;C:\Program Files (x86)\Microsoft SQL Server\150\DTS\Binn\;C:\Program Files\Microsoft SQL Server\150\DTS\Binn\;C:\Program Files\Microsoft SQL Server\Client SDK\ODBC\170\Tools\Binn\;c:\Program Files (x86)\Intel\Intel(R) Management Engine Components\DAL;c:\Program Files\Intel\Intel(R) Management Engine Components\DAL;C:\Program Files\NVIDIA Corporation\NVIDIA NvDLISR;C:\Users\shamm\AppData\Roaming\local\bin;C:\Users\shamm\AppData\Local\Microsoft\WindowsApps;C:\Users\shamm\AppData\Local\Programs\Microsoft VS Code\bin;C:\MinGW;
USERNAME=shamm
OS=Windows_NT
PROCESSOR_IDENTIFIER=Intel64 Family 6 Model 142 Stepping 10, GenuineIntel



---------------  S Y S T E M  ---------------

OS: Windows 10 , 64 bit Build 19041 (10.0.19041.546)

CPU:total 8 (initial active 8) (4 cores per cpu, 2 threads per core) family 6 model 142 stepping 10, cmov, cx8, fxsr, mmx, sse, sse2, sse3, ssse3, sse4.1, sse4.2, popcnt, avx, avx2, aes, clmul, erms, 3dnowpref, lzcnt, ht, tsc, tscinvbit, bmi1, bmi2, adx, fma

Memory: 4k page, system-wide physical 16250M (6054M free)
TotalPageFile size 31278M (AvailPageFile size 118M)
current process WorkingSet (physical memory assigned to process): 10M, peak: 10M
current process commit charge ("private bytes"): 61M, peak: 315M

vm_info: Java HotSpot(TM) 64-Bit Server VM (13.0.1+9) for windows-amd64 JRE (13.0.1+9), built on Oct  6 2019 12:37:49 by "mach5one" with unknown MS VC++:1916

END.
