#
# There is insufficient memory for the Java Runtime Environment to continue.
# Native memory allocation (mmap) failed to map 266338304 bytes for Failed to commit area from 0x0000000702000000 to 0x0000000711e00000 of length 266338304.
# Possible reasons:
#   The system is out of physical RAM or swap space
#   The process is running with CompressedOops enabled, and the Java Heap may be blocking the growth of the native heap
# Possible solutions:
#   Reduce memory load on the system
#   Increase physical memory or swap space
#   Check if swap backing store is full
#   Decrease Java heap size (-Xmx/-Xms)
#   Decrease number of Java threads
#   Decrease Java thread stack sizes (-Xss)
#   Set larger code cache with -XX:ReservedCodeCacheSize=
# This output file may be truncated or incomplete.
#
#  Out of Memory Error (t:/workspace/open/src/hotspot/os/windows/os_windows.cpp:3301), pid=56272, tid=56192
#
# JRE version:  (13.0.1+9) (build )
# Java VM: Java HotSpot(TM) 64-Bit Server VM (13.0.1+9, mixed mode, aot, sharing, tiered, compressed oops, g1 gc, windows-amd64)
# No core dump will be written. Minidumps are not enabled by default on client versions of Windows
#

---------------  S U M M A R Y ------------

Command Line: --module-path=C:\Program Files\Java\JavaFx\javafx-sdk-11.0.2\lib --add-modules=ALL-MODULE-PATH -Dfile.encoding=Cp1252 p4_group_8_repo.FroggerApp

Host: Intel(R) Core(TM) i7-8550U CPU @ 1.80GHz, 8 cores, 15G,  Windows 10 , 64 bit Build 19041 (10.0.19041.546)
Time: Thu Dec  3 08:38:39 2020 Malay Peninsula Standard Time elapsed time: 0 seconds (0d 0h 0m 0s)

---------------  T H R E A D  ---------------

Current thread (0x000001e062c5d000):  JavaThread "Unknown thread" [_thread_in_vm, id=56192, stack(0x0000002c64000000,0x0000002c64100000)]

Stack: [0x0000002c64000000,0x0000002c64100000]
Native frames: (J=compiled Java code, j=interpreted, Vv=VM code, C=native code)
V  [jvm.dll+0x626eca]
V  [jvm.dll+0x772c6a]
V  [jvm.dll+0x77441f]
V  [jvm.dll+0x774a23]
V  [jvm.dll+0x24da58]
V  [jvm.dll+0x62438a]
V  [jvm.dll+0x618f75]
V  [jvm.dll+0x30c61c]
V  [jvm.dll+0x30c452]
V  [jvm.dll+0x311bc6]
V  [jvm.dll+0x355ce6]
V  [jvm.dll+0x3554c0]
V  [jvm.dll+0x2e729a]
V  [jvm.dll+0x2e8532]
V  [jvm.dll+0x74fcd8]
V  [jvm.dll+0x363739]
V  [jvm.dll+0x732dc5]
V  [jvm.dll+0x3ce2ef]
V  [jvm.dll+0x3d0611]
C  [jli.dll+0x51ff]
C  [ucrtbase.dll+0x214c2]
C  [KERNEL32.DLL+0x17034]
C  [ntdll.dll+0x4cec1]


---------------  P R O C E S S  ---------------

Threads class SMR info:
_java_thread_list=0x00007ffd634a46b8, length=0, elements={
}

Java Threads: ( => current thread )

Other Threads:
  0x000001e062cc9800 GCTaskThread "GC Thread#0" [stack: 0x0000002c64100000,0x0000002c64200000] [id=18100]
  0x000001e062cec000 ConcurrentGCThread "G1 Main Marker" [stack: 0x0000002c64200000,0x0000002c64300000] [id=20368]
  0x000001e062ced000 ConcurrentGCThread "G1 Conc#0" [stack: 0x0000002c64300000,0x0000002c64400000] [id=61688]

[error occurred during error reporting (printing all threads), id 0xc0000005, EXCEPTION_ACCESS_VIOLATION (0xc0000005) at pc=0x00007ffd62cd6f67]

VM state:not at safepoint (not fully initialized)

VM Mutex/Monitor currently owned by a thread:  ([mutex/lock_event])
[0x000001e062c59030] Heap_lock - owner thread: 0x000001e062c5d000

Heap address: 0x0000000702000000, size: 4064 MB, Compressed Oops mode: Non-zero based: 0x0000000702000000
Narrow klass base: 0x0000000000000000, Narrow klass shift: 0

GC Heap History (0 events):
No events

Deoptimization events (0 events):
No events

Classes unloaded (0 events):
No events

Classes redefined (0 events):
No events

Internal exceptions (0 events):
No events

Events (8 events):
Event: 0.027 Loaded shared library C:\Program Files\Java\jdk-13.0.1\bin\zip.dll
Event: 0.027 Loaded shared library C:\Program Files\Java\jdk-13.0.1\bin\jimage.dll
Event: 0.030 Loading shared library C:\Program Files\Java\jdk-13.0.1\lib\libjava.base-coop.dll failed, error code 126
Event: 0.031 Loading shared library C:\Program Files\Java\jdk-13.0.1\lib\libjava.logging-coop.dll failed, error code 126
Event: 0.031 Loading shared library C:\Program Files\Java\jdk-13.0.1\lib\libjdk.compiler-coop.dll failed, error code 126
Event: 0.031 Loading shared library C:\Program Files\Java\jdk-13.0.1\lib\libjdk.scripting.nashorn-coop.dll failed, error code 126
Event: 0.031 Loading shared library C:\Program Files\Java\jdk-13.0.1\lib\libjdk.internal.vm.ci-coop.dll failed, error code 126
Event: 0.031 Loading shared library C:\Program Files\Java\jdk-13.0.1\lib\libjdk.internal.vm.compiler-coop.dll failed, error code 126


Dynamic libraries:
0x00007ff6cc8e0000 - 0x00007ff6cc8ef000 	C:\Program Files\Java\jdk-13.0.1\bin\javaw.exe
0x00007ffda30d0000 - 0x00007ffda32c6000 	C:\WINDOWS\SYSTEM32\ntdll.dll
0x00007ffda24b0000 - 0x00007ffda256d000 	C:\WINDOWS\System32\KERNEL32.DLL
0x00007ffda09a0000 - 0x00007ffda0c68000 	C:\WINDOWS\System32\KERNELBASE.dll
0x00007ffda0e40000 - 0x00007ffda0f40000 	C:\WINDOWS\System32\ucrtbase.dll
0x00007ffd9b430000 - 0x00007ffd9b445000 	C:\Program Files\Java\jdk-13.0.1\bin\VCRUNTIME140.dll
0x00007ffd9b450000 - 0x00007ffd9b468000 	C:\Program Files\Java\jdk-13.0.1\bin\jli.dll
0x00007ffda2660000 - 0x00007ffda270c000 	C:\WINDOWS\System32\ADVAPI32.dll
0x00007ffda28d0000 - 0x00007ffda296e000 	C:\WINDOWS\System32\msvcrt.dll
0x00007ffda2710000 - 0x00007ffda27ab000 	C:\WINDOWS\System32\sechost.dll
0x00007ffda1cf0000 - 0x00007ffda1e14000 	C:\WINDOWS\System32\RPCRT4.dll
0x00007ffda1af0000 - 0x00007ffda1c90000 	C:\WINDOWS\System32\USER32.dll
0x00007ffda10b0000 - 0x00007ffda10d2000 	C:\WINDOWS\System32\win32u.dll
0x00007ffda2a20000 - 0x00007ffda2a4a000 	C:\WINDOWS\System32\GDI32.dll
0x00007ffd7b4a0000 - 0x00007ffd7b73b000 	C:\WINDOWS\WinSxS\amd64_microsoft.windows.common-controls_6595b64144ccf1df_6.0.19041.488_none_ca04af081b815d21\COMCTL32.dll
0x00007ffda0f40000 - 0x00007ffda1049000 	C:\WINDOWS\System32\gdi32full.dll
0x00007ffda0da0000 - 0x00007ffda0e3d000 	C:\WINDOWS\System32\msvcp_win.dll
0x00007ffd97d60000 - 0x00007ffd97d6a000 	C:\WINDOWS\SYSTEM32\VERSION.dll
0x00007ffda1e20000 - 0x00007ffda1e50000 	C:\WINDOWS\System32\IMM32.DLL
0x00007ffd98c20000 - 0x00007ffd98cbb000 	C:\Program Files\Java\jdk-13.0.1\bin\msvcp140.dll
0x00007ffd629e0000 - 0x00007ffd63546000 	C:\Program Files\Java\jdk-13.0.1\bin\server\jvm.dll
0x00007ffda1e50000 - 0x00007ffda1e58000 	C:\WINDOWS\System32\PSAPI.DLL
0x00007ffd9d910000 - 0x00007ffd9d919000 	C:\WINDOWS\SYSTEM32\WSOCK32.dll
0x00007ffda27b0000 - 0x00007ffda281b000 	C:\WINDOWS\System32\WS2_32.dll
0x00007ffd948d0000 - 0x00007ffd948f7000 	C:\WINDOWS\SYSTEM32\WINMM.dll
0x00007ffd9f140000 - 0x00007ffd9f152000 	C:\WINDOWS\SYSTEM32\kernel.appcore.dll
0x00007ffd9b420000 - 0x00007ffd9b430000 	C:\Program Files\Java\jdk-13.0.1\bin\verify.dll
0x00007ffd9e5e0000 - 0x00007ffd9e7c4000 	C:\WINDOWS\SYSTEM32\DBGHELP.DLL
0x00007ffd8e3d0000 - 0x00007ffd8e3fc000 	C:\WINDOWS\SYSTEM32\dbgcore.DLL
0x00007ffda0c70000 - 0x00007ffda0cef000 	C:\WINDOWS\System32\bcryptPrimitives.dll
0x00007ffd9b3f0000 - 0x00007ffd9b416000 	C:\Program Files\Java\jdk-13.0.1\bin\java.dll
0x00007ffd9b390000 - 0x00007ffd9b3a7000 	C:\Program Files\Java\jdk-13.0.1\bin\zip.dll
0x00007ffd9b3e0000 - 0x00007ffd9b3ea000 	C:\Program Files\Java\jdk-13.0.1\bin\jimage.dll

dbghelp: loaded successfully - version: 4.0.5 - missing functions: none
symbol engine: initialized successfully - sym options: 0x614 - pdb path: .;C:\Program Files\Java\jdk-13.0.1\bin;C:\WINDOWS\SYSTEM32;C:\WINDOWS\WinSxS\amd64_microsoft.windows.common-controls_6595b64144ccf1df_6.0.19041.488_none_ca04af081b815d21;C:\Program Files\Java\jdk-13.0.1\bin\server

VM Arguments:
jvm_args: --module-path=C:\Program Files\Java\JavaFx\javafx-sdk-11.0.2\lib --add-modules=ALL-MODULE-PATH -Dfile.encoding=Cp1252 
java_command: p4_group_8_repo.FroggerApp
java_class_path (initial): C:\Users\shamm\git\local_COMP2042_CW_sham\TryFrog1\bin;C:\Program Files\Java\JavaFx\javafx-sdk-11.0.2\lib\javafx.base.jar;C:\Program Files\Java\JavaFx\javafx-sdk-11.0.2\lib\javafx.controls.jar;C:\Program Files\Java\JavaFx\javafx-sdk-11.0.2\lib\javafx.fxml.jar;C:\Program Files\Java\JavaFx\javafx-sdk-11.0.2\lib\javafx.graphics.jar;C:\Program Files\Java\JavaFx\javafx-sdk-11.0.2\lib\javafx.media.jar;C:\Program Files\Java\JavaFx\javafx-sdk-11.0.2\lib\javafx.swing.jar;C:\Program Files\Java\JavaFx\javafx-sdk-11.0.2\lib\javafx.web.jar;C:\Program Files\Java\JavaFx\javafx-sdk-11.0.2\lib\javafx-swt.jar
Launcher Type: SUN_STANDARD

[Global flags]
     intx CICompilerCount                          = 4                                         {product} {ergonomic}
     uint ConcGCThreads                            = 2                                         {product} {ergonomic}
     uint G1ConcRefinementThreads                  = 8                                         {product} {ergonomic}
   size_t G1HeapRegionSize                         = 1048576                                   {product} {ergonomic}
    uintx GCDrainStackTargetSize                   = 64                                        {product} {ergonomic}
   size_t InitialHeapSize                          = 266338304                                 {product} {ergonomic}
   size_t MarkStackSize                            = 4194304                                   {product} {ergonomic}
   size_t MaxHeapSize                              = 4261412864                                {product} {ergonomic}
   size_t MinHeapDeltaBytes                        = 1048576                                   {product} {ergonomic}
   size_t MinHeapSize                              = 8388608                                   {product} {ergonomic}
    uintx NonNMethodCodeHeapSize                   = 5836300                                {pd product} {ergonomic}
    uintx NonProfiledCodeHeapSize                  = 122910970                              {pd product} {ergonomic}
    uintx ProfiledCodeHeapSize                     = 122910970                              {pd product} {ergonomic}
    uintx ReservedCodeCacheSize                    = 251658240                              {pd product} {ergonomic}
     bool SegmentedCodeCache                       = true                                      {product} {ergonomic}
   size_t SoftMaxHeapSize                          = 4261412864                             {manageable} {ergonomic}
     bool UseCompressedClassPointers               = true                                 {lp64_product} {ergonomic}
     bool UseCompressedOops                        = true                                 {lp64_product} {ergonomic}
     bool UseG1GC                                  = true                                      {product} {ergonomic}
     bool UseLargePagesIndividualAllocation        = false                                  {pd product} {ergonomic}

Logging:
Log output configuration:
 #0: stdout all=warning uptime,level,tags
 #1: stderr all=off uptime,level,tags

Environment Variables:
PATH=C:\Program Files\Common Files\Oracle\Java\javapath;C:\Program Files\Microsoft MPI\Bin\;C:\Windows\system32;C:\Windows;C:\Windows\System32\Wbem;C:\Windows\System32\WindowsPowerShell\v1.0\;C:\Program Files (x86)\NVIDIA Corporation\PhysX\Common;C:\WINDOWS\system32;C:\WINDOWS;C:\WINDOWS\System32\Wbem;C:\WINDOWS\System32\WindowsPowerShell\v1.0\;C:\WINDOWS\System32\OpenSSH\;C:\MinGW\bin;C:\Program Files\PuTTY\;C:\Program Files\Java\jdk-13.0.1\bin;C:\Program Files\MATLAB\R2019b\bin;C:\PHP7;C:\Program Files (x86)\Microsoft SQL Server\150\Tools\Binn\;C:\Program Files\Microsoft SQL Server\150\Tools\Binn\;C:\Program Files (x86)\Microsoft SQL Server\150\DTS\Binn\;C:\Program Files\Microsoft SQL Server\150\DTS\Binn\;C:\Program Files\Microsoft SQL Server\Client SDK\ODBC\170\Tools\Binn\;c:\Program Files (x86)\Intel\Intel(R) Management Engine Components\DAL;c:\Program Files\Intel\Intel(R) Management Engine Components\DAL;C:\Program Files\NVIDIA Corporation\NVIDIA NvDLISR;C:\Users\shamm\AppData\Roaming\local\bin;C:\Users\shamm\AppData\Local\Microsoft\WindowsApps;C:\Users\shamm\AppData\Local\Programs\Microsoft VS Code\bin;C:\MinGW\bin;
USERNAME=shamm
OS=Windows_NT
PROCESSOR_IDENTIFIER=Intel64 Family 6 Model 142 Stepping 10, GenuineIntel



---------------  S Y S T E M  ---------------

OS: Windows 10 , 64 bit Build 19041 (10.0.19041.546)

CPU:total 8 (initial active 8) (4 cores per cpu, 2 threads per core) family 6 model 142 stepping 10, cmov, cx8, fxsr, mmx, sse, sse2, sse3, ssse3, sse4.1, sse4.2, popcnt, avx, avx2, aes, clmul, erms, 3dnowpref, lzcnt, ht, tsc, tscinvbit, bmi1, bmi2, adx, fma

Memory: 4k page, system-wide physical 16250M (4192M free)
TotalPageFile size 31353M (AvailPageFile size 132M)
current process WorkingSet (physical memory assigned to process): 10M, peak: 10M
current process commit charge ("private bytes"): 61M, peak: 314M

vm_info: Java HotSpot(TM) 64-Bit Server VM (13.0.1+9) for windows-amd64 JRE (13.0.1+9), built on Oct  6 2019 12:37:49 by "mach5one" with unknown MS VC++:1916

END.
