#
# There is insufficient memory for the Java Runtime Environment to continue.
# Native memory allocation (malloc) failed to allocate 1893552 bytes for Chunk::new
# Possible reasons:
#   The system is out of physical RAM or swap space
#   The process is running with CompressedOops enabled, and the Java Heap may be blocking the growth of the native heap
# Possible solutions:
#   Reduce memory load on the system
#   Increase physical memory or swap space
#   Check if swap backing store is full
#   Decrease Java heap size (-Xmx/-Xms)
#   Decrease number of Java threads
#   Decrease Java thread stack sizes (-Xss)
#   Set larger code cache with -XX:ReservedCodeCacheSize=
#   JVM is running with Zero Based Compressed Oops mode in which the Java heap is
#     placed in the first 32GB address space. The Java Heap base address is the
#     maximum limit for the native heap growth. Please use -XX:HeapBaseMinAddress
#     to set the Java Heap base and to place the Java Heap above 32GB virtual address.
# This output file may be truncated or incomplete.
#
#  Out of Memory Error (./open/src/hotspot/share/memory/arena.cpp:195), pid=8284, tid=16368
#
# JRE version: Java(TM) SE Runtime Environment (15.0.1+9) (build 15.0.1+9-18)
# Java VM: Java HotSpot(TM) 64-Bit Server VM (15.0.1+9-18, mixed mode, sharing, tiered, compressed oops, g1 gc, windows-amd64)
# No core dump will be written. Minidumps are not enabled by default on client versions of Windows
#

---------------  S U M M A R Y ------------

Command Line: -Dmaven.home=EMBEDDED -Dclassworlds.conf=C:\Users\shamm\eclipse-workspace\.metadata\.plugins\org.eclipse.m2e.launching\launches\m2conf5556730285336329172.tmp -Dmaven.multiModuleProjectDirectory=C:\Users\shamm\git\local_COMP2042_CW_sham\TryFrog1 -Dfile.encoding=Cp1252 -XX:+ShowCodeDetailsInExceptionMessages org.codehaus.plexus.classworlds.launcher.Launcher -B clean javafx:run

Host: Intel(R) Core(TM) i7-8550U CPU @ 1.80GHz, 8 cores, 15G,  Windows 10 , 64 bit Build 19041 (10.0.19041.662)
Time: Tue Dec 15 16:15:16 2020 Malay Peninsula Standard Time elapsed time: 7.666255 seconds (0d 0h 0m 7s)

---------------  T H R E A D  ---------------

Current thread (0x0000021af94e5b60):  JavaThread "C2 CompilerThread1" daemon [_thread_in_native, id=16368, stack(0x00000047c2300000,0x00000047c2400000)]


Current CompileTask:
C2:   7666 6388       4       jdk.internal.org.objectweb.asm.Frame::execute (2305 bytes)

Stack: [0x00000047c2300000,0x00000047c2400000]
Native frames: (J=compiled Java code, j=interpreted, Vv=VM code, C=native code)
V  [jvm.dll+0x62ae9a]
V  [jvm.dll+0x781389]
V  [jvm.dll+0x782ae3]
V  [jvm.dll+0x783143]
V  [jvm.dll+0x216265]
V  [jvm.dll+0x97efa]
V  [jvm.dll+0x985dc]
V  [jvm.dll+0x32e525]
V  [jvm.dll+0x2f78aa]
V  [jvm.dll+0x2f6c6a]
V  [jvm.dll+0x1ea645]
V  [jvm.dll+0x1e98ae]
V  [jvm.dll+0x1784c7]
V  [jvm.dll+0x1f9165]
V  [jvm.dll+0x1f720c]
V  [jvm.dll+0x74485d]
V  [jvm.dll+0x73d65a]
V  [jvm.dll+0x629c56]
C  [ucrtbase.dll+0x214c2]
C  [KERNEL32.DLL+0x17034]
C  [ntdll.dll+0x4d0d1]


---------------  P R O C E S S  ---------------

Threads class SMR info:
_java_thread_list=0x0000021afd3bff20, length=16, elements={
0x0000021ad1b92580, 0x0000021af721d850, 0x0000021af721e330, 0x0000021af7b388e0,
0x0000021af7b391a0, 0x0000021af7b39a60, 0x0000021af7b3eb60, 0x0000021af7b49930,
0x0000021af7b5ba00, 0x0000021af7c70fa0, 0x0000021af7c96560, 0x0000021af94e5b60,
0x0000021afa7d9f00, 0x0000021af97a7c90, 0x0000021af97a8160, 0x0000021afa3dff70
}

Java Threads: ( => current thread )
  0x0000021ad1b92580 JavaThread "main" [_thread_in_native, id=8996, stack(0x00000047c1100000,0x00000047c1200000)]
  0x0000021af721d850 JavaThread "Reference Handler" daemon [_thread_blocked, id=16080, stack(0x00000047c1800000,0x00000047c1900000)]
  0x0000021af721e330 JavaThread "Finalizer" daemon [_thread_blocked, id=18880, stack(0x00000047c1900000,0x00000047c1a00000)]
  0x0000021af7b388e0 JavaThread "Signal Dispatcher" daemon [_thread_blocked, id=27644, stack(0x00000047c1a00000,0x00000047c1b00000)]
  0x0000021af7b391a0 JavaThread "Attach Listener" daemon [_thread_blocked, id=25348, stack(0x00000047c1b00000,0x00000047c1c00000)]
  0x0000021af7b39a60 JavaThread "Service Thread" daemon [_thread_blocked, id=26248, stack(0x00000047c1c00000,0x00000047c1d00000)]
  0x0000021af7b3eb60 JavaThread "C2 CompilerThread0" daemon [_thread_in_native, id=22136, stack(0x00000047c1d00000,0x00000047c1e00000)]
  0x0000021af7b49930 JavaThread "C1 CompilerThread0" daemon [_thread_blocked, id=24900, stack(0x00000047c1e00000,0x00000047c1f00000)]
  0x0000021af7b5ba00 JavaThread "Sweeper thread" daemon [_thread_blocked, id=27520, stack(0x00000047c1f00000,0x00000047c2000000)]
  0x0000021af7c70fa0 JavaThread "Notification Thread" daemon [_thread_blocked, id=16604, stack(0x00000047c2000000,0x00000047c2100000)]
  0x0000021af7c96560 JavaThread "Common-Cleaner" daemon [_thread_blocked, id=23788, stack(0x00000047c2200000,0x00000047c2300000)]
=>0x0000021af94e5b60 JavaThread "C2 CompilerThread1" daemon [_thread_in_native, id=16368, stack(0x00000047c2300000,0x00000047c2400000)]
  0x0000021afa7d9f00 JavaThread "C2 CompilerThread2" daemon [_thread_blocked, id=316, stack(0x00000047c2a00000,0x00000047c2b00000)]
  0x0000021af97a7c90 JavaThread "Exec Stream Pumper" daemon [_thread_in_native, id=24676, stack(0x00000047c2c00000,0x00000047c2d00000)]
  0x0000021af97a8160 JavaThread "Exec Stream Pumper" daemon [_thread_in_native, id=13036, stack(0x00000047c2d00000,0x00000047c2e00000)]
  0x0000021afa3dff70 JavaThread "Exec Input Stream Pumper" daemon [_thread_blocked, id=25244, stack(0x00000047c2e00000,0x00000047c2f00000)]

Other Threads:
  0x0000021af721c0c0 VMThread "VM Thread" [stack: 0x00000047c1700000,0x00000047c1800000] [id=4664]
  0x0000021af7c7b8b0 WatcherThread [stack: 0x00000047c2100000,0x00000047c2200000] [id=1696]
  0x0000021ad1be2c30 GCTaskThread "GC Thread#0" [stack: 0x00000047c1200000,0x00000047c1300000] [id=27580]
  0x0000021af7fb6e50 GCTaskThread "GC Thread#1" [stack: 0x00000047c2500000,0x00000047c2600000] [id=7576]
  0x0000021af7fb74b0 GCTaskThread "GC Thread#2" [stack: 0x00000047c2600000,0x00000047c2700000] [id=25896]
  0x0000021af7fb5e60 GCTaskThread "GC Thread#3" [stack: 0x00000047c2700000,0x00000047c2800000] [id=18584]
  0x0000021af7fb5800 GCTaskThread "GC Thread#4" [stack: 0x00000047c2800000,0x00000047c2900000] [id=27088]
  0x0000021af7fb8b00 GCTaskThread "GC Thread#5" [stack: 0x00000047c2900000,0x00000047c2a00000] [id=17604]
  0x0000021ad1bf5340 ConcurrentGCThread "G1 Main Marker" [stack: 0x00000047c1300000,0x00000047c1400000] [id=13816]
  0x0000021ad1bf5e40 ConcurrentGCThread "G1 Conc#0" [stack: 0x00000047c1400000,0x00000047c1500000] [id=25668]
  0x0000021af7fb5b30 ConcurrentGCThread "G1 Conc#1" [stack: 0x00000047c2400000,0x00000047c2500000] [id=1500]
  0x0000021af70920c0 ConcurrentGCThread "G1 Refine#0" [stack: 0x00000047c1500000,0x00000047c1600000] [id=7340]
  0x0000021afb06bf40 ConcurrentGCThread "G1 Refine#1" [stack: 0x00000047c2b00000,0x00000047c2c00000] [id=19968]
  0x0000021af7093920 ConcurrentGCThread "G1 Young RemSet Sampling" [stack: 0x00000047c1600000,0x00000047c1700000] [id=27060]

Threads with active compile tasks:
C2 CompilerThread0     7710 6311   !   4       com.google.inject.spi.InjectionPoint::getInjectionPoints (489 bytes)
C2 CompilerThread1     7710 6388       4       jdk.internal.org.objectweb.asm.Frame::execute (2305 bytes)

VM state: not at safepoint (normal execution)

VM Mutex/Monitor currently owned by a thread: None

Heap address: 0x0000000702000000, size: 4064 MB, Compressed Oops mode: Zero based, Oop shift amount: 3
CDS archive(s) mapped at: [0x0000000800000000-0x0000000800b50000-0x0000000800b50000), size 11862016, SharedBaseAddress: 0x0000000800000000, ArchiveRelocationMode: 0.
Compressed class space mapped at: 0x0000000800b50000-0x0000000840b50000, size: 1073741824
Narrow klass base: 0x0000000800000000, Narrow klass shift: 3, Narrow klass range: 0x100000000

GC Precious Log:
 CPUs: 8 total, 8 available
 Memory: 16250M
 Large Page Support: Disabled
 NUMA Support: Disabled
 Compressed Oops: Enabled (Zero based)
 Heap Region Size: 2M
 Heap Min Capacity: 8M
 Heap Initial Capacity: 254M
 Heap Max Capacity: 4064M
 Pre-touch: Disabled
 Parallel Workers: 8
 Concurrent Workers: 2
 Concurrent Refinement Workers: 8
 Periodic GC: Disabled

Heap:
 garbage-first heap   total 102400K, used 71009K [0x0000000702000000, 0x0000000800000000)
  region size 2048K, 25 young (51200K), 1 survivors (2048K)
 Metaspace       used 27707K, capacity 28362K, committed 28672K, reserved 1075200K
  class space    used 3044K, capacity 3262K, committed 3328K, reserved 1048576K

Heap Regions: E=young(eden), S=young(survivor), O=old, HS=humongous(starts), HC=humongous(continues), CS=collection set, F=free, OA=open archive, CA=closed archive, TAMS=top-at-mark-start (previous, next)
|   0|0x0000000702000000, 0x0000000702200000, 0x0000000702200000|100%| O|  |TAMS 0x0000000702200000, 0x0000000702000000| Untracked 
|   1|0x0000000702200000, 0x000000070234ee00, 0x0000000702400000| 65%| O|  |TAMS 0x000000070234ee00, 0x0000000702200000| Untracked 
|   2|0x0000000702400000, 0x0000000702600000, 0x0000000702600000|100%| O|  |TAMS 0x0000000702600000, 0x0000000702400000| Untracked 
|   3|0x0000000702600000, 0x0000000702800000, 0x0000000702800000|100%| O|  |TAMS 0x0000000702800000, 0x0000000702600000| Untracked 
|   4|0x0000000702800000, 0x0000000702a00000, 0x0000000702a00000|100%| O|  |TAMS 0x0000000702a00000, 0x0000000702800000| Untracked 
|   5|0x0000000702a00000, 0x0000000702c00000, 0x0000000702c00000|100%| O|  |TAMS 0x0000000702c00000, 0x0000000702a00000| Untracked 
|   6|0x0000000702c00000, 0x0000000702e00000, 0x0000000702e00000|100%| O|  |TAMS 0x0000000702e00000, 0x0000000702c00000| Untracked 
|   7|0x0000000702e00000, 0x0000000703000000, 0x0000000703000000|100%| O|  |TAMS 0x0000000703000000, 0x0000000702e00000| Untracked 
|   8|0x0000000703000000, 0x0000000703200000, 0x0000000703200000|100%| O|  |TAMS 0x0000000703200000, 0x0000000703000000| Untracked 
|   9|0x0000000703200000, 0x0000000703400000, 0x0000000703400000|100%| O|  |TAMS 0x0000000703364e00, 0x0000000703200000| Untracked 
|  10|0x0000000703400000, 0x0000000703600000, 0x0000000703600000|100%| O|  |TAMS 0x0000000703600000, 0x0000000703400000| Untracked 
|  11|0x0000000703600000, 0x00000007036d7600, 0x0000000703800000| 42%| O|  |TAMS 0x0000000703600000, 0x0000000703600000| Untracked 
|  12|0x0000000703800000, 0x0000000703800000, 0x0000000703a00000|  0%| F|  |TAMS 0x0000000703800000, 0x0000000703800000| Untracked 
|  13|0x0000000703a00000, 0x0000000703a00000, 0x0000000703c00000|  0%| F|  |TAMS 0x0000000703a00000, 0x0000000703a00000| Untracked 
|  14|0x0000000703c00000, 0x0000000703c00000, 0x0000000703e00000|  0%| F|  |TAMS 0x0000000703c00000, 0x0000000703c00000| Untracked 
|  15|0x0000000703e00000, 0x0000000703e00000, 0x0000000704000000|  0%| F|  |TAMS 0x0000000703e00000, 0x0000000703e00000| Untracked 
|  16|0x0000000704000000, 0x0000000704132080, 0x0000000704200000| 59%| S|CS|TAMS 0x0000000704000000, 0x0000000704000000| Complete 
|  17|0x0000000704200000, 0x0000000704200000, 0x0000000704400000|  0%| F|  |TAMS 0x0000000704200000, 0x0000000704200000| Untracked 
|  18|0x0000000704400000, 0x0000000704400000, 0x0000000704600000|  0%| F|  |TAMS 0x0000000704400000, 0x0000000704400000| Untracked 
|  19|0x0000000704600000, 0x0000000704600000, 0x0000000704800000|  0%| F|  |TAMS 0x0000000704600000, 0x0000000704600000| Untracked 
|  20|0x0000000704800000, 0x0000000704800000, 0x0000000704a00000|  0%| F|  |TAMS 0x0000000704800000, 0x0000000704800000| Untracked 
|  21|0x0000000704a00000, 0x0000000704a00000, 0x0000000704c00000|  0%| F|  |TAMS 0x0000000704a00000, 0x0000000704a00000| Untracked 
|  22|0x0000000704c00000, 0x0000000704c00000, 0x0000000704e00000|  0%| F|  |TAMS 0x0000000704c00000, 0x0000000704c00000| Untracked 
|  23|0x0000000704e00000, 0x0000000704e00000, 0x0000000705000000|  0%| F|  |TAMS 0x0000000704e00000, 0x0000000704e00000| Untracked 
|  24|0x0000000705000000, 0x0000000705000000, 0x0000000705200000|  0%| F|  |TAMS 0x0000000705000000, 0x0000000705000000| Untracked 
|  25|0x0000000705200000, 0x0000000705200000, 0x0000000705400000|  0%| F|  |TAMS 0x0000000705200000, 0x0000000705200000| Untracked 
|  26|0x0000000705400000, 0x00000007054953b8, 0x0000000705600000| 29%| E|  |TAMS 0x0000000705400000, 0x0000000705400000| Complete 
|  27|0x0000000705600000, 0x0000000705800000, 0x0000000705800000|100%| E|CS|TAMS 0x0000000705600000, 0x0000000705600000| Complete 
|  28|0x0000000705800000, 0x0000000705a00000, 0x0000000705a00000|100%| E|CS|TAMS 0x0000000705800000, 0x0000000705800000| Complete 
|  29|0x0000000705a00000, 0x0000000705c00000, 0x0000000705c00000|100%| E|CS|TAMS 0x0000000705a00000, 0x0000000705a00000| Complete 
|  30|0x0000000705c00000, 0x0000000705e00000, 0x0000000705e00000|100%| E|CS|TAMS 0x0000000705c00000, 0x0000000705c00000| Complete 
|  31|0x0000000705e00000, 0x0000000706000000, 0x0000000706000000|100%| E|CS|TAMS 0x0000000705e00000, 0x0000000705e00000| Complete 
|  32|0x0000000706000000, 0x0000000706200000, 0x0000000706200000|100%| E|CS|TAMS 0x0000000706000000, 0x0000000706000000| Complete 
|  33|0x0000000706200000, 0x0000000706400000, 0x0000000706400000|100%| E|CS|TAMS 0x0000000706200000, 0x0000000706200000| Complete 
|  34|0x0000000706400000, 0x0000000706600000, 0x0000000706600000|100%| E|CS|TAMS 0x0000000706400000, 0x0000000706400000| Complete 
|  35|0x0000000706600000, 0x0000000706800000, 0x0000000706800000|100%| E|CS|TAMS 0x0000000706600000, 0x0000000706600000| Complete 
|  36|0x0000000706800000, 0x0000000706a00000, 0x0000000706a00000|100%| E|CS|TAMS 0x0000000706800000, 0x0000000706800000| Complete 
|  37|0x0000000706a00000, 0x0000000706c00000, 0x0000000706c00000|100%| E|CS|TAMS 0x0000000706a00000, 0x0000000706a00000| Complete 
|  38|0x0000000706c00000, 0x0000000706e00000, 0x0000000706e00000|100%| E|CS|TAMS 0x0000000706c00000, 0x0000000706c00000| Complete 
|  39|0x0000000706e00000, 0x0000000707000000, 0x0000000707000000|100%| E|CS|TAMS 0x0000000706e00000, 0x0000000706e00000| Complete 
|  40|0x0000000707000000, 0x0000000707200000, 0x0000000707200000|100%| E|CS|TAMS 0x0000000707000000, 0x0000000707000000| Complete 
|  41|0x0000000707200000, 0x0000000707400000, 0x0000000707400000|100%| E|CS|TAMS 0x0000000707200000, 0x0000000707200000| Complete 
|  42|0x0000000707400000, 0x0000000707600000, 0x0000000707600000|100%| E|CS|TAMS 0x0000000707400000, 0x0000000707400000| Complete 
|  43|0x0000000707600000, 0x0000000707800000, 0x0000000707800000|100%| E|CS|TAMS 0x0000000707600000, 0x0000000707600000| Complete 
|  44|0x0000000707800000, 0x0000000707a00000, 0x0000000707a00000|100%| E|CS|TAMS 0x0000000707800000, 0x0000000707800000| Complete 
|  45|0x0000000707a00000, 0x0000000707c00000, 0x0000000707c00000|100%| E|CS|TAMS 0x0000000707a00000, 0x0000000707a00000| Complete 
|  46|0x0000000707c00000, 0x0000000707e00000, 0x0000000707e00000|100%| E|CS|TAMS 0x0000000707c00000, 0x0000000707c00000| Complete 
|  47|0x0000000707e00000, 0x0000000708000000, 0x0000000708000000|100%| E|CS|TAMS 0x0000000707e00000, 0x0000000707e00000| Complete 
|  82|0x000000070c400000, 0x000000070c600000, 0x000000070c600000|100%| E|CS|TAMS 0x000000070c400000, 0x000000070c400000| Complete 
| 126|0x0000000711c00000, 0x0000000711e00000, 0x0000000711e00000|100%| E|CS|TAMS 0x0000000711c00000, 0x0000000711c00000| Complete 

Card table byte_map: [0x0000021aeb830000,0x0000021aec020000] _byte_map_base: 0x0000021ae8020000

Marking Bits (Prev, Next): (CMBitMap*) 0x0000021ad1be33b0, (CMBitMap*) 0x0000021ad1be33f0
 Prev Bits: [0x0000021aec810000, 0x0000021af0790000)
 Next Bits: [0x0000021af0790000, 0x0000021af4710000)

Polling page: 0x0000021ad1c70000

Metaspace:

Usage:
  Non-class:     24.51 MB capacity,    24.09 MB ( 98%) used,   404.45 KB (  2%) free+waste,    32.19 KB ( <1%) overhead. 
      Class:      3.19 MB capacity,     2.97 MB ( 93%) used,   205.12 KB (  6%) free+waste,    12.75 KB ( <1%) overhead. 
       Both:     27.70 MB capacity,    27.06 MB ( 98%) used,   609.56 KB (  2%) free+waste,    44.94 KB ( <1%) overhead. 

Virtual space:
  Non-class space:       26.00 MB reserved,      24.75 MB ( 95%) committed 
      Class space:        1.00 GB reserved,       3.25 MB ( <1%) committed 
             Both:        1.03 GB reserved,      28.00 MB (  3%) committed 

Chunk freelists:
   Non-Class:  52.00 KB
       Class:  2.00 KB
        Both:  54.00 KB

MaxMetaspaceSize: 17179869184.00 GB
CompressedClassSpaceSize: 1.00 GB

CodeHeap 'non-profiled nmethods': size=120000Kb used=3073Kb max_used=3073Kb free=116926Kb
 bounds [0x0000021ae30a0000, 0x0000021ae33b0000, 0x0000021aea5d0000]
CodeHeap 'profiled nmethods': size=120000Kb used=14015Kb max_used=14015Kb free=105984Kb
 bounds [0x0000021adbb70000, 0x0000021adc920000, 0x0000021ae30a0000]
CodeHeap 'non-nmethods': size=5760Kb used=1238Kb max_used=1348Kb free=4521Kb
 bounds [0x0000021adb5d0000, 0x0000021adb840000, 0x0000021adbb70000]
 total_blobs=6887 nmethods=6376 adapters=423
 compilation: enabled
              stopped_count=0, restarted_count=0
 full_count=0

Compilation events (20 events):
Event: 7.479 Thread 0x0000021af7b49930 nmethod 6390 0x0000021adc91bd90 code [0x0000021adc91bf60, 0x0000021adc91c408]
Event: 7.479 Thread 0x0000021af7b49930 6391       3       jdk.internal.org.objectweb.asm.ClassVisitor::<init> (7 bytes)
Event: 7.479 Thread 0x0000021af7b49930 nmethod 6391 0x0000021adc91c590 code [0x0000021adc91c740, 0x0000021adc91c868]
Event: 7.479 Thread 0x0000021af7b49930 6392       3       jdk.internal.org.objectweb.asm.ClassVisitor::<init> (88 bytes)
Event: 7.480 Thread 0x0000021af7b49930 nmethod 6392 0x0000021adc91c910 code [0x0000021adc91cb60, 0x0000021adc91d448]
Event: 7.480 Thread 0x0000021af7b49930 6393       3       jdk.internal.org.objectweb.asm.SymbolTable::<init> (41 bytes)
Event: 7.480 Thread 0x0000021af7b49930 nmethod 6393 0x0000021adc91d710 code [0x0000021adc91d8e0, 0x0000021adc91de78]
Event: 7.480 Thread 0x0000021af7b49930 6394       3       jdk.internal.org.objectweb.asm.SymbolTable::setMajorVersionAndClassName (19 bytes)
Event: 7.480 Thread 0x0000021af7b49930 nmethod 6394 0x0000021adc91e010 code [0x0000021adc91e1c0, 0x0000021adc91e3c8]
Event: 7.480 Thread 0x0000021af7b49930 6396       1       java.lang.invoke.LambdaForm$NamedFunction::intrinsicName (5 bytes)
Event: 7.480 Thread 0x0000021af7b49930 nmethod 6396 0x0000021ae339c590 code [0x0000021ae339c720, 0x0000021ae339c7d8]
Event: 7.507 Thread 0x0000021afa7d9f00 nmethod 6362 0x0000021ae339c890 code [0x0000021ae339cae0, 0x0000021ae339f108]
Event: 7.650 Thread 0x0000021afa7d9f00 6397       4       java.io.PrintStream::ensureOpen (18 bytes)
Event: 7.650 Thread 0x0000021af7b49930 6398  s    3       java.io.BufferedOutputStream::write (35 bytes)
Event: 7.651 Thread 0x0000021af7b49930 nmethod 6398 0x0000021adc91e510 code [0x0000021adc91e6c0, 0x0000021adc91ea88]
Event: 7.651 Thread 0x0000021af7b49930 6400   !   3       java.io.PrintStream::write (66 bytes)
Event: 7.651 Thread 0x0000021afa7d9f00 nmethod 6397 0x0000021ae33a0310 code [0x0000021ae33a0480, 0x0000021ae33a04f8]
Event: 7.652 Thread 0x0000021af7b49930 nmethod 6400 0x0000021adc91ec10 code [0x0000021adc91ee20, 0x0000021adc91f518]
Event: 7.652 Thread 0x0000021af7b49930 6399       3       org.fusesource.jansi.FilterPrintStream::write (17 bytes)
Event: 7.652 Thread 0x0000021af7b49930 nmethod 6399 0x0000021adc91f810 code [0x0000021adc91f9c0, 0x0000021adc91fcb8]

GC Heap History (14 events):
Event: 1.146 GC heap before
{Heap before GC invocations=0 (full 0):
 garbage-first heap   total 260096K, used 22528K [0x0000000702000000, 0x0000000800000000)
  region size 2048K, 11 young (22528K), 0 survivors (0K)
 Metaspace       used 5613K, capacity 7723K, committed 7808K, reserved 1056768K
  class space    used 628K, capacity 829K, committed 896K, reserved 1048576K
}
Event: 1.152 GC heap after
{Heap after GC invocations=1 (full 0):
 garbage-first heap   total 260096K, used 3504K [0x0000000702000000, 0x0000000800000000)
  region size 2048K, 2 young (4096K), 2 survivors (4096K)
 Metaspace       used 5613K, capacity 7723K, committed 7808K, reserved 1056768K
  class space    used 628K, capacity 829K, committed 896K, reserved 1048576K
}
Event: 1.818 GC heap before
{Heap before GC invocations=1 (full 0):
 garbage-first heap   total 260096K, used 30128K [0x0000000702000000, 0x0000000800000000)
  region size 2048K, 15 young (30720K), 2 survivors (4096K)
 Metaspace       used 9637K, capacity 11363K, committed 11648K, reserved 1058816K
  class space    used 1124K, capacity 1355K, committed 1408K, reserved 1048576K
}
Event: 1.825 GC heap after
{Heap after GC invocations=2 (full 0):
 garbage-first heap   total 260096K, used 5117K [0x0000000702000000, 0x0000000800000000)
  region size 2048K, 1 young (2048K), 1 survivors (2048K)
 Metaspace       used 9637K, capacity 11363K, committed 11648K, reserved 1058816K
  class space    used 1124K, capacity 1355K, committed 1408K, reserved 1048576K
}
Event: 4.594 GC heap before
{Heap before GC invocations=2 (full 0):
 garbage-first heap   total 260096K, used 91133K [0x0000000702000000, 0x0000000800000000)
  region size 2048K, 44 young (90112K), 1 survivors (2048K)
 Metaspace       used 20321K, capacity 21133K, committed 21296K, reserved 1069056K
  class space    used 2268K, capacity 2408K, committed 2432K, reserved 1048576K
}
Event: 4.604 GC heap after
{Heap after GC invocations=3 (full 0):
 garbage-first heap   total 260096K, used 10512K [0x0000000702000000, 0x0000000800000000)
  region size 2048K, 4 young (8192K), 4 survivors (8192K)
 Metaspace       used 20321K, capacity 21133K, committed 21296K, reserved 1069056K
  class space    used 2268K, capacity 2408K, committed 2432K, reserved 1048576K
}
Event: 5.305 GC heap before
{Heap before GC invocations=4 (full 0):
 garbage-first heap   total 49152K, used 30992K [0x0000000702000000, 0x0000000800000000)
  region size 2048K, 14 young (28672K), 4 survivors (8192K)
 Metaspace       used 23419K, capacity 23846K, committed 24064K, reserved 1071104K
  class space    used 2595K, capacity 2715K, committed 2816K, reserved 1048576K
}
Event: 5.323 GC heap after
{Heap after GC invocations=5 (full 0):
 garbage-first heap   total 49152K, used 16082K [0x0000000702000000, 0x0000000800000000)
  region size 2048K, 2 young (4096K), 2 survivors (4096K)
 Metaspace       used 23419K, capacity 23846K, committed 24064K, reserved 1071104K
  class space    used 2595K, capacity 2715K, committed 2816K, reserved 1048576K
}
Event: 5.610 GC heap before
{Heap before GC invocations=5 (full 0):
 garbage-first heap   total 49152K, used 32466K [0x0000000702000000, 0x0000000800000000)
  region size 2048K, 10 young (20480K), 2 survivors (4096K)
 Metaspace       used 24023K, capacity 24491K, committed 24576K, reserved 1071104K
  class space    used 2637K, capacity 2780K, committed 2816K, reserved 1048576K
}
Event: 5.624 GC heap after
{Heap after GC invocations=6 (full 0):
 garbage-first heap   total 49152K, used 20863K [0x0000000702000000, 0x0000000800000000)
  region size 2048K, 2 young (4096K), 2 survivors (4096K)
 Metaspace       used 24023K, capacity 24491K, committed 24576K, reserved 1071104K
  class space    used 2637K, capacity 2780K, committed 2816K, reserved 1048576K
}
Event: 6.161 GC heap before
{Heap before GC invocations=6 (full 0):
 garbage-first heap   total 49152K, used 33151K [0x0000000702000000, 0x0000000800000000)
  region size 2048K, 8 young (16384K), 2 survivors (4096K)
 Metaspace       used 25712K, capacity 26179K, committed 26368K, reserved 1073152K
  class space    used 2824K, capacity 2980K, committed 3072K, reserved 1048576K
}
Event: 6.185 GC heap after
{Heap after GC invocations=7 (full 0):
 garbage-first heap   total 49152K, used 22842K [0x0000000702000000, 0x0000000800000000)
  region size 2048K, 1 young (2048K), 1 survivors (2048K)
 Metaspace       used 25712K, capacity 26179K, committed 26368K, reserved 1073152K
  class space    used 2824K, capacity 2980K, committed 3072K, reserved 1048576K
}
Event: 6.442 GC heap before
{Heap before GC invocations=7 (full 0):
 garbage-first heap   total 49152K, used 35130K [0x0000000702000000, 0x0000000800000000)
  region size 2048K, 7 young (14336K), 1 survivors (2048K)
 Metaspace       used 25958K, capacity 26435K, committed 26624K, reserved 1073152K
  class space    used 2826K, capacity 2980K, committed 3072K, reserved 1048576K
}
Event: 6.453 GC heap after
{Heap after GC invocations=8 (full 0):
 garbage-first heap   total 155648K, used 23905K [0x0000000702000000, 0x0000000800000000)
  region size 2048K, 1 young (2048K), 1 survivors (2048K)
 Metaspace       used 25958K, capacity 26435K, committed 26624K, reserved 1073152K
  class space    used 2826K, capacity 2980K, committed 3072K, reserved 1048576K
}

Deoptimization events (20 events):
Event: 7.271 Thread 0x0000021ad1b92580 Uncommon trap: trap_request=0xffffff45 fr.pc=0x0000021ae32b7d6c relative=0x000000000000024c
Event: 7.271 Thread 0x0000021ad1b92580 Uncommon trap: reason=unstable_if action=reinterpret pc=0x0000021ae32b7d6c method=java.lang.StringLatin1.lastIndexOf([BI[BII)I @ 86 c2
Event: 7.271 Thread 0x0000021ad1b92580 DEOPT PACKING pc=0x0000021ae32b7d6c sp=0x00000047c11fcf90
Event: 7.271 Thread 0x0000021ad1b92580 DEOPT UNPACKING pc=0x0000021adb61e42f sp=0x00000047c11fcdd8 mode 2
Event: 7.302 Thread 0x0000021ad1b92580 Uncommon trap: trap_request=0xffffff45 fr.pc=0x0000021ae3291b30 relative=0x0000000000000110
Event: 7.302 Thread 0x0000021ad1b92580 Uncommon trap: reason=unstable_if action=reinterpret pc=0x0000021ae3291b30 method=java.lang.StringLatin1.lastIndexOf([BI[BII)I @ 86 c2
Event: 7.302 Thread 0x0000021ad1b92580 DEOPT PACKING pc=0x0000021ae3291b30 sp=0x00000047c11fce80
Event: 7.302 Thread 0x0000021ad1b92580 DEOPT UNPACKING pc=0x0000021adb61e42f sp=0x00000047c11fcdd8 mode 2
Event: 7.377 Thread 0x0000021ad1b92580 Uncommon trap: trap_request=0xffffff45 fr.pc=0x0000021ae33585c8 relative=0x0000000000000948
Event: 7.377 Thread 0x0000021ad1b92580 Uncommon trap: reason=unstable_if action=reinterpret pc=0x0000021ae33585c8 method=java.lang.ThreadLocal$ThreadLocalMap.getEntry(Ljava/lang/ThreadLocal;)Ljava/lang/ThreadLocal$ThreadLocalMap$Entry; @ 29 c2
Event: 7.377 Thread 0x0000021ad1b92580 DEOPT PACKING pc=0x0000021ae33585c8 sp=0x00000047c11fd560
Event: 7.377 Thread 0x0000021ad1b92580 DEOPT UNPACKING pc=0x0000021adb61e42f sp=0x00000047c11fd450 mode 2
Event: 7.377 Thread 0x0000021ad1b92580 Uncommon trap: trap_request=0xffffff45 fr.pc=0x0000021ae31b6860 relative=0x0000000000000140
Event: 7.377 Thread 0x0000021ad1b92580 Uncommon trap: reason=unstable_if action=reinterpret pc=0x0000021ae31b6860 method=java.lang.ThreadLocal$ThreadLocalMap.getEntry(Ljava/lang/ThreadLocal;)Ljava/lang/ThreadLocal$ThreadLocalMap$Entry; @ 29 c2
Event: 7.377 Thread 0x0000021ad1b92580 DEOPT PACKING pc=0x0000021ae31b6860 sp=0x00000047c11fd510
Event: 7.377 Thread 0x0000021ad1b92580 DEOPT UNPACKING pc=0x0000021adb61e42f sp=0x00000047c11fd450 mode 2
Event: 7.377 Thread 0x0000021ad1b92580 Uncommon trap: trap_request=0xffffff45 fr.pc=0x0000021ae33551fc relative=0x00000000000019fc
Event: 7.377 Thread 0x0000021ad1b92580 Uncommon trap: reason=unstable_if action=reinterpret pc=0x0000021ae33551fc method=java.lang.ThreadLocal$ThreadLocalMap.getEntry(Ljava/lang/ThreadLocal;)Ljava/lang/ThreadLocal$ThreadLocalMap$Entry; @ 29 c2
Event: 7.377 Thread 0x0000021ad1b92580 DEOPT PACKING pc=0x0000021ae33551fc sp=0x00000047c11fc590
Event: 7.377 Thread 0x0000021ad1b92580 DEOPT UNPACKING pc=0x0000021adb61e42f sp=0x00000047c11fc448 mode 2

Classes unloaded (0 events):
No events

Classes redefined (0 events):
No events

Internal exceptions (20 events):
Event: 6.624 Thread 0x0000021ad1b92580 Exception <a 'sun/nio/fs/WindowsException'{0x0000000707f5f920}> (0x0000000707f5f920) 
thrown [./open/src/hotspot/share/prims/jni.cpp, line 578]
Event: 6.636 Thread 0x0000021ad1b92580 Exception <a 'sun/nio/fs/WindowsException'{0x0000000707c09450}> (0x0000000707c09450) 
thrown [./open/src/hotspot/share/prims/jni.cpp, line 578]
Event: 6.643 Thread 0x0000021ad1b92580 Exception <a 'sun/nio/fs/WindowsException'{0x0000000707c8f300}> (0x0000000707c8f300) 
thrown [./open/src/hotspot/share/prims/jni.cpp, line 578]
Event: 6.648 Thread 0x0000021ad1b92580 Exception <a 'sun/nio/fs/WindowsException'{0x0000000707ca0dd8}> (0x0000000707ca0dd8) 
thrown [./open/src/hotspot/share/prims/jni.cpp, line 578]
Event: 6.656 Thread 0x0000021ad1b92580 Exception <a 'sun/nio/fs/WindowsException'{0x0000000707d23b58}> (0x0000000707d23b58) 
thrown [./open/src/hotspot/share/prims/jni.cpp, line 578]
Event: 7.407 Thread 0x0000021ad1b92580 Exception <a 'sun/nio/fs/WindowsException'{0x00000007059974c0}> (0x00000007059974c0) 
thrown [./open/src/hotspot/share/prims/jni.cpp, line 578]
Event: 7.407 Thread 0x0000021ad1b92580 Exception <a 'sun/nio/fs/WindowsException'{0x0000000705997748}> (0x0000000705997748) 
thrown [./open/src/hotspot/share/prims/jni.cpp, line 578]
Event: 7.407 Thread 0x0000021ad1b92580 Exception <a 'sun/nio/fs/WindowsException'{0x0000000705997f90}> (0x0000000705997f90) 
thrown [./open/src/hotspot/share/prims/jni.cpp, line 578]
Event: 7.407 Thread 0x0000021ad1b92580 Exception <a 'sun/nio/fs/WindowsException'{0x0000000705998210}> (0x0000000705998210) 
thrown [./open/src/hotspot/share/prims/jni.cpp, line 578]
Event: 7.419 Thread 0x0000021ad1b92580 Exception <a 'sun/nio/fs/WindowsException'{0x00000007059b9450}> (0x00000007059b9450) 
thrown [./open/src/hotspot/share/prims/jni.cpp, line 578]
Event: 7.419 Thread 0x0000021ad1b92580 Exception <a 'sun/nio/fs/WindowsException'{0x00000007059b9778}> (0x00000007059b9778) 
thrown [./open/src/hotspot/share/prims/jni.cpp, line 578]
Event: 7.421 Thread 0x0000021ad1b92580 Exception <a 'sun/nio/fs/WindowsException'{0x00000007059bf6c8}> (0x00000007059bf6c8) 
thrown [./open/src/hotspot/share/prims/jni.cpp, line 578]
Event: 7.421 Thread 0x0000021ad1b92580 Exception <a 'sun/nio/fs/WindowsException'{0x00000007059bf9f0}> (0x00000007059bf9f0) 
thrown [./open/src/hotspot/share/prims/jni.cpp, line 578]
Event: 7.422 Thread 0x0000021ad1b92580 Exception <a 'sun/nio/fs/WindowsException'{0x00000007059c22c0}> (0x00000007059c22c0) 
thrown [./open/src/hotspot/share/prims/jni.cpp, line 578]
Event: 7.423 Thread 0x0000021ad1b92580 Exception <a 'sun/nio/fs/WindowsException'{0x00000007059c3890}> (0x00000007059c3890) 
thrown [./open/src/hotspot/share/prims/jni.cpp, line 578]
Event: 7.474 Thread 0x0000021ad1b92580 Exception <a 'java/lang/NoSuchMethodError'{0x00000007057290d8}: 'void java.lang.invoke.DirectMethodHandle$Holder.invokeStatic(java.lang.Object, long)'> (0x00000007057290d8) 
thrown [./open/src/hotspot/share/interpreter/linkResolver.cpp, line 782]
Event: 7.475 Thread 0x0000021ad1b92580 Exception <a 'java/lang/NoSuchMethodError'{0x000000070572e9b0}: 'java.lang.Object java.lang.invoke.DirectMethodHandle$Holder.newInvokeSpecial(java.lang.Object, long)'> (0x000000070572e9b0) 
thrown [./open/src/hotspot/share/interpreter/linkResolver.cpp, line 782]
Event: 7.478 Thread 0x0000021ad1b92580 Exception <a 'java/lang/NoSuchMethodError'{0x00000007057391e8}: 'java.lang.Object java.lang.invoke.DirectMethodHandle$Holder.invokeStaticInit(java.lang.Object, java.lang.Object, long, java.lang.Object)'> (0x00000007057391e8) 
thrown [./open/src/hotspot/share/interpreter/linkResolver.cpp, line 782]
Event: 7.479 Thread 0x0000021ad1b92580 Exception <a 'java/lang/NoSuchMethodError'{0x000000070573fc88}: 'java.lang.Object java.lang.invoke.DirectMethodHandle$Holder.newInvokeSpecial(java.lang.Object, java.lang.Object, long)'> (0x000000070573fc88) 
thrown [./open/src/hotspot/share/interpreter/linkResolver.cpp, line 782]
Event: 7.479 Thread 0x0000021ad1b92580 Exception <a 'java/lang/NoSuchMethodError'{0x00000007057439f8}: 'java.lang.Object java.lang.invoke.Invokers$Holder.linkToTargetMethod(java.lang.Object, long, java.lang.Object)'> (0x00000007057439f8) 
thrown [./open/src/hotspot/share/interpreter/linkResolver.cpp, line 782]

Events (20 events):
Event: 7.481 loading class java/util/concurrent/SynchronousQueue$Transferer
Event: 7.481 loading class java/util/concurrent/SynchronousQueue$Transferer done
Event: 7.481 loading class java/util/concurrent/SynchronousQueue$TransferStack done
Event: 7.481 loading class java/util/concurrent/SynchronousQueue$TransferStack$SNode
Event: 7.481 loading class java/util/concurrent/SynchronousQueue$TransferStack$SNode done
Event: 7.481 loading class java/lang/ProcessImpl$2
Event: 7.481 loading class java/lang/ProcessImpl$2 done
Event: 7.481 loading class java/lang/Process$PipeInputStream
Event: 7.481 loading class java/lang/Process$PipeInputStream done
Event: 7.482 Executing VM operation: HandshakeAllThreads
Event: 7.482 Executing VM operation: HandshakeAllThreads done
Event: 7.483 loading class jdk/internal/event/ProcessStartEvent
Event: 7.483 loading class jdk/internal/event/Event
Event: 7.483 loading class jdk/internal/event/Event done
Event: 7.483 loading class jdk/internal/event/ProcessStartEvent done
Event: 7.484 loading class java/io/PipedOutputStream
Event: 7.484 loading class java/io/PipedOutputStream done
Event: 7.485 Thread 0x0000021af97a7c90 Thread added: 0x0000021af97a7c90
Event: 7.485 Thread 0x0000021af97a8160 Thread added: 0x0000021af97a8160
Event: 7.485 Thread 0x0000021afa3dff70 Thread added: 0x0000021afa3dff70


Dynamic libraries:
0x00007ff7a4400000 - 0x00007ff7a440f000 	C:\Program Files\Java\jdk-15.0.1\bin\javaw.exe
0x00007ffaf1bd0000 - 0x00007ffaf1dc6000 	C:\WINDOWS\SYSTEM32\ntdll.dll
0x00007ffaefea0000 - 0x00007ffaeff5d000 	C:\WINDOWS\System32\KERNEL32.DLL
0x00007ffaef7f0000 - 0x00007ffaefab9000 	C:\WINDOWS\System32\KERNELBASE.dll
0x00007ffaef310000 - 0x00007ffaef410000 	C:\WINDOWS\System32\ucrtbase.dll
0x00007ffabd6b0000 - 0x00007ffabd6c9000 	C:\Program Files\Java\jdk-15.0.1\bin\VCRUNTIME140.dll
0x00007ffabdea0000 - 0x00007ffabdeb8000 	C:\Program Files\Java\jdk-15.0.1\bin\jli.dll
0x00007ffaf0750000 - 0x00007ffaf07fc000 	C:\WINDOWS\System32\ADVAPI32.dll
0x00007ffaf06b0000 - 0x00007ffaf074e000 	C:\WINDOWS\System32\msvcrt.dll
0x00007ffaf1990000 - 0x00007ffaf1a2c000 	C:\WINDOWS\System32\sechost.dll
0x00007ffaf0f20000 - 0x00007ffaf104b000 	C:\WINDOWS\System32\RPCRT4.dll
0x00007ffaf1490000 - 0x00007ffaf1630000 	C:\WINDOWS\System32\USER32.dll
0x00007ffaef410000 - 0x00007ffaef432000 	C:\WINDOWS\System32\win32u.dll
0x00007ffaefe70000 - 0x00007ffaefe9a000 	C:\WINDOWS\System32\GDI32.dll
0x00007ffaefac0000 - 0x00007ffaefbc9000 	C:\WINDOWS\System32\gdi32full.dll
0x00007ffac9790000 - 0x00007ffac9a2b000 	C:\WINDOWS\WinSxS\amd64_microsoft.windows.common-controls_6595b64144ccf1df_6.0.19041.488_none_ca04af081b815d21\COMCTL32.dll
0x00007ffaef6a0000 - 0x00007ffaef73d000 	C:\WINDOWS\System32\msvcp_win.dll
0x00007ffae6e50000 - 0x00007ffae6e5a000 	C:\WINDOWS\SYSTEM32\VERSION.dll
0x00007ffaf1100000 - 0x00007ffaf1130000 	C:\WINDOWS\System32\IMM32.DLL
0x00007ffadb2e0000 - 0x00007ffadb2ec000 	C:\Program Files\Java\jdk-15.0.1\bin\vcruntime140_1.dll
0x00007ffaaec90000 - 0x00007ffaaed21000 	C:\Program Files\Java\jdk-15.0.1\bin\msvcp140.dll
0x00007ffa9f120000 - 0x00007ffa9fc7e000 	C:\Program Files\Java\jdk-15.0.1\bin\server\jvm.dll
0x00007ffaf17e0000 - 0x00007ffaf17e8000 	C:\WINDOWS\System32\PSAPI.DLL
0x00007ffac0f10000 - 0x00007ffac0f19000 	C:\WINDOWS\SYSTEM32\WSOCK32.dll
0x00007ffadfc00000 - 0x00007ffadfc27000 	C:\WINDOWS\SYSTEM32\WINMM.dll
0x00007ffaf17f0000 - 0x00007ffaf185b000 	C:\WINDOWS\System32\WS2_32.dll
0x00007ffaedbf0000 - 0x00007ffaedc02000 	C:\WINDOWS\SYSTEM32\kernel.appcore.dll
0x00007ffac0e00000 - 0x00007ffac0e0a000 	C:\Program Files\Java\jdk-15.0.1\bin\jimage.dll
0x00007ffaed0e0000 - 0x00007ffaed2c4000 	C:\WINDOWS\SYSTEM32\DBGHELP.DLL
0x00007ffadcd50000 - 0x00007ffadcd7c000 	C:\WINDOWS\SYSTEM32\dbgcore.DLL
0x00007ffaef620000 - 0x00007ffaef6a0000 	C:\WINDOWS\System32\bcryptPrimitives.dll
0x00007ffabd680000 - 0x00007ffabd6a5000 	C:\Program Files\Java\jdk-15.0.1\bin\java.dll
0x00007ffaeff60000 - 0x00007ffaf06a2000 	C:\WINDOWS\System32\SHELL32.dll
0x00007ffaed440000 - 0x00007ffaedbd5000 	C:\WINDOWS\SYSTEM32\windows.storage.dll
0x00007ffaf1130000 - 0x00007ffaf1486000 	C:\WINDOWS\System32\combase.dll
0x00007ffaeed80000 - 0x00007ffaeedac000 	C:\WINDOWS\SYSTEM32\Wldp.dll
0x00007ffaf0810000 - 0x00007ffaf08be000 	C:\WINDOWS\System32\SHCORE.dll
0x00007ffaf0920000 - 0x00007ffaf0975000 	C:\WINDOWS\System32\shlwapi.dll
0x00007ffaef240000 - 0x00007ffaef266000 	C:\WINDOWS\SYSTEM32\profapi.dll
0x00007ffabd660000 - 0x00007ffabd679000 	C:\Program Files\Java\jdk-15.0.1\bin\net.dll
0x00007ffae1370000 - 0x00007ffae1470000 	C:\WINDOWS\SYSTEM32\WINHTTP.dll
0x00007ffaeeb00000 - 0x00007ffaeeb6a000 	C:\WINDOWS\system32\mswsock.dll
0x00007ffabc680000 - 0x00007ffabc692000 	C:\Program Files\Java\jdk-15.0.1\bin\nio.dll
0x00007ffabc660000 - 0x00007ffabc678000 	C:\Program Files\Java\jdk-15.0.1\bin\zip.dll
0x00007ffaec370000 - 0x00007ffaec380000 	C:\Program Files\Java\jdk-15.0.1\bin\verify.dll
0x00007ffaeecd0000 - 0x00007ffaeece8000 	C:\WINDOWS\SYSTEM32\CRYPTSP.dll
0x00007ffaee420000 - 0x00007ffaee454000 	C:\WINDOWS\system32\rsaenh.dll
0x00007ffaef5a0000 - 0x00007ffaef5c7000 	C:\WINDOWS\System32\bcrypt.dll
0x00007ffaef1c0000 - 0x00007ffaef1ee000 	C:\WINDOWS\SYSTEM32\USERENV.dll
0x00007ffaeecf0000 - 0x00007ffaeecfc000 	C:\WINDOWS\SYSTEM32\CRYPTBASE.dll
0x00007ffaee7a0000 - 0x00007ffaee7db000 	C:\WINDOWS\SYSTEM32\IPHLPAPI.DLL
0x00007ffaf0800000 - 0x00007ffaf0808000 	C:\WINDOWS\System32\NSI.dll
0x00007ffae6140000 - 0x00007ffae6157000 	C:\WINDOWS\SYSTEM32\dhcpcsvc6.DLL
0x00007ffae6e10000 - 0x00007ffae6e2d000 	C:\WINDOWS\SYSTEM32\dhcpcsvc.DLL
0x00007ffaee7e0000 - 0x00007ffaee8ab000 	C:\WINDOWS\SYSTEM32\DNSAPI.dll
0x00007ffae92f0000 - 0x00007ffae92fa000 	C:\Users\shamm\AppData\Local\Temp\jansi-1.17.1-12469991800435815635.dll
0x00007ffae8f40000 - 0x00007ffae8f4a000 	C:\Users\shamm\AppData\Local\Temp\jansi-1.17.1-17604798836831102568.dll

dbghelp: loaded successfully - version: 4.0.5 - missing functions: none
symbol engine: initialized successfully - sym options: 0x614 - pdb path: .;C:\Program Files\Java\jdk-15.0.1\bin;C:\WINDOWS\SYSTEM32;C:\WINDOWS\WinSxS\amd64_microsoft.windows.common-controls_6595b64144ccf1df_6.0.19041.488_none_ca04af081b815d21;C:\Program Files\Java\jdk-15.0.1\bin\server;C:\Users\shamm\AppData\Local\Temp

VM Arguments:
jvm_args: -Dmaven.home=EMBEDDED -Dclassworlds.conf=C:\Users\shamm\eclipse-workspace\.metadata\.plugins\org.eclipse.m2e.launching\launches\m2conf5556730285336329172.tmp -Dmaven.multiModuleProjectDirectory=C:\Users\shamm\git\local_COMP2042_CW_sham\TryFrog1 -Dfile.encoding=Cp1252 -XX:+ShowCodeDetailsInExceptionMessages 
java_command: org.codehaus.plexus.classworlds.launcher.Launcher -B clean javafx:run
java_class_path (initial): C:\Users\shamm\.p2\pool\plugins\org.eclipse.m2e.maven.runtime_1.16.0.20200610-1735\jars\plexus-classworlds-2.6.0.jar
Launcher Type: SUN_STANDARD

[Global flags]
     intx CICompilerCount                          = 4                                         {product} {ergonomic}
     uint ConcGCThreads                            = 2                                         {product} {ergonomic}
     uint G1ConcRefinementThreads                  = 8                                         {product} {ergonomic}
   size_t G1HeapRegionSize                         = 2097152                                   {product} {ergonomic}
    uintx GCDrainStackTargetSize                   = 64                                        {product} {ergonomic}
   size_t InitialHeapSize                          = 266338304                                 {product} {ergonomic}
   size_t MarkStackSize                            = 4194304                                   {product} {ergonomic}
   size_t MaxHeapSize                              = 4261412864                                {product} {ergonomic}
   size_t MaxNewSize                               = 2556428288                                {product} {ergonomic}
   size_t MinHeapDeltaBytes                        = 2097152                                   {product} {ergonomic}
   size_t MinHeapSize                              = 8388608                                   {product} {ergonomic}
    uintx NonNMethodCodeHeapSize                   = 5839372                                {pd product} {ergonomic}
    uintx NonProfiledCodeHeapSize                  = 122909434                              {pd product} {ergonomic}
    uintx ProfiledCodeHeapSize                     = 122909434                              {pd product} {ergonomic}
    uintx ReservedCodeCacheSize                    = 251658240                              {pd product} {ergonomic}
     bool SegmentedCodeCache                       = true                                      {product} {ergonomic}
     bool ShowCodeDetailsInExceptionMessages       = true                                   {manageable} {command line}
   size_t SoftMaxHeapSize                          = 4261412864                             {manageable} {ergonomic}
     bool UseCompressedClassPointers               = true                                 {lp64_product} {ergonomic}
     bool UseCompressedOops                        = true                                 {lp64_product} {ergonomic}
     bool UseG1GC                                  = true                                      {product} {ergonomic}
     bool UseLargePagesIndividualAllocation        = false                                  {pd product} {ergonomic}

Logging:
Log output configuration:
 #0: stdout all=warning uptime,level,tags
 #1: stderr all=off uptime,level,tags

Environment Variables:
PATH=C:\Program Files\Common Files\Oracle\Java\javapath;C:\Program Files\Microsoft MPI\Bin\;C:\Windows\system32;C:\Windows;C:\Windows\System32\Wbem;C:\Windows\System32\WindowsPowerShell\v1.0\;C:\Program Files (x86)\NVIDIA Corporation\PhysX\Common;C:\WINDOWS\system32;C:\WINDOWS;C:\WINDOWS\System32\Wbem;C:\WINDOWS\System32\WindowsPowerShell\v1.0\;C:\WINDOWS\System32\OpenSSH\;C:\MinGW\bin;C:\Program Files\PuTTY\;C:\Program Files\Java\jdk-13.0.1\bin;C:\PHP7;C:\Program Files (x86)\Microsoft SQL Server\150\Tools\Binn\;C:\Program Files\Microsoft SQL Server\150\Tools\Binn\;C:\Program Files (x86)\Microsoft SQL Server\150\DTS\Binn\;C:\Program Files\Microsoft SQL Server\150\DTS\Binn\;C:\Program Files\Microsoft SQL Server\Client SDK\ODBC\170\Tools\Binn\;c:\Program Files (x86)\Intel\Intel(R) Management Engine Components\DAL;c:\Program Files\Intel\Intel(R) Management Engine Components\DAL;C:\Program Files\NVIDIA Corporation\NVIDIA NvDLISR;C:\Users\shamm\AppData\Roaming\local\bin;C:\Users\shamm\AppData\Local\Microsoft\WindowsApps;C:\Users\shamm\AppData\Local\Programs\Microsoft VS Code\bin;C:\MinGW;
USERNAME=shamm
OS=Windows_NT
PROCESSOR_IDENTIFIER=Intel64 Family 6 Model 142 Stepping 10, GenuineIntel



---------------  S Y S T E M  ---------------

OS:
 Windows 10 , 64 bit Build 19041 (10.0.19041.662)
OS uptime: 0 days 12:57 hours

CPU: total 8 (initial active 8) (4 cores per cpu, 2 threads per core) family 6 model 142 stepping 10 microcode 0xc6, cmov, cx8, fxsr, mmx, sse, sse2, sse3, ssse3, sse4.1, sse4.2, popcnt, vzeroupper, avx, avx2, aes, clmul, erms, 3dnowpref, lzcnt, ht, tsc, tscinvbit, bmi1, bmi2, adx, fma, clflush, clflushopt

Memory: 4k page, system-wide physical 16250M (7526M free)
TotalPageFile size 31353M (AvailPageFile size 72M)
current process WorkingSet (physical memory assigned to process): 233M, peak: 236M
current process commit charge ("private bytes"): 286M, peak: 393M

vm_info: Java HotSpot(TM) 64-Bit Server VM (15.0.1+9-18) for windows-amd64 JRE (15.0.1+9-18), built on Sep 15 2020 14:43:54 by "mach5one" with unknown MS VC++:1925

END.
